#
# A fatal error has been detected by the Java Runtime Environment:
#
#  SIGSEGV (0xb) at pc=0x00007f049d069a7a, pid=4334, tid=0x00007f04841b1700
#
# JRE version: Java(TM) SE Runtime Environment (8.0_102-b14) (build 1.8.0_102-b14)
# Java VM: Java HotSpot(TM) 64-Bit Server VM (25.102-b14 mixed mode linux-amd64 compressed oops)
# Problematic frame:
# v  ~BufferBlob::jni_fast_GetLongField
#
# Failed to write core dump. Core dumps have been disabled. To enable core dumping, try "ulimit -c unlimited" before starting Java again
#
# If you would like to submit a bug report, please visit:
#   http://bugreport.java.com/bugreport/crash.jsp
# The crash happened outside the Java Virtual Machine in native code.
# See problematic frame for where to report the bug.
#

---------------  T H R E A D  ---------------

Current thread (0x00007f04ac238800):  JavaThread "AWT-XAWT" daemon [_thread_in_native, id=4355, stack(0x00007f04840b1000,0x00007f04841b2000)]

siginfo: si_signo: 11 (SIGSEGV), si_code: 1 (SEGV_MAPERR), si_addr: 0x0000000000000000

Registers:
RAX=0x00007f04b2c01f60, RBX=0x00007f04ac2389f8, RCX=0x00007f04b36692c0, RDX=0x0000000000000042
RSP=0x00007f04841b0838, RBP=0x00007f04841b0860, RSI=0x0000000000000000, RDI=0x00007f04ac2389f8
R8 =0x00000000d8d13a20, R9 =0x0000000000000000, R10=0x000000000000018c, R11=0x00007f049d3708d8
R12=0x00007f044807dfa0, R13=0x0000000000000000, R14=0x00007f0485f427e0, R15=0x00007f04ac238800
RIP=0x00007f049d069a7a, EFLAGS=0x0000000000010246, CSGSFS=0x0000000000000033, ERR=0x0000000000000004
  TRAPNO=0x000000000000000e

Top of Stack: (sp=0x00007f04841b0838)
0x00007f04841b0838:   00007f0485d20ef1 00007f0487c92fe0
0x00007f04841b0848:   00007f044807dfa0 00007f04841b0910
0x00007f04841b0858:   00007f04841b08e0 0000000000000000
0x00007f04841b0868:   00007f04858023c0 00007f0487c92fe0
0x00007f04841b0878:   00007f04841b08a0 0000000000000000
0x00007f04841b0888:   00007f04857f9f93 00007f04841b0910
0x00007f04841b0898:   00007f0485d1a12f 00007f04841b08f0
0x00007f04841b08a8:   00007f049d370976 0000000000000000
0x00007f04841b08b8:   00007f049d22fd36 00007f04841b0910
0x00007f04841b08c8:   00007f049d16392c 00000000d8ffa1b8
0x00007f04841b08d8:   00007f049d86418c 00000000850798d0
0x00007f04841b08e8:   0000000000000000 00007f04841b0970
0x00007f04841b08f8:   00007f049d007a90 00007f04841b0970
0x00007f04841b0908:   00007f049d007a90 0000000000000000
0x00007f04841b0918:   00007f049d007dd0 00007f045c000e30
0x00007f04841b0928:   00000000d8ffa1b8 00007f04841b0930
0x00007f04841b0938:   00007f0487c72d7c 00007f04841b09b8
0x00007f04841b0948:   00007f0487c7bd18 0000000000000000
0x00007f04841b0958:   00007f0487c72eb8 00007f04841b0910
0x00007f04841b0968:   00007f04841b09b0 00007f04841b0a00
0x00007f04841b0978:   00007f049d0082bd 0000000000000000
0x00007f04841b0988:   00000000d81de0e0 0000000000000000
0x00007f04841b0998:   0000000000000000 0000000000000000
0x00007f04841b09a8:   00000000d8ffa1b8 0000000000000000
0x00007f04841b09b8:   00000000d8d4d1f0 00007f04841b09c0
0x00007f04841b09c8:   00007f0487c72bbd 00007f04841b0a10
0x00007f04841b09d8:   00007f0487c7bd18 0000000000000000
0x00007f04841b09e8:   00007f0487c72bc8 00007f04841b09b0
0x00007f04841b09f8:   00007f04841b0a10 00007f04841b0a58
0x00007f04841b0a08:   00007f049d008302 00000000d8d4d1f0
0x00007f04841b0a18:   00007f04841b0a18 00007f048782d94b
0x00007f04841b0a28:   00007f04841b0a68 00007f04878b4fd0 

Instructions: (pc=0x00007f049d069a7a)
0x00007f049d069a5a:   00 00 00 00 00 00 44 8b 15 61 7f bd 15 4c 8b ce
0x00007f049d069a6a:   41 f6 c2 01 0f 85 2e 00 00 00 4d 33 ca 4d 33 ca
0x00007f049d069a7a:   4d 8b 09 4c 8b da 49 c1 eb 02 4b 8b 04 19 49 bb
0x00007f049d069a8a:   c8 19 c4 b2 04 7f 00 00 4c 33 d8 4c 33 d8 45 3b 

Register to memory mapping:

RAX=0x00007f04b2c01f60: <offset 0xf83f60> in /home/ankurdengla/jdk1.8.0_102/jre/lib/amd64/server/libjvm.so at 0x00007f04b1c7e000
RBX=0x00007f04ac2389f8 is an unknown value
RCX=0x00007f04b36692c0: <offset 0x2182c0> in /lib/x86_64-linux-gnu/libpthread.so.0 at 0x00007f04b3451000
RDX=0x0000000000000042 is an unknown value
RSP=0x00007f04841b0838 is pointing into the stack for thread: 0x00007f04ac238800
RBP=0x00007f04841b0860 is pointing into the stack for thread: 0x00007f04ac238800
RSI=0x0000000000000000 is an unknown value
RDI=0x00007f04ac2389f8 is an unknown value
R8 =0x00000000d8d13a20 is an oop
sun.util.logging.PlatformLogger$Level 
 - klass: 'sun/util/logging/PlatformLogger$Level'
R9 =0x0000000000000000 is an unknown value
R10=0x000000000000018c is an unknown value
R11=0x00007f049d3708d8 is at entry_point+24 in (nmethod*)0x00007f049d370750
R12=0x00007f044807dfa0 is an unknown value
R13=0x0000000000000000 is an unknown value
R14=0x00007f0485f427e0: <offset 0x2587e0> in /home/ankurdengla/jdk1.8.0_102/jre/lib/amd64/libawt_xawt.so at 0x00007f0485cea000
R15=0x00007f04ac238800 is a thread


Stack: [0x00007f04840b1000,0x00007f04841b2000],  sp=0x00007f04841b0838,  free space=1022k
Native frames: (J=compiled Java code, j=interpreted, Vv=VM code, C=native code)
v  ~BufferBlob::jni_fast_GetLongField
C  [libX11.so.6+0x643c0]  _XimServerDestroy+0x70

Java frames: (J=compiled Java code, j=interpreted, Vv=VM code)
J 994  sun.awt.X11.XlibWrapper.XFilterEvent(JJ)Z (0 bytes) @ 0x00007f049d370904 [0x00007f049d3708c0+0x44]
j  sun.awt.X11.XToolkit.run(Z)V+300
j  sun.awt.X11.XToolkit.run()V+5
j  java.lang.Thread.run()V+11
v  ~StubRoutines::call_stub

---------------  P R O C E S S  ---------------

Java Threads: ( => current thread )
  0x00007f04480cc000 JavaThread "Abandoned connection cleanup thread" daemon [_thread_blocked, id=4362, stack(0x00007f04573d4000,0x00007f04574d5000)]
  0x00007f044818b800 JavaThread "TimerQueue" daemon [_thread_blocked, id=4361, stack(0x00007f0456c18000,0x00007f0456d19000)]
  0x00007f04ac00a000 JavaThread "DestroyJavaVM" [_thread_blocked, id=4338, stack(0x00007f04b376d000,0x00007f04b386e000)]
  0x00007f04ac2c3000 JavaThread "AWT-EventQueue-0" [_thread_blocked, id=4357, stack(0x00007f04576d5000,0x00007f04577d6000)]
  0x00007f04ac269800 JavaThread "AWT-Shutdown" [_thread_blocked, id=4356, stack(0x00007f04577d6000,0x00007f04578d7000)]
=>0x00007f04ac238800 JavaThread "AWT-XAWT" daemon [_thread_in_native, id=4355, stack(0x00007f04840b1000,0x00007f04841b2000)]
  0x00007f04ac220800 JavaThread "Java2D Disposer" daemon [_thread_blocked, id=4354, stack(0x00007f04845c2000,0x00007f04846c3000)]
  0x00007f04ac0c8000 JavaThread "Service Thread" daemon [_thread_blocked, id=4352, stack(0x00007f0486316000,0x00007f0486417000)]
  0x00007f04ac0bd000 JavaThread "C1 CompilerThread2" daemon [_thread_blocked, id=4351, stack(0x00007f0486417000,0x00007f0486518000)]
  0x00007f04ac0bb000 JavaThread "C2 CompilerThread1" daemon [_thread_blocked, id=4350, stack(0x00007f0486518000,0x00007f0486619000)]
  0x00007f04ac0b8000 JavaThread "C2 CompilerThread0" daemon [_thread_blocked, id=4349, stack(0x00007f0486619000,0x00007f048671a000)]
  0x00007f04ac0b6800 JavaThread "Signal Dispatcher" daemon [_thread_blocked, id=4348, stack(0x00007f048671a000,0x00007f048681b000)]
  0x00007f04ac084000 JavaThread "Finalizer" daemon [_thread_blocked, id=4346, stack(0x00007f0486af3000,0x00007f0486bf4000)]
  0x00007f04ac07f800 JavaThread "Reference Handler" daemon [_thread_blocked, id=4345, stack(0x00007f0486bf4000,0x00007f0486cf5000)]

Other Threads:
  0x00007f04ac077800 VMThread [stack: 0x00007f0486cf5000,0x00007f0486df6000] [id=4344]
  0x00007f04ac0cb000 WatcherThread [stack: 0x00007f0486215000,0x00007f0486316000] [id=4353]

VM state:not at safepoint (normal execution)

VM Mutex/Monitor currently owned by a thread: None

Heap:
 PSYoungGen      total 36864K, used 26337K [0x00000000d6e00000, 0x00000000d9700000, 0x0000000100000000)
  eden space 31744K, 68% used [0x00000000d6e00000,0x00000000d831a4e8,0x00000000d8d00000)
  from space 5120K, 92% used [0x00000000d8d00000,0x00000000d919e100,0x00000000d9200000)
  to   space 5120K, 0% used [0x00000000d9200000,0x00000000d9200000,0x00000000d9700000)
 ParOldGen       total 84992K, used 21163K [0x0000000084a00000, 0x0000000089d00000, 0x00000000d6e00000)
  object space 84992K, 24% used [0x0000000084a00000,0x0000000085eaac40,0x0000000089d00000)
 Metaspace       used 20124K, capacity 20286K, committed 20608K, reserved 1067008K
  class space    used 2248K, capacity 2315K, committed 2432K, reserved 1048576K

Card table byte_map: [0x00007f04b013b000,0x00007f04b0517000] byte_map_base: 0x00007f04afd16000

Marking Bits: (ParMarkBitMap*) 0x00007f04b2c40c60
 Begin Bits: [0x00007f048c250000, 0x00007f048e128000)
 End Bits:   [0x00007f048e128000, 0x00007f0490000000)

Polling page: 0x00007f04b3890000

CodeCache: size=245760Kb used=10768Kb max_used=10768Kb free=234991Kb
 bounds [0x00007f049d000000, 0x00007f049daa0000, 0x00007f04ac000000]
 total_blobs=3906 nmethods=3244 adapters=573
 compilation: enabled

Compilation events (10 events):
Event: 2333.244 Thread 0x00007f04ac0bd000 3631       3       java.util.Vector$Itr::<init> (6 bytes)
Event: 2333.244 Thread 0x00007f04ac0bd000 nmethod 3631 0x00007f049d413d90 code [0x00007f049d413f00, 0x00007f049d414130]
Event: 2857.923 Thread 0x00007f04ac0bd000 3632   !   3       sun.awt.X11.XToolkit$1::dispatchEvent (34 bytes)
Event: 2857.924 Thread 0x00007f04ac0bd000 nmethod 3632 0x00007f049da93490 code [0x00007f049da936e0, 0x00007f049da944f8]
Event: 2857.924 Thread 0x00007f04ac0bd000 3633       3       sun.awt.X11.XMSelection$1::dispatchEvent (10 bytes)
Event: 2857.925 Thread 0x00007f04ac0bd000 nmethod 3633 0x00007f049d660d90 code [0x00007f049d660f40, 0x00007f049d661398]
Event: 6080.144 Thread 0x00007f04ac0bd000 3634 % !   3       com.mysql.jdbc.AbandonedConnectionCleanupThread::run @ 11 (68 bytes)
Event: 6080.145 Thread 0x00007f04ac0bd000 nmethod 3634% 0x00007f049da94bd0 code [0x00007f049da94e40, 0x00007f049da95c98]
Event: 6182.668 Thread 0x00007f04ac0bd000 3635   !   3       com.mysql.jdbc.AbandonedConnectionCleanupThread::run (68 bytes)
Event: 6182.669 Thread 0x00007f04ac0bd000 nmethod 3635 0x00007f049da96390 code [0x00007f049da96600, 0x00007f049da97458]

GC Heap History (6 events):
Event: 3.978 GC heap before
{Heap before GC invocations=1 (full 0):
 PSYoungGen      total 36864K, used 31744K [0x00000000d6e00000, 0x00000000d9700000, 0x0000000100000000)
  eden space 31744K, 100% used [0x00000000d6e00000,0x00000000d8d00000,0x00000000d8d00000)
  from space 5120K, 0% used [0x00000000d9200000,0x00000000d9200000,0x00000000d9700000)
  to   space 5120K, 0% used [0x00000000d8d00000,0x00000000d8d00000,0x00000000d9200000)
 ParOldGen       total 84992K, used 0K [0x0000000084a00000, 0x0000000089d00000, 0x00000000d6e00000)
  object space 84992K, 0% used [0x0000000084a00000,0x0000000084a00000,0x0000000089d00000)
 Metaspace       used 14505K, capacity 14720K, committed 14976K, reserved 1062912K
  class space    used 1804K, capacity 1894K, committed 1920K, reserved 1048576K
Event: 3.986 GC heap after
Heap after GC invocations=1 (full 0):
 PSYoungGen      total 36864K, used 5116K [0x00000000d6e00000, 0x00000000d9700000, 0x0000000100000000)
  eden space 31744K, 0% used [0x00000000d6e00000,0x00000000d6e00000,0x00000000d8d00000)
  from space 5120K, 99% used [0x00000000d8d00000,0x00000000d91ff050,0x00000000d9200000)
  to   space 5120K, 0% used [0x00000000d9200000,0x00000000d9200000,0x00000000d9700000)
 ParOldGen       total 84992K, used 7697K [0x0000000084a00000, 0x0000000089d00000, 0x00000000d6e00000)
  object space 84992K, 9% used [0x0000000084a00000,0x0000000085184410,0x0000000089d00000)
 Metaspace       used 14505K, capacity 14720K, committed 14976K, reserved 1062912K
  class space    used 1804K, capacity 1894K, committed 1920K, reserved 1048576K
}
Event: 38.768 GC heap before
{Heap before GC invocations=2 (full 0):
 PSYoungGen      total 36864K, used 36860K [0x00000000d6e00000, 0x00000000d9700000, 0x0000000100000000)
  eden space 31744K, 100% used [0x00000000d6e00000,0x00000000d8d00000,0x00000000d8d00000)
  from space 5120K, 99% used [0x00000000d8d00000,0x00000000d91ff050,0x00000000d9200000)
  to   space 5120K, 0% used [0x00000000d9200000,0x00000000d9200000,0x00000000d9700000)
 ParOldGen       total 84992K, used 7697K [0x0000000084a00000, 0x0000000089d00000, 0x00000000d6e00000)
  object space 84992K, 9% used [0x0000000084a00000,0x0000000085184410,0x0000000089d00000)
 Metaspace       used 18954K, capacity 19136K, committed 19456K, reserved 1067008K
  class space    used 2219K, capacity 2278K, committed 2304K, reserved 1048576K
Event: 38.778 GC heap after
Heap after GC invocations=2 (full 0):
 PSYoungGen      total 36864K, used 4209K [0x00000000d6e00000, 0x00000000d9700000, 0x0000000100000000)
  eden space 31744K, 0% used [0x00000000d6e00000,0x00000000d6e00000,0x00000000d8d00000)
  from space 5120K, 82% used [0x00000000d9200000,0x00000000d961c5f8,0x00000000d9700000)
  to   space 5120K, 0% used [0x00000000d8d00000,0x00000000d8d00000,0x00000000d9200000)
 ParOldGen       total 84992K, used 21155K [0x0000000084a00000, 0x0000000089d00000, 0x00000000d6e00000)
  object space 84992K, 24% used [0x0000000084a00000,0x0000000085ea8c40,0x0000000089d00000)
 Metaspace       used 18954K, capacity 19136K, committed 19456K, reserved 1067008K
  class space    used 2219K, capacity 2278K, committed 2304K, reserved 1048576K
}
Event: 163.035 GC heap before
{Heap before GC invocations=3 (full 0):
 PSYoungGen      total 36864K, used 32081K [0x00000000d6e00000, 0x00000000d9700000, 0x0000000100000000)
  eden space 31744K, 87% used [0x00000000d6e00000,0x00000000d8937ea8,0x00000000d8d00000)
  from space 5120K, 82% used [0x00000000d9200000,0x00000000d961c5f8,0x00000000d9700000)
  to   space 5120K, 0% used [0x00000000d8d00000,0x00000000d8d00000,0x00000000d9200000)
 ParOldGen       total 84992K, used 21155K [0x0000000084a00000, 0x0000000089d00000, 0x00000000d6e00000)
  object space 84992K, 24% used [0x0000000084a00000,0x0000000085ea8c40,0x0000000089d00000)
 Metaspace       used 19992K, capacity 20158K, committed 20608K, reserved 1067008K
  class space    used 2244K, capacity 2315K, committed 2432K, reserved 1048576K
Event: 163.045 GC heap after
Heap after GC invocations=3 (full 0):
 PSYoungGen      total 36864K, used 4728K [0x00000000d6e00000, 0x00000000d9700000, 0x0000000100000000)
  eden space 31744K, 0% used [0x00000000d6e00000,0x00000000d6e00000,0x00000000d8d00000)
  from space 5120K, 92% used [0x00000000d8d00000,0x00000000d919e100,0x00000000d9200000)
  to   space 5120K, 0% used [0x00000000d9200000,0x00000000d9200000,0x00000000d9700000)
 ParOldGen       total 84992K, used 21163K [0x0000000084a00000, 0x0000000089d00000, 0x00000000d6e00000)
  object space 84992K, 24% used [0x0000000084a00000,0x0000000085eaac40,0x0000000089d00000)
 Metaspace       used 19992K, capacity 20158K, committed 20608K, reserved 1067008K
  class space    used 2244K, capacity 2315K, committed 2432K, reserved 1048576K
}

Deoptimization events (10 events):
Event: 38.748 Thread 0x00007f04ac2c3000 Uncommon trap: reason=unstable_if action=reinterpret pc=0x00007f049d309c7c method=javax.swing.plaf.nimbus.DerivedColor.equals(Ljava/lang/Object;)Z @ 45
Event: 38.845 Thread 0x00007f04ac2c3000 Uncommon trap: reason=unstable_if action=reinterpret pc=0x00007f049d58cf20 method=sun.java2d.xr.XRBackendNative.setClipRectangles(ILsun/java2d/pipe/Region;)V @ 26
Event: 73.439 Thread 0x00007f04ac2c3000 Uncommon trap: reason=unstable_if action=reinterpret pc=0x00007f049d6b815c method=java.awt.Container$MouseEventTargetFilter.accept(Ljava/awt/Component;)Z @ 57
Event: 75.444 Thread 0x00007f04ac238800 Uncommon trap: reason=unstable_if action=reinterpret pc=0x00007f049d686568 method=sun.awt.X11.XWindow.getModifiers(III)I @ 16
Event: 106.141 Thread 0x00007f04ac2c3000 Uncommon trap: reason=unstable_if action=reinterpret pc=0x00007f049d86430c method=sun.font.CMap$CMapFormat4.getGlyph(I)C @ 181
Event: 122.660 Thread 0x00007f04ac2c3000 Uncommon trap: reason=unstable_if action=reinterpret pc=0x00007f049d712e10 method=java.awt.geom.AffineTransform.translate(DD)V @ 491
Event: 159.980 Thread 0x00007f04ac2c3000 Uncommon trap: reason=null_check action=make_not_entrant pc=0x00007f049d9a4458 method=javax.swing.plaf.nimbus.NimbusDefaults$LazyStyle.matches(Ljava/awt/Component;I)Z @ 39
Event: 159.984 Thread 0x00007f04ac2c3000 Uncommon trap: reason=unstable_if action=reinterpret pc=0x00007f049d55a8a0 method=sun.java2d.pipe.Region.dimAdd(II)I @ 1
Event: 876.278 Thread 0x00007f04ac2c3000 Uncommon trap: reason=unstable_if action=reinterpret pc=0x00007f049da733d8 method=java.awt.Component.dispatchEventImpl(Ljava/awt/AWTEvent;)V @ 759
Event: 6344.684 Thread 0x00007f04ac238800 Uncommon trap: reason=bimorphic action=maybe_recompile pc=0x00007f049da365c8 method=sun.awt.X11.XToolkit.dispatchEvent(Lsun/awt/X11/XEvent;)V @ 167

Internal exceptions (10 events):
Event: 126.006 Thread 0x00007f04ac2c3000 Exception <a 'java/lang/UnsupportedOperationException': > (0x00000000d81cf508) thrown at [/HUDSON3/workspace/8-2-build-linux-amd64/jdk8u102/7268/hotspot/src/share/vm/prims/jni.cpp, line 735]
Event: 129.997 Thread 0x00007f04ac2c3000 Exception <a 'java/lang/UnsupportedOperationException': > (0x00000000d8289c80) thrown at [/HUDSON3/workspace/8-2-build-linux-amd64/jdk8u102/7268/hotspot/src/share/vm/prims/jni.cpp, line 735]
Event: 135.065 Thread 0x00007f04ac2c3000 Exception <a 'java/lang/UnsupportedOperationException': > (0x00000000d83e3588) thrown at [/HUDSON3/workspace/8-2-build-linux-amd64/jdk8u102/7268/hotspot/src/share/vm/prims/jni.cpp, line 735]
Event: 138.822 Thread 0x00007f04ac2c3000 Exception <a 'java/lang/UnsupportedOperationException': > (0x00000000d84d9028) thrown at [/HUDSON3/workspace/8-2-build-linux-amd64/jdk8u102/7268/hotspot/src/share/vm/prims/jni.cpp, line 735]
Event: 147.042 Thread 0x00007f04ac2c3000 Exception <a 'java/lang/UnsupportedOperationException': > (0x00000000d8587ef0) thrown at [/HUDSON3/workspace/8-2-build-linux-amd64/jdk8u102/7268/hotspot/src/share/vm/prims/jni.cpp, line 735]
Event: 159.980 Thread 0x00007f04ac2c3000 Implicit null exception at 0x00007f049d9a36ce to 0x00007f049d9a444d
Event: 163.246 Thread 0x00007f04ac2c3000 Exception <a 'java/lang/UnsupportedOperationException': > (0x00000000d7eb2438) thrown at [/HUDSON3/workspace/8-2-build-linux-amd64/jdk8u102/7268/hotspot/src/share/vm/prims/jni.cpp, line 735]
Event: 165.017 Thread 0x00007f04ac2c3000 Exception <a 'java/lang/UnsupportedOperationException': > (0x00000000d7ecb288) thrown at [/HUDSON3/workspace/8-2-build-linux-amd64/jdk8u102/7268/hotspot/src/share/vm/prims/jni.cpp, line 735]
Event: 177.744 Thread 0x00007f04ac2c3000 Exception <a 'java/lang/UnsupportedOperationException': > (0x00000000d8142690) thrown at [/HUDSON3/workspace/8-2-build-linux-amd64/jdk8u102/7268/hotspot/src/share/vm/prims/jni.cpp, line 735]
Event: 182.465 Thread 0x00007f04ac2c3000 Exception <a 'java/lang/UnsupportedOperationException': > (0x00000000d821a1d0) thrown at [/HUDSON3/workspace/8-2-build-linux-amd64/jdk8u102/7268/hotspot/src/share/vm/prims/jni.cpp, line 735]

Events (10 events):
Event: 735.397 loading class sun/awt/X11/XkbAnyEvent
Event: 735.397 loading class sun/awt/X11/XkbAnyEvent done
Event: 876.278 Thread 0x00007f04ac2c3000 Uncommon trap: trap_request=0xffffff65 fr.pc=0x00007f049da733d8
Event: 876.278 Thread 0x00007f04ac2c3000 DEOPT PACKING pc=0x00007f049da733d8 sp=0x00007f04577d2c80
Event: 876.278 Thread 0x00007f04ac2c3000 DEOPT UNPACKING pc=0x00007f049d005229 sp=0x00007f04577d2c60 mode 2
Event: 6344.684 Thread 0x00007f04ac238800 Uncommon trap: trap_request=0xffffffc6 fr.pc=0x00007f049da365c8
Event: 6344.684 Thread 0x00007f04ac238800 DEOPT PACKING pc=0x00007f049da365c8 sp=0x00007f04841b0860
Event: 6344.684 Thread 0x00007f04ac238800 DEOPT UNPACKING pc=0x00007f049d005229 sp=0x00007f04841b0878 mode 2
Event: 6344.684 loading class sun/awt/X11/XDestroyWindowEvent
Event: 6344.684 loading class sun/awt/X11/XDestroyWindowEvent done


Dynamic libraries:
00400000-00401000 r-xp 00000000 08:09 2236664                            /home/ankurdengla/jdk1.8.0_102/bin/java
00600000-00601000 rw-p 00000000 08:09 2236664                            /home/ankurdengla/jdk1.8.0_102/bin/java
02249000-0226a000 rw-p 00000000 00:00 0                                  [heap]
84a00000-89d00000 rw-p 00000000 00:00 0 
89d00000-d6e00000 ---p 00000000 00:00 0 
d6e00000-d9700000 rw-p 00000000 00:00 0 
d9700000-100000000 ---p 00000000 00:00 0 
100000000-100260000 rw-p 00000000 00:00 0 
100260000-140000000 ---p 00000000 00:00 0 
7f0440000000-7f0440021000 rw-p 00000000 00:00 0 
7f0440021000-7f0444000000 ---p 00000000 00:00 0 
7f0444000000-7f0444021000 rw-p 00000000 00:00 0 
7f0444021000-7f0448000000 ---p 00000000 00:00 0 
7f0448000000-7f0448389000 rw-p 00000000 00:00 0 
7f0448389000-7f044c000000 ---p 00000000 00:00 0 
7f044c000000-7f044c4d5000 rw-p 00000000 00:00 0 
7f044c4d5000-7f0450000000 ---p 00000000 00:00 0 
7f0450000000-7f0450021000 rw-p 00000000 00:00 0 
7f0450021000-7f0454000000 ---p 00000000 00:00 0 
7f0455120000-7f0455874000 rw-s 00000000 00:05 72384522                   /SYSV00000000 (deleted)
7f0455874000-7f0455a34000 rw-p 00000000 00:00 0 
7f0455a34000-7f0455a74000 ---p 00000000 00:00 0 
7f0455a74000-7f0455a7f000 r--s 00000000 08:09 657864                     /var/cache/fontconfig/945677eb7aeaf62f1d50efc3fb3ec7d8-le64.cache-6
7f0455b39000-7f0455b3c000 ---p 00000000 00:00 0 
7f0455b3c000-7f0455c3a000 rw-p 00000000 00:00 0 
7f04562b3000-7f04562c4000 r--s 00000000 08:09 1445542                    /usr/share/fonts/type1/gsfonts/a010035l.pfb
7f04562c4000-7f04562d7000 r--s 00000000 08:09 1445548                    /usr/share/fonts/type1/gsfonts/b018015l.pfb
7f04562ef000-7f0456300000 r--s 00000000 08:09 1445578                    /usr/share/fonts/type1/gsfonts/n019023l.pfb
7f0456300000-7f0456312000 r--s 00000000 08:09 1445575                    /usr/share/fonts/type1/gsfonts/n019004l.pfb
7f0456312000-7f045632d000 r--s 00000000 08:09 1445626                    /usr/share/fonts/type1/gsfonts/p052023l.pfb
7f045632d000-7f0456346000 r--s 00000000 08:09 1445599                    /usr/share/fonts/type1/gsfonts/n021004l.pfb
7f0456346000-7f045634f000 r--s 00000000 08:09 1445632                    /usr/share/fonts/type1/gsfonts/s050000l.pfb
7f045634f000-7f045635f000 r--s 00000000 08:09 1445536                    /usr/share/fonts/type1/gsfonts/a010015l.pfb
7f045635f000-7f0456369000 r--s 00000000 08:09 1444819                    /usr/share/fonts/X11/Type1/c0583bt_.pfb
7f0456369000-7f0456373000 r--s 00000000 08:09 1444815                    /usr/share/fonts/X11/Type1/c0419bt_.pfb
7f0456373000-7f0456385000 r--s 00000000 08:09 1445554                    /usr/share/fonts/type1/gsfonts/b018035l.pfb
7f0456385000-7f045638e000 r--s 00000000 08:09 1444827                    /usr/share/fonts/X11/Type1/c0648bt_.pfb
7f045638e000-7f04563a9000 r--s 00000000 08:09 1445623                    /usr/share/fonts/type1/gsfonts/p052004l.pfb
7f04563a9000-7f04563c4000 r--s 00000000 08:09 1445560                    /usr/share/fonts/type1/gsfonts/c059016l.pfb
7f04563c4000-7f04563d6000 r--s 00000000 08:09 1445587                    /usr/share/fonts/type1/gsfonts/n019044l.pfb
7f04563d6000-7f04563df000 r--s 00000000 08:09 1444829                    /usr/share/fonts/X11/Type1/c0649bt_.pfb
7f04563df000-7f04563eb000 r--s 00000000 08:09 1445569                    /usr/share/fonts/type1/gsfonts/d050000l.pfb
7f04563eb000-7f0456401000 r--s 00000000 08:09 1445614                    /usr/share/fonts/type1/gsfonts/n022023l.pfb
7f0456401000-7f045641c000 r--s 00000000 08:09 1445620                    /usr/share/fonts/type1/gsfonts/p052003l.pfb
7f045641c000-7f0456430000 r--s 00000000 08:09 1445572                    /usr/share/fonts/type1/gsfonts/n019003l.pfb
7f0456430000-7f0456448000 r--s 00000000 08:09 1445566                    /usr/share/fonts/type1/gsfonts/c059036l.pfb
7f0456448000-7f045645a000 r--s 00000000 08:09 1445584                    /usr/share/fonts/type1/gsfonts/n019043l.pfb
7f045645a000-7f0456463000 r--s 00000000 08:09 1444823                    /usr/share/fonts/X11/Type1/c0632bt_.pfb
7f0456463000-7f045647a000 r--s 00000000 08:09 1445602                    /usr/share/fonts/type1/gsfonts/n021023l.pfb
7f045647a000-7f0456496000 r--s 00000000 08:09 1445629                    /usr/share/fonts/type1/gsfonts/p052024l.pfb
7f0456496000-7f04564a6000 r--s 00000000 08:09 1445533                    /usr/share/fonts/type1/gsfonts/a010013l.pfb
7f04564a6000-7f04564bb000 r--s 00000000 08:09 1445551                    /usr/share/fonts/type1/gsfonts/b018032l.pfb
7f04564bb000-7f04564d5000 r--s 00000000 08:09 1445557                    /usr/share/fonts/type1/gsfonts/c059013l.pfb
7f04564d5000-7f04564df000 r--s 00000000 08:09 1444821                    /usr/share/fonts/X11/Type1/c0611bt_.pfb
7f04564df000-7f04564f6000 r--s 00000000 08:09 1445635                    /usr/share/fonts/type1/gsfonts/z003034l.pfb
7f04564f6000-7f0456500000 r--s 00000000 08:09 1444817                    /usr/share/fonts/X11/Type1/c0582bt_.pfb
7f0456500000-7f0456516000 r--s 00000000 08:09 1445605                    /usr/share/fonts/type1/gsfonts/n021024l.pfb
7f0456516000-7f0456526000 r--s 00000000 08:09 1445539                    /usr/share/fonts/type1/gsfonts/a010033l.pfb
7f0456526000-7f045653f000 r--s 00000000 08:09 1445596                    /usr/share/fonts/type1/gsfonts/n021003l.pfb
7f045653f000-7f0456558000 r--s 00000000 08:09 1445545                    /usr/share/fonts/type1/gsfonts/b018012l.pfb
7f0456558000-7f0456570000 r--s 00000000 08:09 1445563                    /usr/share/fonts/type1/gsfonts/c059033l.pfb
7f0456570000-7f0456589000 r--s 00000000 08:09 1445611                    /usr/share/fonts/type1/gsfonts/n022004l.pfb
7f0456589000-7f045659a000 r--s 00000000 08:09 1445590                    /usr/share/fonts/type1/gsfonts/n019063l.pfb
7f045659a000-7f04565ab000 r--s 00000000 08:09 1445581                    /usr/share/fonts/type1/gsfonts/n019024l.pfb
7f04565ab000-7f04565be000 r--s 00000000 08:09 1445593                    /usr/share/fonts/type1/gsfonts/n019064l.pfb
7f04565be000-7f04565d4000 r--s 00000000 08:09 1445617                    /usr/share/fonts/type1/gsfonts/n022024l.pfb
7f04565d4000-7f04567d4000 rw-p 00000000 00:00 0 
7f04567d4000-7f04567fe000 r-xp 00000000 08:09 2236783                    /home/ankurdengla/jdk1.8.0_102/jre/lib/amd64/libdcpr.so
7f04567fe000-7f04569fe000 ---p 0002a000 08:09 2236783                    /home/ankurdengla/jdk1.8.0_102/jre/lib/amd64/libdcpr.so
7f04569fe000-7f0456a01000 rw-p 0002a000 08:09 2236783                    /home/ankurdengla/jdk1.8.0_102/jre/lib/amd64/libdcpr.so
7f0456a14000-7f0456a18000 r--s 00097000 08:09 2236694                    /home/ankurdengla/jdk1.8.0_102/jre/lib/jsse.jar
7f0456a18000-7f0456c18000 rw-p 00000000 00:00 0 
7f0456c18000-7f0456c1b000 ---p 00000000 00:00 0 
7f0456c1b000-7f0456d19000 rw-p 00000000 00:00 0 
7f0456d19000-7f0456d82000 r-xp 00000000 08:09 2236841                    /home/ankurdengla/jdk1.8.0_102/jre/lib/amd64/libt2k.so
7f0456d82000-7f0456f82000 ---p 00069000 08:09 2236841                    /home/ankurdengla/jdk1.8.0_102/jre/lib/amd64/libt2k.so
7f0456f82000-7f0456f89000 rw-p 00069000 08:09 2236841                    /home/ankurdengla/jdk1.8.0_102/jre/lib/amd64/libt2k.so
7f0456f89000-7f0457199000 rw-p 00000000 00:00 0 
7f0457199000-7f04571d4000 r-xp 00000000 08:09 2236772                    /home/ankurdengla/jdk1.8.0_102/jre/lib/amd64/libjpeg.so
7f04571d4000-7f04573d3000 ---p 0003b000 08:09 2236772                    /home/ankurdengla/jdk1.8.0_102/jre/lib/amd64/libjpeg.so
7f04573d3000-7f04573d4000 rw-p 0003a000 08:09 2236772                    /home/ankurdengla/jdk1.8.0_102/jre/lib/amd64/libjpeg.so
7f04573d4000-7f04573d7000 ---p 00000000 00:00 0 
7f04573d7000-7f04576d5000 rw-p 00000000 00:00 0 
7f04576d5000-7f04576d8000 ---p 00000000 00:00 0 
7f04576d8000-7f04577d6000 rw-p 00000000 00:00 0 
7f04577d6000-7f04577d9000 ---p 00000000 00:00 0 
7f04577d9000-7f04578d7000 rw-p 00000000 00:00 0 
7f04578d7000-7f04578e8000 r-xp 00000000 08:09 2236807                    /home/ankurdengla/jdk1.8.0_102/jre/lib/amd64/libnio.so
7f04578e8000-7f0457ae7000 ---p 00011000 08:09 2236807                    /home/ankurdengla/jdk1.8.0_102/jre/lib/amd64/libnio.so
7f0457ae7000-7f0457ae8000 rw-p 00010000 08:09 2236807                    /home/ankurdengla/jdk1.8.0_102/jre/lib/amd64/libnio.so
7f0457ae8000-7f0457de9000 rw-p 00000000 00:00 0 
7f0457de9000-7f0457dff000 r-xp 00000000 08:09 2236776                    /home/ankurdengla/jdk1.8.0_102/jre/lib/amd64/libnet.so
7f0457dff000-7f0457fff000 ---p 00016000 08:09 2236776                    /home/ankurdengla/jdk1.8.0_102/jre/lib/amd64/libnet.so
7f0457fff000-7f0458000000 rw-p 00016000 08:09 2236776                    /home/ankurdengla/jdk1.8.0_102/jre/lib/amd64/libnet.so
7f0458000000-7f0458021000 rw-p 00000000 00:00 0 
7f0458021000-7f045c000000 ---p 00000000 00:00 0 
7f045c000000-7f045c293000 rw-p 00000000 00:00 0 
7f045c293000-7f0460000000 ---p 00000000 00:00 0 
7f0460000000-7f0460021000 rw-p 00000000 00:00 0 
7f0460021000-7f0464000000 ---p 00000000 00:00 0 
7f0464000000-7f0464021000 rw-p 00000000 00:00 0 
7f0464021000-7f0468000000 ---p 00000000 00:00 0 
7f0468000000-7f0468c7c000 rw-p 00000000 00:00 0 
7f0468c7c000-7f046c000000 ---p 00000000 00:00 0 
7f046c000000-7f046c893000 rw-p 00000000 00:00 0 
7f046c893000-7f0470000000 ---p 00000000 00:00 0 
7f0470000000-7f0470021000 rw-p 00000000 00:00 0 
7f0470021000-7f0474000000 ---p 00000000 00:00 0 
7f0474000000-7f0475662000 rw-p 00000000 00:00 0 
7f0475662000-7f0478000000 ---p 00000000 00:00 0 
7f0478000000-7f0478021000 rw-p 00000000 00:00 0 
7f0478021000-7f047c000000 ---p 00000000 00:00 0 
7f047c000000-7f047c021000 rw-p 00000000 00:00 0 
7f047c021000-7f0480000000 ---p 00000000 00:00 0 
7f0480000000-7f0480021000 rw-p 00000000 00:00 0 
7f0480021000-7f0484000000 ---p 00000000 00:00 0 
7f0484000000-7f0484009000 r--s 00000000 08:09 1444825                    /usr/share/fonts/X11/Type1/c0633bt_.pfb
7f0484009000-7f048400f000 r--s 00000000 08:09 657862                     /var/cache/fontconfig/2cd17615ca594fa2959ae173292e504c-le64.cache-6
7f048400f000-7f0484010000 r--s 00000000 08:09 657861                     /var/cache/fontconfig/0d8c3b2ac0904cb8a57a757ad11a4a08-le64.cache-6
7f0484010000-7f0484014000 r--s 00000000 08:09 658222                     /var/cache/fontconfig/de156ccd2eddbdc19d37a45b8b2aac9c-le64.cache-6
7f0484014000-7f0484029000 r--s 00000000 08:09 657860                     /var/cache/fontconfig/04aabc0a78ac019cf9454389977116d2-le64.cache-6
7f0484029000-7f048402a000 r--s 00000000 08:09 657859                     /var/cache/fontconfig/1ac9eb803944fde146138c791f5cc56a-le64.cache-6
7f048402a000-7f048402e000 r--s 00000000 08:09 657858                     /var/cache/fontconfig/385c0604a188198f04d133e54aba7fe7-le64.cache-6
7f048402e000-7f048402f000 r--s 00000000 08:09 657857                     /var/cache/fontconfig/dc05db6664285cc2f12bf69c139ae4c3-le64.cache-6
7f048402f000-7f0484032000 r--s 00000000 08:09 657856                     /var/cache/fontconfig/767a8244fc0220cfb567a839d0392e0b-le64.cache-6
7f0484032000-7f0484033000 r--s 00000000 08:09 665010                     /var/cache/fontconfig/4794a0821666d79190d59a36cb4f44b5-le64.cache-6
7f0484033000-7f0484038000 r--s 00000000 08:09 657854                     /var/cache/fontconfig/8801497958630a81b71ace7c5f9b32a8-le64.cache-6
7f0484038000-7f0484073000 r--s 00000000 08:09 657853                     /var/cache/fontconfig/365b55f210c0a22e9a19e35191240f32-le64.cache-6
7f0484073000-7f0484074000 r--s 00000000 08:09 657852                     /var/cache/fontconfig/bab58bb527bb656aaa9f116d68a48d89-le64.cache-6
7f0484074000-7f048407b000 r--s 00000000 08:09 657851                     /var/cache/fontconfig/3047814df9a2f067bd2d96a2b9c36e5a-le64.cache-6
7f048407b000-7f0484081000 r--s 00000000 08:09 657848                     /var/cache/fontconfig/b47c4e1ecd0709278f4910c18777a504-le64.cache-6
7f0484081000-7f0484094000 r--s 00000000 08:09 657847                     /var/cache/fontconfig/d52a8644073d54c13679302ca1180695-le64.cache-6
7f0484094000-7f048409f000 r--s 00000000 08:09 657840                     /var/cache/fontconfig/83bf95040141907cd45bb53cf7c1c148-le64.cache-6
7f048409f000-7f04840b1000 r--s 00000000 08:09 655814                     /var/cache/fontconfig/9b89f8e3dae116d678bbf48e5f21f69b-le64.cache-6
7f04840b1000-7f04840b4000 ---p 00000000 00:00 0 
7f04840b4000-7f04841b2000 rw-p 00000000 00:00 0 
7f04841b2000-7f04841b7000 r-xp 00000000 08:09 664425                     /usr/lib/x86_64-linux-gnu/libXfixes.so.3.1.0
7f04841b7000-7f04843b6000 ---p 00005000 08:09 664425                     /usr/lib/x86_64-linux-gnu/libXfixes.so.3.1.0
7f04843b6000-7f04843b7000 r--p 00004000 08:09 664425                     /usr/lib/x86_64-linux-gnu/libXfixes.so.3.1.0
7f04843b7000-7f04843b8000 rw-p 00005000 08:09 664425                     /usr/lib/x86_64-linux-gnu/libXfixes.so.3.1.0
7f04843b8000-7f04843c1000 r-xp 00000000 08:09 664417                     /usr/lib/x86_64-linux-gnu/libXcursor.so.1.0.2
7f04843c1000-7f04845c0000 ---p 00009000 08:09 664417                     /usr/lib/x86_64-linux-gnu/libXcursor.so.1.0.2
7f04845c0000-7f04845c1000 r--p 00008000 08:09 664417                     /usr/lib/x86_64-linux-gnu/libXcursor.so.1.0.2
7f04845c1000-7f04845c2000 rw-p 00009000 08:09 664417                     /usr/lib/x86_64-linux-gnu/libXcursor.so.1.0.2
7f04845c2000-7f04845c5000 ---p 00000000 00:00 0 
7f04845c5000-7f04846c3000 rw-p 00000000 00:00 0 
7f04846c3000-7f04846d9000 r-xp 00000000 08:09 398519                     /lib/x86_64-linux-gnu/libgcc_s.so.1
7f04846d9000-7f04848d8000 ---p 00016000 08:09 398519                     /lib/x86_64-linux-gnu/libgcc_s.so.1
7f04848d8000-7f04848d9000 rw-p 00015000 08:09 398519                     /lib/x86_64-linux-gnu/libgcc_s.so.1
7f04848d9000-7f048493e000 r-xp 00000000 08:09 2236801                    /home/ankurdengla/jdk1.8.0_102/jre/lib/amd64/libfontmanager.so
7f048493e000-7f0484b3d000 ---p 00065000 08:09 2236801                    /home/ankurdengla/jdk1.8.0_102/jre/lib/amd64/libfontmanager.so
7f0484b3d000-7f0484b42000 rw-p 00064000 08:09 2236801                    /home/ankurdengla/jdk1.8.0_102/jre/lib/amd64/libfontmanager.so
7f0484b42000-7f0484b52000 rw-p 00000000 00:00 0 
7f0484b52000-7f0484b57000 r-xp 00000000 08:09 664421                     /usr/lib/x86_64-linux-gnu/libXdmcp.so.6.0.0
7f0484b57000-7f0484d56000 ---p 00005000 08:09 664421                     /usr/lib/x86_64-linux-gnu/libXdmcp.so.6.0.0
7f0484d56000-7f0484d57000 r--p 00004000 08:09 664421                     /usr/lib/x86_64-linux-gnu/libXdmcp.so.6.0.0
7f0484d57000-7f0484d58000 rw-p 00005000 08:09 664421                     /usr/lib/x86_64-linux-gnu/libXdmcp.so.6.0.0
7f0484d58000-7f0484d5a000 r-xp 00000000 08:09 664410                     /usr/lib/x86_64-linux-gnu/libXau.so.6.0.0
7f0484d5a000-7f0484f5a000 ---p 00002000 08:09 664410                     /usr/lib/x86_64-linux-gnu/libXau.so.6.0.0
7f0484f5a000-7f0484f5b000 r--p 00002000 08:09 664410                     /usr/lib/x86_64-linux-gnu/libXau.so.6.0.0
7f0484f5b000-7f0484f5c000 rw-p 00003000 08:09 664410                     /usr/lib/x86_64-linux-gnu/libXau.so.6.0.0
7f0484f5c000-7f0484f7d000 r-xp 00000000 08:09 665788                     /usr/lib/x86_64-linux-gnu/libxcb.so.1.1.0
7f0484f7d000-7f048517c000 ---p 00021000 08:09 665788                     /usr/lib/x86_64-linux-gnu/libxcb.so.1.1.0
7f048517c000-7f048517d000 r--p 00020000 08:09 665788                     /usr/lib/x86_64-linux-gnu/libxcb.so.1.1.0
7f048517d000-7f048517e000 rw-p 00021000 08:09 665788                     /usr/lib/x86_64-linux-gnu/libxcb.so.1.1.0
7f048517e000-7f048518d000 r-xp 00000000 08:09 664431                     /usr/lib/x86_64-linux-gnu/libXi.so.6.1.0
7f048518d000-7f048538c000 ---p 0000f000 08:09 664431                     /usr/lib/x86_64-linux-gnu/libXi.so.6.1.0
7f048538c000-7f048538d000 r--p 0000e000 08:09 664431                     /usr/lib/x86_64-linux-gnu/libXi.so.6.1.0
7f048538d000-7f048538e000 rw-p 0000f000 08:09 664431                     /usr/lib/x86_64-linux-gnu/libXi.so.6.1.0
7f048538e000-7f0485393000 r-xp 00000000 08:09 664449                     /usr/lib/x86_64-linux-gnu/libXtst.so.6.1.0
7f0485393000-7f0485592000 ---p 00005000 08:09 664449                     /usr/lib/x86_64-linux-gnu/libXtst.so.6.1.0
7f0485592000-7f0485593000 r--p 00004000 08:09 664449                     /usr/lib/x86_64-linux-gnu/libXtst.so.6.1.0
7f0485593000-7f0485594000 rw-p 00005000 08:09 664449                     /usr/lib/x86_64-linux-gnu/libXtst.so.6.1.0
7f0485594000-7f048559d000 r-xp 00000000 08:09 664443                     /usr/lib/x86_64-linux-gnu/libXrender.so.1.3.0
7f048559d000-7f048579c000 ---p 00009000 08:09 664443                     /usr/lib/x86_64-linux-gnu/libXrender.so.1.3.0
7f048579c000-7f048579d000 r--p 00008000 08:09 664443                     /usr/lib/x86_64-linux-gnu/libXrender.so.1.3.0
7f048579d000-7f048579e000 rw-p 00009000 08:09 664443                     /usr/lib/x86_64-linux-gnu/libXrender.so.1.3.0
7f048579e000-7f04858d3000 r-xp 00000000 08:09 664406                     /usr/lib/x86_64-linux-gnu/libX11.so.6.3.0
7f04858d3000-7f0485ad3000 ---p 00135000 08:09 664406                     /usr/lib/x86_64-linux-gnu/libX11.so.6.3.0
7f0485ad3000-7f0485ad4000 r--p 00135000 08:09 664406                     /usr/lib/x86_64-linux-gnu/libX11.so.6.3.0
7f0485ad4000-7f0485ad8000 rw-p 00136000 08:09 664406                     /usr/lib/x86_64-linux-gnu/libX11.so.6.3.0
7f0485ad8000-7f0485ae9000 r-xp 00000000 08:09 664423                     /usr/lib/x86_64-linux-gnu/libXext.so.6.4.0
7f0485ae9000-7f0485ce8000 ---p 00011000 08:09 664423                     /usr/lib/x86_64-linux-gnu/libXext.so.6.4.0
7f0485ce8000-7f0485ce9000 r--p 00010000 08:09 664423                     /usr/lib/x86_64-linux-gnu/libXext.so.6.4.0
7f0485ce9000-7f0485cea000 rw-p 00011000 08:09 664423                     /usr/lib/x86_64-linux-gnu/libXext.so.6.4.0
7f0485cea000-7f0485d3e000 r-xp 00000000 08:09 2236809                    /home/ankurdengla/jdk1.8.0_102/jre/lib/amd64/libawt_xawt.so
7f0485d3e000-7f0485f3e000 ---p 00054000 08:09 2236809                    /home/ankurdengla/jdk1.8.0_102/jre/lib/amd64/libawt_xawt.so
7f0485f3e000-7f0485f42000 rw-p 00054000 08:09 2236809                    /home/ankurdengla/jdk1.8.0_102/jre/lib/amd64/libawt_xawt.so
7f0485f42000-7f0485f43000 rw-p 00000000 00:00 0 
7f0485f43000-7f0485fe5000 r-xp 00000000 08:09 2236845                    /home/ankurdengla/jdk1.8.0_102/jre/lib/amd64/libawt.so
7f0485fe5000-7f04861e5000 ---p 000a2000 08:09 2236845                    /home/ankurdengla/jdk1.8.0_102/jre/lib/amd64/libawt.so
7f04861e5000-7f04861f1000 rw-p 000a2000 08:09 2236845                    /home/ankurdengla/jdk1.8.0_102/jre/lib/amd64/libawt.so
7f04861f1000-7f0486215000 rw-p 00000000 00:00 0 
7f0486215000-7f0486216000 ---p 00000000 00:00 0 
7f0486216000-7f0486316000 rw-p 00000000 00:00 0 
7f0486316000-7f0486319000 ---p 00000000 00:00 0 
7f0486319000-7f0486417000 rw-p 00000000 00:00 0 
7f0486417000-7f048641a000 ---p 00000000 00:00 0 
7f048641a000-7f0486518000 rw-p 00000000 00:00 0 
7f0486518000-7f048651b000 ---p 00000000 00:00 0 
7f048651b000-7f0486619000 rw-p 00000000 00:00 0 
7f0486619000-7f048661c000 ---p 00000000 00:00 0 
7f048661c000-7f048671a000 rw-p 00000000 00:00 0 
7f048671a000-7f048671d000 ---p 00000000 00:00 0 
7f048671d000-7f048681b000 rw-p 00000000 00:00 0 
7f048681b000-7f0486af3000 r--p 00000000 08:09 655667                     /usr/lib/locale/locale-archive
7f0486af3000-7f0486af6000 ---p 00000000 00:00 0 
7f0486af6000-7f0486bf4000 rw-p 00000000 00:00 0 
7f0486bf4000-7f0486bf7000 ---p 00000000 00:00 0 
7f0486bf7000-7f0486cf5000 rw-p 00000000 00:00 0 
7f0486cf5000-7f0486cf6000 ---p 00000000 00:00 0 
7f0486cf6000-7f0488000000 rw-p 00000000 00:00 0 
7f0488000000-7f0488021000 rw-p 00000000 00:00 0 
7f0488021000-7f048c000000 ---p 00000000 00:00 0 
7f048c000000-7f048c001000 r--s 00000000 08:09 657850                     /var/cache/fontconfig/56cf4f4769d0f4abc89a4895d7bd3ae1-le64.cache-6
7f048c001000-7f048c002000 r--s 00000000 08:09 657849                     /var/cache/fontconfig/b9d506c9ac06c20b433354fa67a72993-le64.cache-6
7f048c002000-7f048c003000 r--s 00000000 08:09 657846                     /var/cache/fontconfig/551ecf3b0e8b0bca0f25c0944f561853-le64.cache-6
7f048c003000-7f048c007000 r--s 00000000 08:09 656954                     /var/cache/fontconfig/d589a48862398ed80a3d6066f4f56f4c-le64.cache-6
7f048c007000-7f048c008000 r--s 00000000 08:09 657844                     /var/cache/fontconfig/30829fa25452a46451e813d634d7f916-le64.cache-6
7f048c008000-7f048c009000 r--s 00000000 08:09 657843                     /var/cache/fontconfig/0c9eb80ebd1c36541ebe2852d3bb0c49-le64.cache-6
7f048c009000-7f048c016000 r--s 00000000 08:09 665514                     /var/cache/fontconfig/e13b20fdb08344e0e664864cc2ede53d-le64.cache-6
7f048c016000-7f048c02e000 r--s 00000000 08:09 1445608                    /usr/share/fonts/type1/gsfonts/n022003l.pfb
7f048c02e000-7f048c039000 r--s 00000000 08:09 657864                     /var/cache/fontconfig/945677eb7aeaf62f1d50efc3fb3ec7d8-le64.cache-6
7f048c039000-7f048c04e000 r--s 00000000 08:09 657860                     /var/cache/fontconfig/04aabc0a78ac019cf9454389977116d2-le64.cache-6
7f048c04e000-7f0490000000 rw-p 00000000 00:00 0 
7f0490000000-7f0490021000 rw-p 00000000 00:00 0 
7f0490021000-7f0494000000 ---p 00000000 00:00 0 
7f0494000000-7f0494021000 rw-p 00000000 00:00 0 
7f0494021000-7f0498000000 ---p 00000000 00:00 0 
7f0498000000-7f0498021000 rw-p 00000000 00:00 0 
7f0498021000-7f049c000000 ---p 00000000 00:00 0 
7f049c000000-7f049c003000 r--s 00000000 08:09 657841                     /var/cache/fontconfig/75114ca45c98e8a441da0ff356701271-le64.cache-6
7f049c003000-7f049c005000 r--s 00000000 08:09 667083                     /var/cache/fontconfig/62f91419b9ebdb6975e7e41ab6412357-le64.cache-6
7f049c005000-7f049c009000 r--s 00000000 08:09 660893                     /var/cache/fontconfig/7ef2298fde41cc6eeb7af42e48b7d293-le64.cache-6
7f049c009000-7f049c00f000 r--s 00000000 08:09 657862                     /var/cache/fontconfig/2cd17615ca594fa2959ae173292e504c-le64.cache-6
7f049c00f000-7f049c010000 r--s 00000000 08:09 657861                     /var/cache/fontconfig/0d8c3b2ac0904cb8a57a757ad11a4a08-le64.cache-6
7f049c010000-7f049c014000 r--s 00000000 08:09 658222                     /var/cache/fontconfig/de156ccd2eddbdc19d37a45b8b2aac9c-le64.cache-6
7f049c014000-7f049c015000 r--s 00000000 08:09 657859                     /var/cache/fontconfig/1ac9eb803944fde146138c791f5cc56a-le64.cache-6
7f049c015000-7f049c019000 r--s 00000000 08:09 657858                     /var/cache/fontconfig/385c0604a188198f04d133e54aba7fe7-le64.cache-6
7f049c019000-7f049c01a000 r--s 00000000 08:09 657857                     /var/cache/fontconfig/dc05db6664285cc2f12bf69c139ae4c3-le64.cache-6
7f049c01a000-7f049c01d000 r--s 00000000 08:09 657856                     /var/cache/fontconfig/767a8244fc0220cfb567a839d0392e0b-le64.cache-6
7f049c01d000-7f049c01e000 r--s 00000000 08:09 665010                     /var/cache/fontconfig/4794a0821666d79190d59a36cb4f44b5-le64.cache-6
7f049c01e000-7f049c023000 r--s 00000000 08:09 657854                     /var/cache/fontconfig/8801497958630a81b71ace7c5f9b32a8-le64.cache-6
7f049c023000-7f049c05e000 r--s 00000000 08:09 657853                     /var/cache/fontconfig/365b55f210c0a22e9a19e35191240f32-le64.cache-6
7f049c05e000-7f049c05f000 r--s 00000000 08:09 657852                     /var/cache/fontconfig/bab58bb527bb656aaa9f116d68a48d89-le64.cache-6
7f049c05f000-7f049c066000 r--s 00000000 08:09 657851                     /var/cache/fontconfig/3047814df9a2f067bd2d96a2b9c36e5a-le64.cache-6
7f049c066000-7f049c067000 r--s 00000000 08:09 657850                     /var/cache/fontconfig/56cf4f4769d0f4abc89a4895d7bd3ae1-le64.cache-6
7f049c067000-7f049c068000 r--s 00000000 08:09 657849                     /var/cache/fontconfig/b9d506c9ac06c20b433354fa67a72993-le64.cache-6
7f049c068000-7f049c06e000 r--s 00000000 08:09 657848                     /var/cache/fontconfig/b47c4e1ecd0709278f4910c18777a504-le64.cache-6
7f049c06e000-7f049c081000 r--s 00000000 08:09 657847                     /var/cache/fontconfig/d52a8644073d54c13679302ca1180695-le64.cache-6
7f049c081000-7f049c082000 r--s 00000000 08:09 657846                     /var/cache/fontconfig/551ecf3b0e8b0bca0f25c0944f561853-le64.cache-6
7f049c082000-7f049c08d000 r--s 00000000 08:09 657840                     /var/cache/fontconfig/83bf95040141907cd45bb53cf7c1c148-le64.cache-6
7f049c08d000-7f049c442000 rw-p 00000000 00:00 0 
7f049c442000-7f049c61a000 r--s 03d29000 08:09 2236768                    /home/ankurdengla/jdk1.8.0_102/jre/lib/rt.jar
7f049c61a000-7f049ca6b000 rw-p 00000000 00:00 0 
7f049ca6b000-7f049ca6c000 ---p 00000000 00:00 0 
7f049ca6c000-7f049cb6c000 rw-p 00000000 00:00 0 
7f049cb6c000-7f049cb6d000 ---p 00000000 00:00 0 
7f049cb6d000-7f049cc6d000 rw-p 00000000 00:00 0 
7f049cc6d000-7f049cc6e000 ---p 00000000 00:00 0 
7f049cc6e000-7f049cd98000 rw-p 00000000 00:00 0 
7f049cd98000-7f049d000000 ---p 00000000 00:00 0 
7f049d000000-7f049daa0000 rwxp 00000000 00:00 0 
7f049daa0000-7f04ac000000 ---p 00000000 00:00 0 
7f04ac000000-7f04ac545000 rw-p 00000000 00:00 0 
7f04ac545000-7f04b0000000 ---p 00000000 00:00 0 
7f04b0000000-7f04b0004000 r--s 00000000 08:09 656954                     /var/cache/fontconfig/d589a48862398ed80a3d6066f4f56f4c-le64.cache-6
7f04b0004000-7f04b0007000 r--s 00000000 08:09 657841                     /var/cache/fontconfig/75114ca45c98e8a441da0ff356701271-le64.cache-6
7f04b0007000-7f04b0019000 r--s 00000000 08:09 655814                     /var/cache/fontconfig/9b89f8e3dae116d678bbf48e5f21f69b-le64.cache-6
7f04b0019000-7f04b003a000 rw-p 00000000 00:00 0 
7f04b003a000-7f04b003b000 ---p 00000000 00:00 0 
7f04b003b000-7f04b0165000 rw-p 00000000 00:00 0 
7f04b0165000-7f04b03cd000 ---p 00000000 00:00 0 
7f04b03cd000-7f04b03e2000 rw-p 00000000 00:00 0 
7f04b03e2000-7f04b0516000 ---p 00000000 00:00 0 
7f04b0516000-7f04b0542000 rw-p 00000000 00:00 0 
7f04b0542000-7f04b08d7000 ---p 00000000 00:00 0 
7f04b08d7000-7f04b08f1000 r-xp 00000000 08:09 2236805                    /home/ankurdengla/jdk1.8.0_102/jre/lib/amd64/libzip.so
7f04b08f1000-7f04b0af1000 ---p 0001a000 08:09 2236805                    /home/ankurdengla/jdk1.8.0_102/jre/lib/amd64/libzip.so
7f04b0af1000-7f04b0af2000 rw-p 0001a000 08:09 2236805                    /home/ankurdengla/jdk1.8.0_102/jre/lib/amd64/libzip.so
7f04b0af2000-7f04b0afd000 r-xp 00000000 08:09 398526                     /lib/x86_64-linux-gnu/libnss_files-2.23.so
7f04b0afd000-7f04b0cfc000 ---p 0000b000 08:09 398526                     /lib/x86_64-linux-gnu/libnss_files-2.23.so
7f04b0cfc000-7f04b0cfd000 r--p 0000a000 08:09 398526                     /lib/x86_64-linux-gnu/libnss_files-2.23.so
7f04b0cfd000-7f04b0cfe000 rw-p 0000b000 08:09 398526                     /lib/x86_64-linux-gnu/libnss_files-2.23.so
7f04b0cfe000-7f04b0d04000 rw-p 00000000 00:00 0 
7f04b0d04000-7f04b0d0f000 r-xp 00000000 08:09 398500                     /lib/x86_64-linux-gnu/libnss_nis-2.23.so
7f04b0d0f000-7f04b0f0e000 ---p 0000b000 08:09 398500                     /lib/x86_64-linux-gnu/libnss_nis-2.23.so
7f04b0f0e000-7f04b0f0f000 r--p 0000a000 08:09 398500                     /lib/x86_64-linux-gnu/libnss_nis-2.23.so
7f04b0f0f000-7f04b0f10000 rw-p 0000b000 08:09 398500                     /lib/x86_64-linux-gnu/libnss_nis-2.23.so
7f04b0f10000-7f04b0f26000 r-xp 00000000 08:09 398502                     /lib/x86_64-linux-gnu/libnsl-2.23.so
7f04b0f26000-7f04b1125000 ---p 00016000 08:09 398502                     /lib/x86_64-linux-gnu/libnsl-2.23.so
7f04b1125000-7f04b1126000 r--p 00015000 08:09 398502                     /lib/x86_64-linux-gnu/libnsl-2.23.so
7f04b1126000-7f04b1127000 rw-p 00016000 08:09 398502                     /lib/x86_64-linux-gnu/libnsl-2.23.so
7f04b1127000-7f04b1129000 rw-p 00000000 00:00 0 
7f04b1129000-7f04b1131000 r-xp 00000000 08:09 398537                     /lib/x86_64-linux-gnu/libnss_compat-2.23.so
7f04b1131000-7f04b1330000 ---p 00008000 08:09 398537                     /lib/x86_64-linux-gnu/libnss_compat-2.23.so
7f04b1330000-7f04b1331000 r--p 00007000 08:09 398537                     /lib/x86_64-linux-gnu/libnss_compat-2.23.so
7f04b1331000-7f04b1332000 rw-p 00008000 08:09 398537                     /lib/x86_64-linux-gnu/libnss_compat-2.23.so
7f04b1332000-7f04b135c000 r-xp 00000000 08:09 2236834                    /home/ankurdengla/jdk1.8.0_102/jre/lib/amd64/libjava.so
7f04b135c000-7f04b155c000 ---p 0002a000 08:09 2236834                    /home/ankurdengla/jdk1.8.0_102/jre/lib/amd64/libjava.so
7f04b155c000-7f04b155e000 rw-p 0002a000 08:09 2236834                    /home/ankurdengla/jdk1.8.0_102/jre/lib/amd64/libjava.so
7f04b155e000-7f04b156b000 r-xp 00000000 08:09 2236778                    /home/ankurdengla/jdk1.8.0_102/jre/lib/amd64/libverify.so
7f04b156b000-7f04b176b000 ---p 0000d000 08:09 2236778                    /home/ankurdengla/jdk1.8.0_102/jre/lib/amd64/libverify.so
7f04b176b000-7f04b176d000 rw-p 0000d000 08:09 2236778                    /home/ankurdengla/jdk1.8.0_102/jre/lib/amd64/libverify.so
7f04b176d000-7f04b1774000 r-xp 00000000 08:09 398545                     /lib/x86_64-linux-gnu/librt-2.23.so
7f04b1774000-7f04b1973000 ---p 00007000 08:09 398545                     /lib/x86_64-linux-gnu/librt-2.23.so
7f04b1973000-7f04b1974000 r--p 00006000 08:09 398545                     /lib/x86_64-linux-gnu/librt-2.23.so
7f04b1974000-7f04b1975000 rw-p 00007000 08:09 398545                     /lib/x86_64-linux-gnu/librt-2.23.so
7f04b1975000-7f04b1a7d000 r-xp 00000000 08:09 398501                     /lib/x86_64-linux-gnu/libm-2.23.so
7f04b1a7d000-7f04b1c7c000 ---p 00108000 08:09 398501                     /lib/x86_64-linux-gnu/libm-2.23.so
7f04b1c7c000-7f04b1c7d000 r--p 00107000 08:09 398501                     /lib/x86_64-linux-gnu/libm-2.23.so
7f04b1c7d000-7f04b1c7e000 rw-p 00108000 08:09 398501                     /lib/x86_64-linux-gnu/libm-2.23.so
7f04b1c7e000-7f04b294a000 r-xp 00000000 08:09 2236838                    /home/ankurdengla/jdk1.8.0_102/jre/lib/amd64/server/libjvm.so
7f04b294a000-7f04b2b4a000 ---p 00ccc000 08:09 2236838                    /home/ankurdengla/jdk1.8.0_102/jre/lib/amd64/server/libjvm.so
7f04b2b4a000-7f04b2c23000 rw-p 00ccc000 08:09 2236838                    /home/ankurdengla/jdk1.8.0_102/jre/lib/amd64/server/libjvm.so
7f04b2c23000-7f04b2c6e000 rw-p 00000000 00:00 0 
7f04b2c6e000-7f04b2e2d000 r-xp 00000000 08:09 398503                     /lib/x86_64-linux-gnu/libc-2.23.so
7f04b2e2d000-7f04b302d000 ---p 001bf000 08:09 398503                     /lib/x86_64-linux-gnu/libc-2.23.so
7f04b302d000-7f04b3031000 r--p 001bf000 08:09 398503                     /lib/x86_64-linux-gnu/libc-2.23.so
7f04b3031000-7f04b3033000 rw-p 001c3000 08:09 398503                     /lib/x86_64-linux-gnu/libc-2.23.so
7f04b3033000-7f04b3037000 rw-p 00000000 00:00 0 
7f04b3037000-7f04b303a000 r-xp 00000000 08:09 398499                     /lib/x86_64-linux-gnu/libdl-2.23.so
7f04b303a000-7f04b3239000 ---p 00003000 08:09 398499                     /lib/x86_64-linux-gnu/libdl-2.23.so
7f04b3239000-7f04b323a000 r--p 00002000 08:09 398499                     /lib/x86_64-linux-gnu/libdl-2.23.so
7f04b323a000-7f04b323b000 rw-p 00003000 08:09 398499                     /lib/x86_64-linux-gnu/libdl-2.23.so
7f04b323b000-7f04b3250000 r-xp 00000000 08:09 2235686                    /home/ankurdengla/jdk1.8.0_102/lib/amd64/jli/libjli.so
7f04b3250000-7f04b3450000 ---p 00015000 08:09 2235686                    /home/ankurdengla/jdk1.8.0_102/lib/amd64/jli/libjli.so
7f04b3450000-7f04b3451000 rw-p 00015000 08:09 2235686                    /home/ankurdengla/jdk1.8.0_102/lib/amd64/jli/libjli.so
7f04b3451000-7f04b3469000 r-xp 00000000 08:09 398602                     /lib/x86_64-linux-gnu/libpthread-2.23.so
7f04b3469000-7f04b3668000 ---p 00018000 08:09 398602                     /lib/x86_64-linux-gnu/libpthread-2.23.so
7f04b3668000-7f04b3669000 r--p 00017000 08:09 398602                     /lib/x86_64-linux-gnu/libpthread-2.23.so
7f04b3669000-7f04b366a000 rw-p 00018000 08:09 398602                     /lib/x86_64-linux-gnu/libpthread-2.23.so
7f04b366a000-7f04b366e000 rw-p 00000000 00:00 0 
7f04b366e000-7f04b3694000 r-xp 00000000 08:09 398508                     /lib/x86_64-linux-gnu/ld-2.23.so
7f04b3694000-7f04b3695000 r--s 00000000 08:09 657844                     /var/cache/fontconfig/30829fa25452a46451e813d634d7f916-le64.cache-6
7f04b3695000-7f04b36a2000 r--s 00000000 08:09 665514                     /var/cache/fontconfig/e13b20fdb08344e0e664864cc2ede53d-le64.cache-6
7f04b36a2000-7f04b376d000 rw-p 00000000 00:00 0 
7f04b376d000-7f04b3770000 ---p 00000000 00:00 0 
7f04b3770000-7f04b3872000 rw-p 00000000 00:00 0 
7f04b3872000-7f04b3873000 r--s 00000000 08:09 657843                     /var/cache/fontconfig/0c9eb80ebd1c36541ebe2852d3bb0c49-le64.cache-6
7f04b3873000-7f04b3875000 r--s 00000000 08:09 667083                     /var/cache/fontconfig/62f91419b9ebdb6975e7e41ab6412357-le64.cache-6
7f04b3875000-7f04b3879000 r--s 00000000 08:09 660893                     /var/cache/fontconfig/7ef2298fde41cc6eeb7af42e48b7d293-le64.cache-6
7f04b3879000-7f04b387e000 r--s 002f9000 08:09 2236695                    /home/ankurdengla/jdk1.8.0_102/jre/lib/charsets.jar
7f04b387e000-7f04b3886000 r--s 000c4000 08:09 2239289                    /home/ankurdengla/netbeans-8.1/ide/modules/ext/mysql-connector-java-5.1.23-bin.jar
7f04b3886000-7f04b3887000 r--s 00000000 08:09 2360784                    /home/ankurdengla/netbeans-8.1/java/modules/ext/AbsoluteLayout.jar
7f04b3887000-7f04b388f000 rw-s 00000000 08:09 393935                     /tmp/hsperfdata_ankurdengla/4334
7f04b388f000-7f04b3890000 rw-p 00000000 00:00 0 
7f04b3890000-7f04b3891000 r--p 00000000 00:00 0 
7f04b3891000-7f04b3893000 rw-p 00000000 00:00 0 
7f04b3893000-7f04b3894000 r--p 00025000 08:09 398508                     /lib/x86_64-linux-gnu/ld-2.23.so
7f04b3894000-7f04b3895000 rw-p 00026000 08:09 398508                     /lib/x86_64-linux-gnu/ld-2.23.so
7f04b3895000-7f04b3896000 rw-p 00000000 00:00 0 
7ffd93820000-7ffd93841000 rw-p 00000000 00:00 0                          [stack]
7ffd93943000-7ffd93945000 r--p 00000000 00:00 0                          [vvar]
7ffd93945000-7ffd93947000 r-xp 00000000 00:00 0                          [vdso]
ffffffffff600000-ffffffffff601000 r-xp 00000000 00:00 0                  [vsyscall]

VM Arguments:
jvm_args: -Dfile.encoding=UTF-8 
java_command: projectmanagementsystem.Startpage
java_class_path (initial): /home/ankurdengla/netbeans-8.1/java/modules/ext/AbsoluteLayout.jar:/home/ankurdengla/netbeans-8.1/ide/modules/ext/mysql-connector-java-5.1.23-bin.jar:/home/ankurdengla/Desktop/ProjectManagementSystem-master/build/classes
Launcher Type: SUN_STANDARD

Environment Variables:
JAVA_HOME=/usr/lib/jvm/java-8-oracle
PATH=/home/ankurdengla/bin:/home/ankurdengla/.local/bin:/usr/local/sbin:/usr/local/bin:/usr/sbin:/usr/bin:/sbin:/bin:/usr/games:/usr/local/games:/snap/bin:/usr/lib/jvm/java-8-oracle/bin:/usr/lib/jvm/java-8-oracle/db/bin:/usr/lib/jvm/java-8-oracle/jre/bin
USERNAME=ankurdengla
LD_LIBRARY_PATH=/home/ankurdengla/jdk1.8.0_102/jre/lib/amd64:/home/ankurdengla/jdk1.8.0_102/jre/lib/i386:
SHELL=/bin/bash
DISPLAY=:1

Signal Handlers:
SIGSEGV: [libjvm.so+0xac5b30], sa_mask[0]=11111111011111111101111111111110, sa_flags=SA_RESTART|SA_SIGINFO
SIGBUS: [libjvm.so+0xac5b30], sa_mask[0]=11111111011111111101111111111110, sa_flags=SA_RESTART|SA_SIGINFO
SIGFPE: [libjvm.so+0x91f470], sa_mask[0]=11111111011111111101111111111110, sa_flags=SA_RESTART|SA_SIGINFO
SIGPIPE: [libjvm.so+0x91f470], sa_mask[0]=11111111011111111101111111111110, sa_flags=SA_RESTART|SA_SIGINFO
SIGXFSZ: [libjvm.so+0x91f470], sa_mask[0]=11111111011111111101111111111110, sa_flags=SA_RESTART|SA_SIGINFO
SIGILL: [libjvm.so+0x91f470], sa_mask[0]=11111111011111111101111111111110, sa_flags=SA_RESTART|SA_SIGINFO
SIGUSR1: SIG_DFL, sa_mask[0]=00000000000000000000000000000000, sa_flags=none
SIGUSR2: [libjvm.so+0x920aa0], sa_mask[0]=00100000000000000000000000000000, sa_flags=SA_RESTART|SA_SIGINFO
SIGHUP: [libjvm.so+0x921ea0], sa_mask[0]=11111111011111111101111111111110, sa_flags=SA_RESTART|SA_SIGINFO
SIGINT: SIG_IGN, sa_mask[0]=00000000000000000000000000000000, sa_flags=none
SIGTERM: [libjvm.so+0x921ea0], sa_mask[0]=11111111011111111101111111111110, sa_flags=SA_RESTART|SA_SIGINFO
SIGQUIT: [libjvm.so+0x921ea0], sa_mask[0]=11111111011111111101111111111110, sa_flags=SA_RESTART|SA_SIGINFO


---------------  S Y S T E M  ---------------

OS:DISTRIB_ID=Ubuntu
DISTRIB_RELEASE=16.04
DISTRIB_CODENAME=xenial
DISTRIB_DESCRIPTION="Ubuntu 16.04.1 LTS"

uname:Linux 4.4.0-75-generic #96-Ubuntu SMP Thu Apr 20 09:56:33 UTC 2017 x86_64
libc:glibc 2.23 NPTL 2.23 
rlimit: STACK 8192k, CORE 0k, NPROC 30232, NOFILE 65536, AS infinity
load average:0.84 0.69 0.49

/proc/meminfo:
MemTotal:        8083640 kB
MemFree:         1425580 kB
MemAvailable:    2753808 kB
Buffers:           78912 kB
Cached:          2995764 kB
SwapCached:          144 kB
Active:          4366760 kB
Inactive:        2003624 kB
Active(anon):    3520572 kB
Inactive(anon):  1354144 kB
Active(file):     846188 kB
Inactive(file):   649480 kB
Unevictable:          32 kB
Mlocked:              32 kB
SwapTotal:       9756668 kB
SwapFree:        9756524 kB
Dirty:               280 kB
Writeback:             0 kB
AnonPages:       3290052 kB
Mapped:           704584 kB
Shmem:           1579224 kB
Slab:             161012 kB
SReclaimable:     105988 kB
SUnreclaim:        55024 kB
KernelStack:       13536 kB
PageTables:        42464 kB
NFS_Unstable:          0 kB
Bounce:                0 kB
WritebackTmp:          0 kB
CommitLimit:    13798488 kB
Committed_AS:    7585704 kB
VmallocTotal:   34359738367 kB
VmallocUsed:           0 kB
VmallocChunk:          0 kB
HardwareCorrupted:     0 kB
AnonHugePages:   2603008 kB
CmaTotal:              0 kB
CmaFree:               0 kB
HugePages_Total:       0
HugePages_Free:        0
HugePages_Rsvd:        0
HugePages_Surp:        0
Hugepagesize:       2048 kB
DirectMap4k:      240504 kB
DirectMap2M:     8056832 kB
DirectMap1G:           0 kB


CPU:total 4 (2 cores per cpu, 2 threads per core) family 6 model 61 stepping 4, cmov, cx8, fxsr, mmx, sse, sse2, sse3, ssse3, sse4.1, sse4.2, popcnt, avx, avx2, aes, clmul, erms, 3dnowpref, lzcnt, ht, tsc, tscinvbit, bmi1, bmi2, adx

/proc/cpuinfo:
processor	: 0
vendor_id	: GenuineIntel
cpu family	: 6
model		: 61
model name	: Intel(R) Core(TM) i5-5200U CPU @ 2.20GHz
stepping	: 4
microcode	: 0x19
cpu MHz		: 2499.921
cache size	: 3072 KB
physical id	: 0
siblings	: 4
core id		: 0
cpu cores	: 2
apicid		: 0
initial apicid	: 0
fpu		: yes
fpu_exception	: yes
cpuid level	: 20
wp		: yes
flags		: fpu vme de pse tsc msr pae mce cx8 apic sep mtrr pge mca cmov pat pse36 clflush dts acpi mmx fxsr sse sse2 ss ht tm pbe syscall nx pdpe1gb rdtscp lm constant_tsc arch_perfmon pebs bts rep_good nopl xtopology nonstop_tsc aperfmperf eagerfpu pni pclmulqdq dtes64 monitor ds_cpl vmx est tm2 ssse3 sdbg fma cx16 xtpr pdcm pcid sse4_1 sse4_2 x2apic movbe popcnt tsc_deadline_timer aes xsave avx f16c rdrand lahf_lm abm 3dnowprefetch epb intel_pt tpr_shadow vnmi flexpriority ept vpid fsgsbase tsc_adjust bmi1 avx2 smep bmi2 erms invpcid rdseed adx smap xsaveopt dtherm ida arat pln pts
bugs		:
bogomips	: 4389.94
clflush size	: 64
cache_alignment	: 64
address sizes	: 39 bits physical, 48 bits virtual
power management:

processor	: 1
vendor_id	: GenuineIntel
cpu family	: 6
model		: 61
model name	: Intel(R) Core(TM) i5-5200U CPU @ 2.20GHz
stepping	: 4
microcode	: 0x19
cpu MHz		: 2499.921
cache size	: 3072 KB
physical id	: 0
siblings	: 4
core id		: 1
cpu cores	: 2
apicid		: 2
initial apicid	: 2
fpu		: yes
fpu_exception	: yes
cpuid level	: 20
wp		: yes
flags		: fpu vme de pse tsc msr pae mce cx8 apic sep mtrr pge mca cmov pat pse36 clflush dts acpi mmx fxsr sse sse2 ss ht tm pbe syscall nx pdpe1gb rdtscp lm constant_tsc arch_perfmon pebs bts rep_good nopl xtopology nonstop_tsc aperfmperf eagerfpu pni pclmulqdq dtes64 monitor ds_cpl vmx est tm2 ssse3 sdbg fma cx16 xtpr pdcm pcid sse4_1 sse4_2 x2apic movbe popcnt tsc_deadline_timer aes xsave avx f16c rdrand lahf_lm abm 3dnowprefetch epb intel_pt tpr_shadow vnmi flexpriority ept vpid fsgsbase tsc_adjust bmi1 avx2 smep bmi2 erms invpcid rdseed adx smap xsaveopt dtherm ida arat pln pts
bugs		:
bogomips	: 4389.94
clflush size	: 64
cache_alignment	: 64
address sizes	: 39 bits physical, 48 bits virtual
power management:

processor	: 2
vendor_id	: GenuineIntel
cpu family	: 6
model		: 61
model name	: Intel(R) Core(TM) i5-5200U CPU @ 2.20GHz
stepping	: 4
microcode	: 0x19
cpu MHz		: 2499.921
cache size	: 3072 KB
physical id	: 0
siblings	: 4
core id		: 0
cpu cores	: 2
apicid		: 1
initial apicid	: 1
fpu		: yes
fpu_exception	: yes
cpuid level	: 20
wp		: yes
flags		: fpu vme de pse tsc msr pae mce cx8 apic sep mtrr pge mca cmov pat pse36 clflush dts acpi mmx fxsr sse sse2 ss ht tm pbe syscall nx pdpe1gb rdtscp lm constant_tsc arch_perfmon pebs bts rep_good nopl xtopology nonstop_tsc aperfmperf eagerfpu pni pclmulqdq dtes64 monitor ds_cpl vmx est tm2 ssse3 sdbg fma cx16 xtpr pdcm pcid sse4_1 sse4_2 x2apic movbe popcnt tsc_deadline_timer aes xsave avx f16c rdrand lahf_lm abm 3dnowprefetch epb intel_pt tpr_shadow vnmi flexpriority ept vpid fsgsbase tsc_adjust bmi1 avx2 smep bmi2 erms invpcid rdseed adx smap xsaveopt dtherm ida arat pln pts
bugs		:
bogomips	: 4389.94
clflush size	: 64
cache_alignment	: 64
address sizes	: 39 bits physical, 48 bits virtual
power management:

processor	: 3
vendor_id	: GenuineIntel
cpu family	: 6
model		: 61
model name	: Intel(R) Core(TM) i5-5200U CPU @ 2.20GHz
stepping	: 4
microcode	: 0x19
cpu MHz		: 2499.921
cache size	: 3072 KB
physical id	: 0
siblings	: 4
core id		: 1
cpu cores	: 2
apicid		: 3
initial apicid	: 3
fpu		: yes
fpu_exception	: yes
cpuid level	: 20
wp		: yes
flags		: fpu vme de pse tsc msr pae mce cx8 apic sep mtrr pge mca cmov pat pse36 clflush dts acpi mmx fxsr sse sse2 ss ht tm pbe syscall nx pdpe1gb rdtscp lm constant_tsc arch_perfmon pebs bts rep_good nopl xtopology nonstop_tsc aperfmperf eagerfpu pni pclmulqdq dtes64 monitor ds_cpl vmx est tm2 ssse3 sdbg fma cx16 xtpr pdcm pcid sse4_1 sse4_2 x2apic movbe popcnt tsc_deadline_timer aes xsave avx f16c rdrand lahf_lm abm 3dnowprefetch epb intel_pt tpr_shadow vnmi flexpriority ept vpid fsgsbase tsc_adjust bmi1 avx2 smep bmi2 erms invpcid rdseed adx smap xsaveopt dtherm ida arat pln pts
bugs		:
bogomips	: 4389.94
clflush size	: 64
cache_alignment	: 64
address sizes	: 39 bits physical, 48 bits virtual
power management:



Memory: 4k page, physical 8083640k(1468560k free), swap 9756668k(9756524k free)

vm_info: Java HotSpot(TM) 64-Bit Server VM (25.102-b14) for linux-amd64 JRE (1.8.0_102-b14), built on Jun 22 2016 18:43:17 by "java_re" with gcc 4.3.0 20080428 (Red Hat 4.3.0-8)

time: Fri Apr 28 07:01:31 2017
elapsed time: 6344 seconds (0d 1h 45m 44s)

