#
# A fatal error has been detected by the Java Runtime Environment:
#
#  SIGSEGV (0xb) at pc=0x00007f1b91069a7a, pid=5887, tid=0x00007f1b5a1ae700
#
# JRE version: Java(TM) SE Runtime Environment (8.0_102-b14) (build 1.8.0_102-b14)
# Java VM: Java HotSpot(TM) 64-Bit Server VM (25.102-b14 mixed mode linux-amd64 compressed oops)
# Problematic frame:
# v  ~BufferBlob::jni_fast_GetLongField
#
# Failed to write core dump. Core dumps have been disabled. To enable core dumping, try "ulimit -c unlimited" before starting Java again
#
# If you would like to submit a bug report, please visit:
#   http://bugreport.java.com/bugreport/crash.jsp
# The crash happened outside the Java Virtual Machine in native code.
# See problematic frame for where to report the bug.
#

---------------  T H R E A D  ---------------

Current thread (0x00007f1ba0230800):  JavaThread "AWT-XAWT" daemon [_thread_in_native, id=5907, stack(0x00007f1b5a0ae000,0x00007f1b5a1af000)]

siginfo: si_signo: 11 (SIGSEGV), si_code: 1 (SEGV_MAPERR), si_addr: 0x0000000000000000

Registers:
RAX=0x00007f1ba8c1ef60, RBX=0x00007f1ba02309f8, RCX=0x00007f1ba96862c0, RDX=0x0000000000000042
RSP=0x00007f1b5a1ad7b8, RBP=0x00007f1b5a1ad7e0, RSI=0x0000000000000000, RDI=0x00007f1ba02309f8
R8 =0x00000000d8d08248, R9 =0x0000000000000000, R10=0x000000000000010c, R11=0x00007f1b91517e58
R12=0x00007f1b40070610, R13=0x0000000000000000, R14=0x00007f1b5bd2d7e0, R15=0x00007f1ba0230800
RIP=0x00007f1b91069a7a, EFLAGS=0x0000000000010246, CSGSFS=0x0000000000000033, ERR=0x0000000000000004
  TRAPNO=0x000000000000000e

Top of Stack: (sp=0x00007f1b5a1ad7b8)
0x00007f1b5a1ad7b8:   00007f1b5bb0bef1 00007f1ba5379fe0
0x00007f1b5a1ad7c8:   00007f1b40070610 00007f1b5a1ad890
0x00007f1b5a1ad7d8:   00007f1b5a1ad860 0000000000000000
0x00007f1b5a1ad7e8:   00007f1b5b7ff3c0 00007f1ba5379fe0
0x00007f1b5a1ad7f8:   00007f1b5a1ad820 0000000000000000
0x00007f1b5a1ad808:   00007f1b5b7f6f93 00007f1b5a1ad890
0x00007f1b5a1ad818:   00007f1b5bb0512f 00007f1b5a1ad870
0x00007f1b5a1ad828:   00007f1b91517ef6 0000000000000000
0x00007f1b5a1ad838:   00007f1b91231ef6 00007f1b5a1ad890
0x00007f1b5a1ad848:   00007f1b911602ac 000000008587a018
0x00007f1b5a1ad858:   00007f1b5a1ad8f0 00000000850784b0
0x00007f1b5a1ad868:   0000000000000000 00007f1b5a1ad8f0
0x00007f1b5a1ad878:   00007f1b91007a90 00007f1b5a1ad8f0
0x00007f1b5a1ad888:   00007f1b91007a90 0000000000000000
0x00007f1b5a1ad898:   00007f1b91007dd0 00007f1b48000e30
0x00007f1b5a1ad8a8:   000000008587a018 00007f1b5a1ad8b0
0x00007f1b5a1ad8b8:   00007f1ba5359d7c 00007f1b5a1ad938
0x00007f1b5a1ad8c8:   00007f1ba5362d18 0000000000000000
0x00007f1b5a1ad8d8:   00007f1ba5359eb8 00007f1b5a1ad890
0x00007f1b5a1ad8e8:   00007f1b5a1ad930 00007f1b5a1ad980
0x00007f1b5a1ad8f8:   00007f1b910082bd 0000000000000000
0x00007f1b5a1ad908:   00000000d80cb9b0 0000000000000000
0x00007f1b5a1ad918:   0000000000000000 0000000000000000
0x00007f1b5a1ad928:   000000008587a018 0000000000000000
0x00007f1b5a1ad938:   00000000d91f2bf0 00007f1b5a1ad940
0x00007f1b5a1ad948:   00007f1ba5359bbd 00007f1b5a1ad990
0x00007f1b5a1ad958:   00007f1ba5362d18 0000000000000000
0x00007f1b5a1ad968:   00007f1ba5359bc8 00007f1b5a1ad930
0x00007f1b5a1ad978:   00007f1b5a1ad990 00007f1b5a1ad9d8
0x00007f1b5a1ad988:   00007f1b91008302 00000000d91f2bf0
0x00007f1b5a1ad998:   00007f1b5a1ad998 00007f1ba4f1494b
0x00007f1b5a1ad9a8:   00007f1b5a1ad9e8 00007f1ba4f9bfd0 

Instructions: (pc=0x00007f1b91069a7a)
0x00007f1b91069a5a:   00 00 00 00 00 00 44 8b 15 61 4f bf 17 4c 8b ce
0x00007f1b91069a6a:   41 f6 c2 01 0f 85 2e 00 00 00 4d 33 ca 4d 33 ca
0x00007f1b91069a7a:   4d 8b 09 4c 8b da 49 c1 eb 02 4b 8b 04 19 49 bb
0x00007f1b91069a8a:   c8 e9 c5 a8 1b 7f 00 00 4c 33 d8 4c 33 d8 45 3b 

Register to memory mapping:

RAX=0x00007f1ba8c1ef60: <offset 0xf83f60> in /home/ankurdengla/jdk1.8.0_102/jre/lib/amd64/server/libjvm.so at 0x00007f1ba7c9b000
RBX=0x00007f1ba02309f8 is an unknown value
RCX=0x00007f1ba96862c0: <offset 0x2182c0> in /lib/x86_64-linux-gnu/libpthread.so.0 at 0x00007f1ba946e000
RDX=0x0000000000000042 is an unknown value
RSP=0x00007f1b5a1ad7b8 is pointing into the stack for thread: 0x00007f1ba0230800
RBP=0x00007f1b5a1ad7e0 is pointing into the stack for thread: 0x00007f1ba0230800
RSI=0x0000000000000000 is an unknown value
RDI=0x00007f1ba02309f8 is an unknown value
R8 =0x00000000d8d08248 is an oop
sun.util.logging.PlatformLogger$Level 
 - klass: 'sun/util/logging/PlatformLogger$Level'
R9 =0x0000000000000000 is an unknown value
R10=0x000000000000010c is an unknown value
R11=0x00007f1b91517e58 is at entry_point+24 in (nmethod*)0x00007f1b91517cd0
R12=0x00007f1b40070610 is an unknown value
R13=0x0000000000000000 is an unknown value
R14=0x00007f1b5bd2d7e0: <offset 0x2587e0> in /home/ankurdengla/jdk1.8.0_102/jre/lib/amd64/libawt_xawt.so at 0x00007f1b5bad5000
R15=0x00007f1ba0230800 is a thread


Stack: [0x00007f1b5a0ae000,0x00007f1b5a1af000],  sp=0x00007f1b5a1ad7b8,  free space=1021k
Native frames: (J=compiled Java code, j=interpreted, Vv=VM code, C=native code)
v  ~BufferBlob::jni_fast_GetLongField
C  [libX11.so.6+0x643c0]  _XimServerDestroy+0x70

Java frames: (J=compiled Java code, j=interpreted, Vv=VM code)
J 1706  sun.awt.X11.XlibWrapper.XFilterEvent(JJ)Z (0 bytes) @ 0x00007f1b91517e84 [0x00007f1b91517e40+0x44]
j  sun.awt.X11.XToolkit.run(Z)V+300
j  sun.awt.X11.XToolkit.run()V+5
j  java.lang.Thread.run()V+11
v  ~StubRoutines::call_stub

---------------  P R O C E S S  ---------------

Java Threads: ( => current thread )
  0x00007f1b40196000 JavaThread "Abandoned connection cleanup thread" daemon [_thread_blocked, id=5913, stack(0x00007f1b59482000,0x00007f1b59583000)]
  0x00007f1b40135800 JavaThread "TimerQueue" daemon [_thread_blocked, id=5912, stack(0x00007f1b58cc6000,0x00007f1b58dc7000)]
  0x00007f1ba000a000 JavaThread "DestroyJavaVM" [_thread_blocked, id=5888, stack(0x00007f1ba978a000,0x00007f1ba988b000)]
  0x00007f1ba02bb000 JavaThread "AWT-EventQueue-0" [_thread_blocked, id=5909, stack(0x00007f1b59783000,0x00007f1b59884000)]
  0x00007f1ba0262000 JavaThread "AWT-Shutdown" [_thread_blocked, id=5908, stack(0x00007f1b59884000,0x00007f1b59985000)]
=>0x00007f1ba0230800 JavaThread "AWT-XAWT" daemon [_thread_in_native, id=5907, stack(0x00007f1b5a0ae000,0x00007f1b5a1af000)]
  0x00007f1ba0218800 JavaThread "Java2D Disposer" daemon [_thread_blocked, id=5906, stack(0x00007f1b5a5bf000,0x00007f1b5a6c0000)]
  0x00007f1ba00c0000 JavaThread "Service Thread" daemon [_thread_blocked, id=5904, stack(0x00007f1b9011c000,0x00007f1b9021d000)]
  0x00007f1ba00bd000 JavaThread "C1 CompilerThread2" daemon [_thread_blocked, id=5903, stack(0x00007f1b9021d000,0x00007f1b9031e000)]
  0x00007f1ba00bb000 JavaThread "C2 CompilerThread1" daemon [_thread_blocked, id=5902, stack(0x00007f1b9031e000,0x00007f1b9041f000)]
  0x00007f1ba00b8000 JavaThread "C2 CompilerThread0" daemon [_thread_blocked, id=5901, stack(0x00007f1b9041f000,0x00007f1b90520000)]
  0x00007f1ba00b6800 JavaThread "Signal Dispatcher" daemon [_thread_in_native, id=5900, stack(0x00007f1b90520000,0x00007f1b90621000)]
  0x00007f1ba0084000 JavaThread "Finalizer" daemon [_thread_blocked, id=5899, stack(0x00007f1b908f9000,0x00007f1b909fa000)]
  0x00007f1ba007f800 JavaThread "Reference Handler" daemon [_thread_blocked, id=5898, stack(0x00007f1b909fa000,0x00007f1b90afb000)]

Other Threads:
  0x00007f1ba0077800 VMThread [stack: 0x00007f1b90afb000,0x00007f1b90bfc000] [id=5897]
  0x00007f1ba00c3000 WatcherThread [stack: 0x00007f1b9001b000,0x00007f1b9011c000] [id=5905]

VM state:not at safepoint (normal execution)

VM Mutex/Monitor currently owned by a thread: None

Heap:
 PSYoungGen      total 36864K, used 26555K [0x00000000d6e00000, 0x00000000d9700000, 0x0000000100000000)
  eden space 31744K, 67% used [0x00000000d6e00000,0x00000000d82ef368,0x00000000d8d00000)
  from space 5120K, 99% used [0x00000000d8d00000,0x00000000d91ff950,0x00000000d9200000)
  to   space 5120K, 0% used [0x00000000d9200000,0x00000000d9200000,0x00000000d9700000)
 ParOldGen       total 84992K, used 26036K [0x0000000084a00000, 0x0000000089d00000, 0x00000000d6e00000)
  object space 84992K, 30% used [0x0000000084a00000,0x000000008636d068,0x0000000089d00000)
 Metaspace       used 19720K, capacity 19870K, committed 20224K, reserved 1067008K
  class space    used 2228K, capacity 2283K, committed 2304K, reserved 1048576K

Card table byte_map: [0x00007f1ba6158000,0x00007f1ba6534000] byte_map_base: 0x00007f1ba5d33000

Marking Bits: (ParMarkBitMap*) 0x00007f1ba8c5dc60
 Begin Bits: [0x00007f1b88250000, 0x00007f1b8a128000)
 End Bits:   [0x00007f1b8a128000, 0x00007f1b8c000000)

Polling page: 0x00007f1ba98ad000

CodeCache: size=245760Kb used=9573Kb max_used=9625Kb free=236186Kb
 bounds [0x00007f1b91000000, 0x00007f1b91990000, 0x00007f1ba0000000]
 total_blobs=3604 nmethods=2954 adapters=561
 compilation: enabled

Compilation events (10 events):
Event: 3143.519 Thread 0x00007f1ba00bd000 3209       3       java.util.Collections$UnmodifiableCollection::iterator (9 bytes)
Event: 3143.520 Thread 0x00007f1ba00bd000 nmethod 3209 0x00007f1b91345250 code [0x00007f1b913453e0, 0x00007f1b91345748]
Event: 3143.520 Thread 0x00007f1ba00bd000 3210       3       java.util.Collections$UnmodifiableCollection$1::<init> (26 bytes)
Event: 3143.520 Thread 0x00007f1ba00bd000 nmethod 3210 0x00007f1b9130dc50 code [0x00007f1b9130ddc0, 0x00007f1b9130e088]
Event: 3237.545 Thread 0x00007f1ba00bd000 3211       3       sun.awt.X11.XEvent::get_xclient (22 bytes)
Event: 3237.546 Thread 0x00007f1ba00bd000 nmethod 3211 0x00007f1b9125e010 code [0x00007f1b9125e1c0, 0x00007f1b9125e778]
Event: 3237.546 Thread 0x00007f1ba00bd000 3212       3       sun.awt.X11.XClientMessageEvent::<init> (30 bytes)
Event: 3237.546 Thread 0x00007f1ba00bd000 nmethod 3212 0x00007f1b9125d910 code [0x00007f1b9125daa0, 0x00007f1b9125de48]
Event: 3248.906 Thread 0x00007f1ba00bd000 3213       3       sun.awt.X11.XDragAndDropProtocols::getDropTargetProtocols (9 bytes)
Event: 3248.906 Thread 0x00007f1ba00bd000 nmethod 3213 0x00007f1b9125d190 code [0x00007f1b9125d320, 0x00007f1b9125d748]

GC Heap History (6 events):
Event: 1.842 GC heap before
{Heap before GC invocations=1 (full 0):
 PSYoungGen      total 36864K, used 31744K [0x00000000d6e00000, 0x00000000d9700000, 0x0000000100000000)
  eden space 31744K, 100% used [0x00000000d6e00000,0x00000000d8d00000,0x00000000d8d00000)
  from space 5120K, 0% used [0x00000000d9200000,0x00000000d9200000,0x00000000d9700000)
  to   space 5120K, 0% used [0x00000000d8d00000,0x00000000d8d00000,0x00000000d9200000)
 ParOldGen       total 84992K, used 0K [0x0000000084a00000, 0x0000000089d00000, 0x00000000d6e00000)
  object space 84992K, 0% used [0x0000000084a00000,0x0000000084a00000,0x0000000089d00000)
 Metaspace       used 14527K, capacity 14716K, committed 14976K, reserved 1062912K
  class space    used 1811K, capacity 1894K, committed 1920K, reserved 1048576K
Event: 1.856 GC heap after
Heap after GC invocations=1 (full 0):
 PSYoungGen      total 36864K, used 5100K [0x00000000d6e00000, 0x00000000d9700000, 0x0000000100000000)
  eden space 31744K, 0% used [0x00000000d6e00000,0x00000000d6e00000,0x00000000d8d00000)
  from space 5120K, 99% used [0x00000000d8d00000,0x00000000d91fb060,0x00000000d9200000)
  to   space 5120K, 0% used [0x00000000d9200000,0x00000000d9200000,0x00000000d9700000)
 ParOldGen       total 84992K, used 7719K [0x0000000084a00000, 0x0000000089d00000, 0x00000000d6e00000)
  object space 84992K, 9% used [0x0000000084a00000,0x0000000085189db0,0x0000000089d00000)
 Metaspace       used 14527K, capacity 14716K, committed 14976K, reserved 1062912K
  class space    used 1811K, capacity 1894K, committed 1920K, reserved 1048576K
}
Event: 42.327 GC heap before
{Heap before GC invocations=2 (full 0):
 PSYoungGen      total 36864K, used 35777K [0x00000000d6e00000, 0x00000000d9700000, 0x0000000100000000)
  eden space 31744K, 96% used [0x00000000d6e00000,0x00000000d8bf56a8,0x00000000d8d00000)
  from space 5120K, 99% used [0x00000000d8d00000,0x00000000d91fb060,0x00000000d9200000)
  to   space 5120K, 0% used [0x00000000d9200000,0x00000000d9200000,0x00000000d9700000)
 ParOldGen       total 84992K, used 7719K [0x0000000084a00000, 0x0000000089d00000, 0x00000000d6e00000)
  object space 84992K, 9% used [0x0000000084a00000,0x0000000085189db0,0x0000000089d00000)
 Metaspace       used 19267K, capacity 19468K, committed 19712K, reserved 1067008K
  class space    used 2217K, capacity 2280K, committed 2304K, reserved 1048576K
Event: 42.337 GC heap after
Heap after GC invocations=2 (full 0):
 PSYoungGen      total 36864K, used 5116K [0x00000000d6e00000, 0x00000000d9700000, 0x0000000100000000)
  eden space 31744K, 0% used [0x00000000d6e00000,0x00000000d6e00000,0x00000000d8d00000)
  from space 5120K, 99% used [0x00000000d9200000,0x00000000d96ff0c0,0x00000000d9700000)
  to   space 5120K, 0% used [0x00000000d8d00000,0x00000000d8d00000,0x00000000d9200000)
 ParOldGen       total 84992K, used 17009K [0x0000000084a00000, 0x0000000089d00000, 0x00000000d6e00000)
  object space 84992K, 20% used [0x0000000084a00000,0x0000000085a9c5b0,0x0000000089d00000)
 Metaspace       used 19267K, capacity 19468K, committed 19712K, reserved 1067008K
  class space    used 2217K, capacity 2280K, committed 2304K, reserved 1048576K
}
Event: 70.564 GC heap before
{Heap before GC invocations=3 (full 0):
 PSYoungGen      total 36864K, used 29984K [0x00000000d6e00000, 0x00000000d9700000, 0x0000000100000000)
  eden space 31744K, 78% used [0x00000000d6e00000,0x00000000d86490c0,0x00000000d8d00000)
  from space 5120K, 99% used [0x00000000d9200000,0x00000000d96ff0c0,0x00000000d9700000)
  to   space 5120K, 0% used [0x00000000d8d00000,0x00000000d8d00000,0x00000000d9200000)
 ParOldGen       total 84992K, used 17009K [0x0000000084a00000, 0x0000000089d00000, 0x00000000d6e00000)
  object space 84992K, 20% used [0x0000000084a00000,0x0000000085a9c5b0,0x0000000089d00000)
 Metaspace       used 19599K, capacity 19800K, committed 19968K, reserved 1067008K
  class space    used 2226K, capacity 2282K, committed 2304K, reserved 1048576K
Event: 70.575 GC heap after
Heap after GC invocations=3 (full 0):
 PSYoungGen      total 36864K, used 5118K [0x00000000d6e00000, 0x00000000d9700000, 0x0000000100000000)
  eden space 31744K, 0% used [0x00000000d6e00000,0x00000000d6e00000,0x00000000d8d00000)
  from space 5120K, 99% used [0x00000000d8d00000,0x00000000d91ff950,0x00000000d9200000)
  to   space 5120K, 0% used [0x00000000d9200000,0x00000000d9200000,0x00000000d9700000)
 ParOldGen       total 84992K, used 26036K [0x0000000084a00000, 0x0000000089d00000, 0x00000000d6e00000)
  object space 84992K, 30% used [0x0000000084a00000,0x000000008636d068,0x0000000089d00000)
 Metaspace       used 19599K, capacity 19800K, committed 19968K, reserved 1067008K
  class space    used 2226K, capacity 2282K, committed 2304K, reserved 1048576K
}

Deoptimization events (10 events):
Event: 4.560 Thread 0x00007f1ba02bb000 Uncommon trap: reason=class_check action=maybe_recompile pc=0x00007f1b91153224 method=java.lang.String.equals(Ljava/lang/Object;)Z @ 8
Event: 5.126 Thread 0x00007f1ba02bb000 Uncommon trap: reason=class_check action=maybe_recompile pc=0x00007f1b91153224 method=java.lang.String.equals(Ljava/lang/Object;)Z @ 8
Event: 5.126 Thread 0x00007f1ba02bb000 Uncommon trap: reason=class_check action=maybe_recompile pc=0x00007f1b91153224 method=java.lang.String.equals(Ljava/lang/Object;)Z @ 8
Event: 15.036 Thread 0x00007f1ba02bb000 Uncommon trap: reason=unstable_if action=reinterpret pc=0x00007f1b912d6850 method=sun.nio.cs.UTF_8$Decoder.decode([BII[C)I @ 30
Event: 15.148 Thread 0x00007f1ba02bb000 Uncommon trap: reason=unstable_if action=reinterpret pc=0x00007f1b912ba660 method=java.lang.String.indexOf([CII[CIII)I @ 3
Event: 15.337 Thread 0x00007f1ba02bb000 Uncommon trap: reason=unstable_if action=reinterpret pc=0x00007f1b914220f0 method=java.lang.StrictMath.floorOrCeil(DDDD)D @ 14
Event: 47.437 Thread 0x00007f1ba02bb000 Uncommon trap: reason=unstable_if action=reinterpret pc=0x00007f1b917f70e4 method=java.awt.Container$MouseEventTargetFilter.accept(Ljava/awt/Component;)Z @ 57
Event: 53.302 Thread 0x00007f1ba02bb000 Uncommon trap: reason=null_check action=make_not_entrant pc=0x00007f1b9185fad8 method=javax.swing.plaf.nimbus.NimbusDefaults$LazyStyle.matches(Ljava/awt/Component;I)Z @ 39
Event: 95.117 Thread 0x00007f1ba02bb000 Uncommon trap: reason=unstable_if action=reinterpret pc=0x00007f1b9122900c method=sun.font.CMap$CMapFormat4.getGlyph(I)C @ 181
Event: 3310.272 Thread 0x00007f1ba0230800 Uncommon trap: reason=bimorphic action=maybe_recompile pc=0x00007f1b91974ff4 method=sun.awt.X11.XToolkit.dispatchEvent(Lsun/awt/X11/XEvent;)V @ 167

Internal exceptions (10 events):
Event: 42.469 Thread 0x00007f1ba02bb000 Exception <a 'java/lang/UnsupportedOperationException': > (0x00000000d7f57e68) thrown at [/HUDSON3/workspace/8-2-build-linux-amd64/jdk8u102/7268/hotspot/src/share/vm/prims/jni.cpp, line 735]
Event: 44.470 Thread 0x00007f1ba02bb000 Exception <a 'java/lang/UnsupportedOperationException': > (0x00000000d7f712d0) thrown at [/HUDSON3/workspace/8-2-build-linux-amd64/jdk8u102/7268/hotspot/src/share/vm/prims/jni.cpp, line 735]
Event: 48.094 Thread 0x00007f1ba02bb000 Exception <a 'java/lang/UnsupportedOperationException': > (0x00000000d80bb3f0) thrown at [/HUDSON3/workspace/8-2-build-linux-amd64/jdk8u102/7268/hotspot/src/share/vm/prims/jni.cpp, line 735]
Event: 53.302 Thread 0x00007f1ba02bb000 Implicit null exception at 0x00007f1b9185ed4e to 0x00007f1b9185facd
Event: 53.352 Thread 0x00007f1ba02bb000 Exception <a 'java/lang/UnsupportedOperationException': > (0x00000000d81f0910) thrown at [/HUDSON3/workspace/8-2-build-linux-amd64/jdk8u102/7268/hotspot/src/share/vm/prims/jni.cpp, line 735]
Event: 55.908 Thread 0x00007f1ba02bb000 Exception <a 'java/lang/UnsupportedOperationException': > (0x00000000d82d6650) thrown at [/HUDSON3/workspace/8-2-build-linux-amd64/jdk8u102/7268/hotspot/src/share/vm/prims/jni.cpp, line 735]
Event: 70.796 Thread 0x00007f1ba02bb000 Exception <a 'java/lang/UnsupportedOperationException': > (0x00000000d7defbf8) thrown at [/HUDSON3/workspace/8-2-build-linux-amd64/jdk8u102/7268/hotspot/src/share/vm/prims/jni.cpp, line 735]
Event: 72.124 Thread 0x00007f1ba02bb000 Exception <a 'java/lang/UnsupportedOperationException': > (0x00000000d7e0c570) thrown at [/HUDSON3/workspace/8-2-build-linux-amd64/jdk8u102/7268/hotspot/src/share/vm/prims/jni.cpp, line 735]
Event: 86.855 Thread 0x00007f1ba02bb000 Exception <a 'java/lang/UnsupportedOperationException': > (0x00000000d8075e80) thrown at [/HUDSON3/workspace/8-2-build-linux-amd64/jdk8u102/7268/hotspot/src/share/vm/prims/jni.cpp, line 735]
Event: 95.166 Thread 0x00007f1ba02bb000 Exception <a 'java/lang/UnsupportedOperationException': > (0x00000000d812bd38) thrown at [/HUDSON3/workspace/8-2-build-linux-amd64/jdk8u102/7268/hotspot/src/share/vm/prims/jni.cpp, line 735]

Events (10 events):
Event: 95.124 Thread 0x00007f1ba00bd000 flushing nmethod 0x00007f1b9134fb90
Event: 95.124 Thread 0x00007f1ba00bd000 flushing nmethod 0x00007f1b91350b10
Event: 95.124 Thread 0x00007f1ba00bd000 flushing nmethod 0x00007f1b91350e10
Event: 95.138 Thread 0x00007f1ba00bd000 flushing nmethod 0x00007f1b913cef10
Event: 95.144 Thread 0x00007f1ba00bb000 flushing nmethod 0x00007f1b913ff390
Event: 3310.272 Thread 0x00007f1ba0230800 Uncommon trap: trap_request=0xffffffc6 fr.pc=0x00007f1b91974ff4
Event: 3310.272 Thread 0x00007f1ba0230800 DEOPT PACKING pc=0x00007f1b91974ff4 sp=0x00007f1b5a1ad7e0
Event: 3310.272 Thread 0x00007f1ba0230800 DEOPT UNPACKING pc=0x00007f1b91005229 sp=0x00007f1b5a1ad7f8 mode 2
Event: 3310.272 loading class sun/awt/X11/XDestroyWindowEvent
Event: 3310.273 loading class sun/awt/X11/XDestroyWindowEvent done


Dynamic libraries:
00400000-00401000 r-xp 00000000 08:09 2236664                            /home/ankurdengla/jdk1.8.0_102/bin/java
00600000-00601000 rw-p 00000000 08:09 2236664                            /home/ankurdengla/jdk1.8.0_102/bin/java
00f85000-00fa6000 rw-p 00000000 00:00 0                                  [heap]
84a00000-89d00000 rw-p 00000000 00:00 0 
89d00000-d6e00000 ---p 00000000 00:00 0 
d6e00000-d9700000 rw-p 00000000 00:00 0 
d9700000-100000000 ---p 00000000 00:00 0 
100000000-100240000 rw-p 00000000 00:00 0 
100240000-140000000 ---p 00000000 00:00 0 
7f1b30000000-7f1b30021000 rw-p 00000000 00:00 0 
7f1b30021000-7f1b34000000 ---p 00000000 00:00 0 
7f1b38000000-7f1b38021000 rw-p 00000000 00:00 0 
7f1b38021000-7f1b3c000000 ---p 00000000 00:00 0 
7f1b3e84a000-7f1b3ef9e000 rw-s 00000000 00:05 95518735                   /SYSV00000000 (deleted)
7f1b3f787000-7f1b3f907000 rw-p 00000000 00:00 0 
7f1b3f907000-7f1b3f987000 ---p 00000000 00:00 0 
7f1b40000000-7f1b40375000 rw-p 00000000 00:00 0 
7f1b40375000-7f1b44000000 ---p 00000000 00:00 0 
7f1b44000000-7f1b444d5000 rw-p 00000000 00:00 0 
7f1b444d5000-7f1b48000000 ---p 00000000 00:00 0 
7f1b48000000-7f1b48029000 rw-p 00000000 00:00 0 
7f1b48029000-7f1b4c000000 ---p 00000000 00:00 0 
7f1b4c000000-7f1b4c021000 rw-p 00000000 00:00 0 
7f1b4c021000-7f1b50000000 ---p 00000000 00:00 0 
7f1b50000000-7f1b50021000 rw-p 00000000 00:00 0 
7f1b50021000-7f1b54000000 ---p 00000000 00:00 0 
7f1b54000000-7f1b54021000 rw-p 00000000 00:00 0 
7f1b54021000-7f1b58000000 ---p 00000000 00:00 0 
7f1b58102000-7f1b5810d000 r--s 00000000 08:09 657864                     /var/cache/fontconfig/945677eb7aeaf62f1d50efc3fb3ec7d8-le64.cache-6
7f1b5810d000-7f1b58113000 r--s 00000000 08:09 657862                     /var/cache/fontconfig/2cd17615ca594fa2959ae173292e504c-le64.cache-6
7f1b58113000-7f1b58114000 r--s 00000000 08:09 657861                     /var/cache/fontconfig/0d8c3b2ac0904cb8a57a757ad11a4a08-le64.cache-6
7f1b58114000-7f1b58118000 r--s 00000000 08:09 658222                     /var/cache/fontconfig/de156ccd2eddbdc19d37a45b8b2aac9c-le64.cache-6
7f1b58118000-7f1b5812d000 r--s 00000000 08:09 657860                     /var/cache/fontconfig/04aabc0a78ac019cf9454389977116d2-le64.cache-6
7f1b5812d000-7f1b5812e000 r--s 00000000 08:09 657859                     /var/cache/fontconfig/1ac9eb803944fde146138c791f5cc56a-le64.cache-6
7f1b5812e000-7f1b58132000 r--s 00000000 08:09 657858                     /var/cache/fontconfig/385c0604a188198f04d133e54aba7fe7-le64.cache-6
7f1b58132000-7f1b58135000 r--s 00000000 08:09 657856                     /var/cache/fontconfig/767a8244fc0220cfb567a839d0392e0b-le64.cache-6
7f1b58135000-7f1b5813a000 r--s 00000000 08:09 657854                     /var/cache/fontconfig/8801497958630a81b71ace7c5f9b32a8-le64.cache-6
7f1b5813a000-7f1b58175000 r--s 00000000 08:09 657853                     /var/cache/fontconfig/365b55f210c0a22e9a19e35191240f32-le64.cache-6
7f1b58175000-7f1b5817c000 r--s 00000000 08:09 657851                     /var/cache/fontconfig/3047814df9a2f067bd2d96a2b9c36e5a-le64.cache-6
7f1b5817c000-7f1b58182000 r--s 00000000 08:09 657848                     /var/cache/fontconfig/b47c4e1ecd0709278f4910c18777a504-le64.cache-6
7f1b58182000-7f1b58195000 r--s 00000000 08:09 657847                     /var/cache/fontconfig/d52a8644073d54c13679302ca1180695-le64.cache-6
7f1b58268000-7f1b5826b000 ---p 00000000 00:00 0 
7f1b5826b000-7f1b58369000 rw-p 00000000 00:00 0 
7f1b58369000-7f1b5837c000 r--s 00000000 08:09 1445548                    /usr/share/fonts/type1/gsfonts/b018015l.pfb
7f1b58394000-7f1b583a5000 r--s 00000000 08:09 1445578                    /usr/share/fonts/type1/gsfonts/n019023l.pfb
7f1b583a5000-7f1b583b7000 r--s 00000000 08:09 1445575                    /usr/share/fonts/type1/gsfonts/n019004l.pfb
7f1b583b7000-7f1b583d2000 r--s 00000000 08:09 1445626                    /usr/share/fonts/type1/gsfonts/p052023l.pfb
7f1b583d2000-7f1b583eb000 r--s 00000000 08:09 1445599                    /usr/share/fonts/type1/gsfonts/n021004l.pfb
7f1b583eb000-7f1b583f4000 r--s 00000000 08:09 1445632                    /usr/share/fonts/type1/gsfonts/s050000l.pfb
7f1b583f4000-7f1b58404000 r--s 00000000 08:09 1445536                    /usr/share/fonts/type1/gsfonts/a010015l.pfb
7f1b58404000-7f1b5840e000 r--s 00000000 08:09 1444819                    /usr/share/fonts/X11/Type1/c0583bt_.pfb
7f1b5840e000-7f1b58418000 r--s 00000000 08:09 1444815                    /usr/share/fonts/X11/Type1/c0419bt_.pfb
7f1b58418000-7f1b5842a000 r--s 00000000 08:09 1445554                    /usr/share/fonts/type1/gsfonts/b018035l.pfb
7f1b5842a000-7f1b58433000 r--s 00000000 08:09 1444827                    /usr/share/fonts/X11/Type1/c0648bt_.pfb
7f1b58433000-7f1b5844e000 r--s 00000000 08:09 1445623                    /usr/share/fonts/type1/gsfonts/p052004l.pfb
7f1b58469000-7f1b5847b000 r--s 00000000 08:09 1445587                    /usr/share/fonts/type1/gsfonts/n019044l.pfb
7f1b5847b000-7f1b58484000 r--s 00000000 08:09 1444829                    /usr/share/fonts/X11/Type1/c0649bt_.pfb
7f1b58484000-7f1b58490000 r--s 00000000 08:09 1445569                    /usr/share/fonts/type1/gsfonts/d050000l.pfb
7f1b58490000-7f1b584a6000 r--s 00000000 08:09 1445614                    /usr/share/fonts/type1/gsfonts/n022023l.pfb
7f1b584a6000-7f1b584c1000 r--s 00000000 08:09 1445620                    /usr/share/fonts/type1/gsfonts/p052003l.pfb
7f1b584c1000-7f1b584d5000 r--s 00000000 08:09 1445572                    /usr/share/fonts/type1/gsfonts/n019003l.pfb
7f1b584d5000-7f1b584ed000 r--s 00000000 08:09 1445566                    /usr/share/fonts/type1/gsfonts/c059036l.pfb
7f1b584ed000-7f1b584ff000 r--s 00000000 08:09 1445584                    /usr/share/fonts/type1/gsfonts/n019043l.pfb
7f1b584ff000-7f1b58508000 r--s 00000000 08:09 1444823                    /usr/share/fonts/X11/Type1/c0632bt_.pfb
7f1b58508000-7f1b5851f000 r--s 00000000 08:09 1445602                    /usr/share/fonts/type1/gsfonts/n021023l.pfb
7f1b5851f000-7f1b58528000 r--s 00000000 08:09 1444825                    /usr/share/fonts/X11/Type1/c0633bt_.pfb
7f1b58528000-7f1b58544000 r--s 00000000 08:09 1445629                    /usr/share/fonts/type1/gsfonts/p052024l.pfb
7f1b58544000-7f1b58554000 r--s 00000000 08:09 1445533                    /usr/share/fonts/type1/gsfonts/a010013l.pfb
7f1b58554000-7f1b58569000 r--s 00000000 08:09 1445551                    /usr/share/fonts/type1/gsfonts/b018032l.pfb
7f1b58569000-7f1b58583000 r--s 00000000 08:09 1445557                    /usr/share/fonts/type1/gsfonts/c059013l.pfb
7f1b58583000-7f1b5858d000 r--s 00000000 08:09 1444821                    /usr/share/fonts/X11/Type1/c0611bt_.pfb
7f1b5858d000-7f1b585a4000 r--s 00000000 08:09 1445635                    /usr/share/fonts/type1/gsfonts/z003034l.pfb
7f1b585a4000-7f1b585ae000 r--s 00000000 08:09 1444817                    /usr/share/fonts/X11/Type1/c0582bt_.pfb
7f1b585ae000-7f1b585c4000 r--s 00000000 08:09 1445605                    /usr/share/fonts/type1/gsfonts/n021024l.pfb
7f1b585c4000-7f1b585d4000 r--s 00000000 08:09 1445539                    /usr/share/fonts/type1/gsfonts/a010033l.pfb
7f1b585d4000-7f1b585ed000 r--s 00000000 08:09 1445596                    /usr/share/fonts/type1/gsfonts/n021003l.pfb
7f1b585ed000-7f1b58606000 r--s 00000000 08:09 1445545                    /usr/share/fonts/type1/gsfonts/b018012l.pfb
7f1b58606000-7f1b5861e000 r--s 00000000 08:09 1445563                    /usr/share/fonts/type1/gsfonts/c059033l.pfb
7f1b5861e000-7f1b58637000 r--s 00000000 08:09 1445611                    /usr/share/fonts/type1/gsfonts/n022004l.pfb
7f1b58637000-7f1b58648000 r--s 00000000 08:09 1445590                    /usr/share/fonts/type1/gsfonts/n019063l.pfb
7f1b58648000-7f1b58659000 r--s 00000000 08:09 1445581                    /usr/share/fonts/type1/gsfonts/n019024l.pfb
7f1b58659000-7f1b5866c000 r--s 00000000 08:09 1445593                    /usr/share/fonts/type1/gsfonts/n019064l.pfb
7f1b5866c000-7f1b58682000 r--s 00000000 08:09 1445617                    /usr/share/fonts/type1/gsfonts/n022024l.pfb
7f1b58682000-7f1b58882000 rw-p 00000000 00:00 0 
7f1b58882000-7f1b588ac000 r-xp 00000000 08:09 2236783                    /home/ankurdengla/jdk1.8.0_102/jre/lib/amd64/libdcpr.so
7f1b588ac000-7f1b58aac000 ---p 0002a000 08:09 2236783                    /home/ankurdengla/jdk1.8.0_102/jre/lib/amd64/libdcpr.so
7f1b58aac000-7f1b58aaf000 rw-p 0002a000 08:09 2236783                    /home/ankurdengla/jdk1.8.0_102/jre/lib/amd64/libdcpr.so
7f1b58ac2000-7f1b58ac6000 r--s 00097000 08:09 2236694                    /home/ankurdengla/jdk1.8.0_102/jre/lib/jsse.jar
7f1b58ac6000-7f1b58cc6000 rw-p 00000000 00:00 0 
7f1b58cc6000-7f1b58cc9000 ---p 00000000 00:00 0 
7f1b58cc9000-7f1b58dc7000 rw-p 00000000 00:00 0 
7f1b58dc7000-7f1b58e30000 r-xp 00000000 08:09 2236841                    /home/ankurdengla/jdk1.8.0_102/jre/lib/amd64/libt2k.so
7f1b58e30000-7f1b59030000 ---p 00069000 08:09 2236841                    /home/ankurdengla/jdk1.8.0_102/jre/lib/amd64/libt2k.so
7f1b59030000-7f1b59037000 rw-p 00069000 08:09 2236841                    /home/ankurdengla/jdk1.8.0_102/jre/lib/amd64/libt2k.so
7f1b59037000-7f1b59247000 rw-p 00000000 00:00 0 
7f1b59247000-7f1b59282000 r-xp 00000000 08:09 2236772                    /home/ankurdengla/jdk1.8.0_102/jre/lib/amd64/libjpeg.so
7f1b59282000-7f1b59481000 ---p 0003b000 08:09 2236772                    /home/ankurdengla/jdk1.8.0_102/jre/lib/amd64/libjpeg.so
7f1b59481000-7f1b59482000 rw-p 0003a000 08:09 2236772                    /home/ankurdengla/jdk1.8.0_102/jre/lib/amd64/libjpeg.so
7f1b59482000-7f1b59485000 ---p 00000000 00:00 0 
7f1b59485000-7f1b59783000 rw-p 00000000 00:00 0 
7f1b59783000-7f1b59786000 ---p 00000000 00:00 0 
7f1b59786000-7f1b59884000 rw-p 00000000 00:00 0 
7f1b59884000-7f1b59887000 ---p 00000000 00:00 0 
7f1b59887000-7f1b59985000 rw-p 00000000 00:00 0 
7f1b59985000-7f1b59996000 r-xp 00000000 08:09 2236807                    /home/ankurdengla/jdk1.8.0_102/jre/lib/amd64/libnio.so
7f1b59996000-7f1b59b95000 ---p 00011000 08:09 2236807                    /home/ankurdengla/jdk1.8.0_102/jre/lib/amd64/libnio.so
7f1b59b95000-7f1b59b96000 rw-p 00010000 08:09 2236807                    /home/ankurdengla/jdk1.8.0_102/jre/lib/amd64/libnio.so
7f1b59b96000-7f1b59e97000 rw-p 00000000 00:00 0 
7f1b59e97000-7f1b59ead000 r-xp 00000000 08:09 2236776                    /home/ankurdengla/jdk1.8.0_102/jre/lib/amd64/libnet.so
7f1b59ead000-7f1b5a0ad000 ---p 00016000 08:09 2236776                    /home/ankurdengla/jdk1.8.0_102/jre/lib/amd64/libnet.so
7f1b5a0ad000-7f1b5a0ae000 rw-p 00016000 08:09 2236776                    /home/ankurdengla/jdk1.8.0_102/jre/lib/amd64/libnet.so
7f1b5a0ae000-7f1b5a0b1000 ---p 00000000 00:00 0 
7f1b5a0b1000-7f1b5a1af000 rw-p 00000000 00:00 0 
7f1b5a1af000-7f1b5a1b4000 r-xp 00000000 08:09 664425                     /usr/lib/x86_64-linux-gnu/libXfixes.so.3.1.0
7f1b5a1b4000-7f1b5a3b3000 ---p 00005000 08:09 664425                     /usr/lib/x86_64-linux-gnu/libXfixes.so.3.1.0
7f1b5a3b3000-7f1b5a3b4000 r--p 00004000 08:09 664425                     /usr/lib/x86_64-linux-gnu/libXfixes.so.3.1.0
7f1b5a3b4000-7f1b5a3b5000 rw-p 00005000 08:09 664425                     /usr/lib/x86_64-linux-gnu/libXfixes.so.3.1.0
7f1b5a3b5000-7f1b5a3be000 r-xp 00000000 08:09 664417                     /usr/lib/x86_64-linux-gnu/libXcursor.so.1.0.2
7f1b5a3be000-7f1b5a5bd000 ---p 00009000 08:09 664417                     /usr/lib/x86_64-linux-gnu/libXcursor.so.1.0.2
7f1b5a5bd000-7f1b5a5be000 r--p 00008000 08:09 664417                     /usr/lib/x86_64-linux-gnu/libXcursor.so.1.0.2
7f1b5a5be000-7f1b5a5bf000 rw-p 00009000 08:09 664417                     /usr/lib/x86_64-linux-gnu/libXcursor.so.1.0.2
7f1b5a5bf000-7f1b5a5c2000 ---p 00000000 00:00 0 
7f1b5a5c2000-7f1b5a6c0000 rw-p 00000000 00:00 0 
7f1b5a6c0000-7f1b5a6d6000 r-xp 00000000 08:09 398519                     /lib/x86_64-linux-gnu/libgcc_s.so.1
7f1b5a6d6000-7f1b5a8d5000 ---p 00016000 08:09 398519                     /lib/x86_64-linux-gnu/libgcc_s.so.1
7f1b5a8d5000-7f1b5a8d6000 rw-p 00015000 08:09 398519                     /lib/x86_64-linux-gnu/libgcc_s.so.1
7f1b5a8d6000-7f1b5a93b000 r-xp 00000000 08:09 2236801                    /home/ankurdengla/jdk1.8.0_102/jre/lib/amd64/libfontmanager.so
7f1b5a93b000-7f1b5ab3a000 ---p 00065000 08:09 2236801                    /home/ankurdengla/jdk1.8.0_102/jre/lib/amd64/libfontmanager.so
7f1b5ab3a000-7f1b5ab3f000 rw-p 00064000 08:09 2236801                    /home/ankurdengla/jdk1.8.0_102/jre/lib/amd64/libfontmanager.so
7f1b5ab3f000-7f1b5ab4f000 rw-p 00000000 00:00 0 
7f1b5ab4f000-7f1b5ab54000 r-xp 00000000 08:09 664421                     /usr/lib/x86_64-linux-gnu/libXdmcp.so.6.0.0
7f1b5ab54000-7f1b5ad53000 ---p 00005000 08:09 664421                     /usr/lib/x86_64-linux-gnu/libXdmcp.so.6.0.0
7f1b5ad53000-7f1b5ad54000 r--p 00004000 08:09 664421                     /usr/lib/x86_64-linux-gnu/libXdmcp.so.6.0.0
7f1b5ad54000-7f1b5ad55000 rw-p 00005000 08:09 664421                     /usr/lib/x86_64-linux-gnu/libXdmcp.so.6.0.0
7f1b5ad55000-7f1b5ad57000 r-xp 00000000 08:09 664410                     /usr/lib/x86_64-linux-gnu/libXau.so.6.0.0
7f1b5ad57000-7f1b5af57000 ---p 00002000 08:09 664410                     /usr/lib/x86_64-linux-gnu/libXau.so.6.0.0
7f1b5af57000-7f1b5af58000 r--p 00002000 08:09 664410                     /usr/lib/x86_64-linux-gnu/libXau.so.6.0.0
7f1b5af58000-7f1b5af59000 rw-p 00003000 08:09 664410                     /usr/lib/x86_64-linux-gnu/libXau.so.6.0.0
7f1b5af59000-7f1b5af7a000 r-xp 00000000 08:09 665788                     /usr/lib/x86_64-linux-gnu/libxcb.so.1.1.0
7f1b5af7a000-7f1b5b179000 ---p 00021000 08:09 665788                     /usr/lib/x86_64-linux-gnu/libxcb.so.1.1.0
7f1b5b179000-7f1b5b17a000 r--p 00020000 08:09 665788                     /usr/lib/x86_64-linux-gnu/libxcb.so.1.1.0
7f1b5b17a000-7f1b5b17b000 rw-p 00021000 08:09 665788                     /usr/lib/x86_64-linux-gnu/libxcb.so.1.1.0
7f1b5b17b000-7f1b5b18a000 r-xp 00000000 08:09 664431                     /usr/lib/x86_64-linux-gnu/libXi.so.6.1.0
7f1b5b18a000-7f1b5b389000 ---p 0000f000 08:09 664431                     /usr/lib/x86_64-linux-gnu/libXi.so.6.1.0
7f1b5b389000-7f1b5b38a000 r--p 0000e000 08:09 664431                     /usr/lib/x86_64-linux-gnu/libXi.so.6.1.0
7f1b5b38a000-7f1b5b38b000 rw-p 0000f000 08:09 664431                     /usr/lib/x86_64-linux-gnu/libXi.so.6.1.0
7f1b5b38b000-7f1b5b390000 r-xp 00000000 08:09 664449                     /usr/lib/x86_64-linux-gnu/libXtst.so.6.1.0
7f1b5b390000-7f1b5b58f000 ---p 00005000 08:09 664449                     /usr/lib/x86_64-linux-gnu/libXtst.so.6.1.0
7f1b5b58f000-7f1b5b590000 r--p 00004000 08:09 664449                     /usr/lib/x86_64-linux-gnu/libXtst.so.6.1.0
7f1b5b590000-7f1b5b591000 rw-p 00005000 08:09 664449                     /usr/lib/x86_64-linux-gnu/libXtst.so.6.1.0
7f1b5b591000-7f1b5b59a000 r-xp 00000000 08:09 664443                     /usr/lib/x86_64-linux-gnu/libXrender.so.1.3.0
7f1b5b59a000-7f1b5b799000 ---p 00009000 08:09 664443                     /usr/lib/x86_64-linux-gnu/libXrender.so.1.3.0
7f1b5b799000-7f1b5b79a000 r--p 00008000 08:09 664443                     /usr/lib/x86_64-linux-gnu/libXrender.so.1.3.0
7f1b5b79a000-7f1b5b79b000 rw-p 00009000 08:09 664443                     /usr/lib/x86_64-linux-gnu/libXrender.so.1.3.0
7f1b5b79b000-7f1b5b8d0000 r-xp 00000000 08:09 664406                     /usr/lib/x86_64-linux-gnu/libX11.so.6.3.0
7f1b5b8d0000-7f1b5bad0000 ---p 00135000 08:09 664406                     /usr/lib/x86_64-linux-gnu/libX11.so.6.3.0
7f1b5bad0000-7f1b5bad1000 r--p 00135000 08:09 664406                     /usr/lib/x86_64-linux-gnu/libX11.so.6.3.0
7f1b5bad1000-7f1b5bad5000 rw-p 00136000 08:09 664406                     /usr/lib/x86_64-linux-gnu/libX11.so.6.3.0
7f1b5bad5000-7f1b5bb29000 r-xp 00000000 08:09 2236809                    /home/ankurdengla/jdk1.8.0_102/jre/lib/amd64/libawt_xawt.so
7f1b5bb29000-7f1b5bd29000 ---p 00054000 08:09 2236809                    /home/ankurdengla/jdk1.8.0_102/jre/lib/amd64/libawt_xawt.so
7f1b5bd29000-7f1b5bd2d000 rw-p 00054000 08:09 2236809                    /home/ankurdengla/jdk1.8.0_102/jre/lib/amd64/libawt_xawt.so
7f1b5bd2d000-7f1b5bd2e000 rw-p 00000000 00:00 0 
7f1b5bd2e000-7f1b5bdd0000 r-xp 00000000 08:09 2236845                    /home/ankurdengla/jdk1.8.0_102/jre/lib/amd64/libawt.so
7f1b5bdd0000-7f1b5bfd0000 ---p 000a2000 08:09 2236845                    /home/ankurdengla/jdk1.8.0_102/jre/lib/amd64/libawt.so
7f1b5bfd0000-7f1b5bfdc000 rw-p 000a2000 08:09 2236845                    /home/ankurdengla/jdk1.8.0_102/jre/lib/amd64/libawt.so
7f1b5bfdc000-7f1b5c000000 rw-p 00000000 00:00 0 
7f1b5c000000-7f1b5c848000 rw-p 00000000 00:00 0 
7f1b5c848000-7f1b60000000 ---p 00000000 00:00 0 
7f1b60000000-7f1b60021000 rw-p 00000000 00:00 0 
7f1b60021000-7f1b64000000 ---p 00000000 00:00 0 
7f1b64000000-7f1b650b7000 rw-p 00000000 00:00 0 
7f1b650b7000-7f1b68000000 ---p 00000000 00:00 0 
7f1b68000000-7f1b69049000 rw-p 00000000 00:00 0 
7f1b69049000-7f1b6c000000 ---p 00000000 00:00 0 
7f1b6c000000-7f1b6c021000 rw-p 00000000 00:00 0 
7f1b6c021000-7f1b70000000 ---p 00000000 00:00 0 
7f1b70000000-7f1b70021000 rw-p 00000000 00:00 0 
7f1b70021000-7f1b74000000 ---p 00000000 00:00 0 
7f1b74000000-7f1b74021000 rw-p 00000000 00:00 0 
7f1b74021000-7f1b78000000 ---p 00000000 00:00 0 
7f1b78000000-7f1b78021000 rw-p 00000000 00:00 0 
7f1b78021000-7f1b7c000000 ---p 00000000 00:00 0 
7f1b7c000000-7f1b7c021000 rw-p 00000000 00:00 0 
7f1b7c021000-7f1b80000000 ---p 00000000 00:00 0 
7f1b80000000-7f1b80021000 rw-p 00000000 00:00 0 
7f1b80021000-7f1b84000000 ---p 00000000 00:00 0 
7f1b84000000-7f1b84021000 rw-p 00000000 00:00 0 
7f1b84021000-7f1b88000000 ---p 00000000 00:00 0 
7f1b88000000-7f1b88001000 r--s 00000000 08:09 657857                     /var/cache/fontconfig/dc05db6664285cc2f12bf69c139ae4c3-le64.cache-6
7f1b88001000-7f1b88002000 r--s 00000000 08:09 665010                     /var/cache/fontconfig/4794a0821666d79190d59a36cb4f44b5-le64.cache-6
7f1b88002000-7f1b88003000 r--s 00000000 08:09 657852                     /var/cache/fontconfig/bab58bb527bb656aaa9f116d68a48d89-le64.cache-6
7f1b88003000-7f1b88004000 r--s 00000000 08:09 657850                     /var/cache/fontconfig/56cf4f4769d0f4abc89a4895d7bd3ae1-le64.cache-6
7f1b88004000-7f1b88005000 r--s 00000000 08:09 657849                     /var/cache/fontconfig/b9d506c9ac06c20b433354fa67a72993-le64.cache-6
7f1b88005000-7f1b88009000 r--s 00000000 08:09 656954                     /var/cache/fontconfig/d589a48862398ed80a3d6066f4f56f4c-le64.cache-6
7f1b88009000-7f1b88014000 r--s 00000000 08:09 657840                     /var/cache/fontconfig/83bf95040141907cd45bb53cf7c1c148-le64.cache-6
7f1b88014000-7f1b88026000 r--s 00000000 08:09 655814                     /var/cache/fontconfig/9b89f8e3dae116d678bbf48e5f21f69b-le64.cache-6
7f1b88026000-7f1b8803e000 r--s 00000000 08:09 1445608                    /usr/share/fonts/type1/gsfonts/n022003l.pfb
7f1b8803e000-7f1b8804f000 r-xp 00000000 08:09 664423                     /usr/lib/x86_64-linux-gnu/libXext.so.6.4.0
7f1b8804f000-7f1b8824e000 ---p 00011000 08:09 664423                     /usr/lib/x86_64-linux-gnu/libXext.so.6.4.0
7f1b8824e000-7f1b8824f000 r--p 00010000 08:09 664423                     /usr/lib/x86_64-linux-gnu/libXext.so.6.4.0
7f1b8824f000-7f1b88250000 rw-p 00011000 08:09 664423                     /usr/lib/x86_64-linux-gnu/libXext.so.6.4.0
7f1b88250000-7f1b8c000000 rw-p 00000000 00:00 0 
7f1b8c000000-7f1b8c021000 rw-p 00000000 00:00 0 
7f1b8c021000-7f1b90000000 ---p 00000000 00:00 0 
7f1b90000000-7f1b90001000 r--s 00000000 08:09 657846                     /var/cache/fontconfig/551ecf3b0e8b0bca0f25c0944f561853-le64.cache-6
7f1b90001000-7f1b90002000 r--s 00000000 08:09 657844                     /var/cache/fontconfig/30829fa25452a46451e813d634d7f916-le64.cache-6
7f1b90002000-7f1b90003000 r--s 00000000 08:09 657843                     /var/cache/fontconfig/0c9eb80ebd1c36541ebe2852d3bb0c49-le64.cache-6
7f1b90003000-7f1b90010000 r--s 00000000 08:09 665514                     /var/cache/fontconfig/e13b20fdb08344e0e664864cc2ede53d-le64.cache-6
7f1b90010000-7f1b9001b000 r--s 00000000 08:09 657864                     /var/cache/fontconfig/945677eb7aeaf62f1d50efc3fb3ec7d8-le64.cache-6
7f1b9001b000-7f1b9001c000 ---p 00000000 00:00 0 
7f1b9001c000-7f1b9011c000 rw-p 00000000 00:00 0 
7f1b9011c000-7f1b9011f000 ---p 00000000 00:00 0 
7f1b9011f000-7f1b9021d000 rw-p 00000000 00:00 0 
7f1b9021d000-7f1b90220000 ---p 00000000 00:00 0 
7f1b90220000-7f1b9031e000 rw-p 00000000 00:00 0 
7f1b9031e000-7f1b90321000 ---p 00000000 00:00 0 
7f1b90321000-7f1b9041f000 rw-p 00000000 00:00 0 
7f1b9041f000-7f1b90422000 ---p 00000000 00:00 0 
7f1b90422000-7f1b90520000 rw-p 00000000 00:00 0 
7f1b90520000-7f1b90523000 ---p 00000000 00:00 0 
7f1b90523000-7f1b90621000 rw-p 00000000 00:00 0 
7f1b90621000-7f1b908f9000 r--p 00000000 08:09 655667                     /usr/lib/locale/locale-archive
7f1b908f9000-7f1b908fc000 ---p 00000000 00:00 0 
7f1b908fc000-7f1b909fa000 rw-p 00000000 00:00 0 
7f1b909fa000-7f1b909fd000 ---p 00000000 00:00 0 
7f1b909fd000-7f1b90afb000 rw-p 00000000 00:00 0 
7f1b90afb000-7f1b90afc000 ---p 00000000 00:00 0 
7f1b90afc000-7f1b91000000 rw-p 00000000 00:00 0 
7f1b91000000-7f1b91990000 rwxp 00000000 00:00 0 
7f1b91990000-7f1ba0000000 ---p 00000000 00:00 0 
7f1ba0000000-7f1ba053d000 rw-p 00000000 00:00 0 
7f1ba053d000-7f1ba4000000 ---p 00000000 00:00 0 
7f1ba4000000-7f1ba4003000 r--s 00000000 08:09 657841                     /var/cache/fontconfig/75114ca45c98e8a441da0ff356701271-le64.cache-6
7f1ba4003000-7f1ba4005000 r--s 00000000 08:09 667083                     /var/cache/fontconfig/62f91419b9ebdb6975e7e41ab6412357-le64.cache-6
7f1ba4005000-7f1ba4009000 r--s 00000000 08:09 660893                     /var/cache/fontconfig/7ef2298fde41cc6eeb7af42e48b7d293-le64.cache-6
7f1ba4009000-7f1ba400f000 r--s 00000000 08:09 657862                     /var/cache/fontconfig/2cd17615ca594fa2959ae173292e504c-le64.cache-6
7f1ba400f000-7f1ba4010000 r--s 00000000 08:09 657861                     /var/cache/fontconfig/0d8c3b2ac0904cb8a57a757ad11a4a08-le64.cache-6
7f1ba4010000-7f1ba4014000 r--s 00000000 08:09 658222                     /var/cache/fontconfig/de156ccd2eddbdc19d37a45b8b2aac9c-le64.cache-6
7f1ba4014000-7f1ba4029000 r--s 00000000 08:09 657860                     /var/cache/fontconfig/04aabc0a78ac019cf9454389977116d2-le64.cache-6
7f1ba4029000-7f1ba402a000 r--s 00000000 08:09 657859                     /var/cache/fontconfig/1ac9eb803944fde146138c791f5cc56a-le64.cache-6
7f1ba402a000-7f1ba402e000 r--s 00000000 08:09 657858                     /var/cache/fontconfig/385c0604a188198f04d133e54aba7fe7-le64.cache-6
7f1ba402e000-7f1ba402f000 r--s 00000000 08:09 657857                     /var/cache/fontconfig/dc05db6664285cc2f12bf69c139ae4c3-le64.cache-6
7f1ba402f000-7f1ba4032000 r--s 00000000 08:09 657856                     /var/cache/fontconfig/767a8244fc0220cfb567a839d0392e0b-le64.cache-6
7f1ba4032000-7f1ba4033000 r--s 00000000 08:09 665010                     /var/cache/fontconfig/4794a0821666d79190d59a36cb4f44b5-le64.cache-6
7f1ba4033000-7f1ba4038000 r--s 00000000 08:09 657854                     /var/cache/fontconfig/8801497958630a81b71ace7c5f9b32a8-le64.cache-6
7f1ba4038000-7f1ba4073000 r--s 00000000 08:09 657853                     /var/cache/fontconfig/365b55f210c0a22e9a19e35191240f32-le64.cache-6
7f1ba4073000-7f1ba4074000 r--s 00000000 08:09 657852                     /var/cache/fontconfig/bab58bb527bb656aaa9f116d68a48d89-le64.cache-6
7f1ba4074000-7f1ba407b000 r--s 00000000 08:09 657851                     /var/cache/fontconfig/3047814df9a2f067bd2d96a2b9c36e5a-le64.cache-6
7f1ba407b000-7f1ba407c000 r--s 00000000 08:09 657850                     /var/cache/fontconfig/56cf4f4769d0f4abc89a4895d7bd3ae1-le64.cache-6
7f1ba407c000-7f1ba407d000 r--s 00000000 08:09 657849                     /var/cache/fontconfig/b9d506c9ac06c20b433354fa67a72993-le64.cache-6
7f1ba407d000-7f1ba4083000 r--s 00000000 08:09 657848                     /var/cache/fontconfig/b47c4e1ecd0709278f4910c18777a504-le64.cache-6
7f1ba4083000-7f1ba4096000 r--s 00000000 08:09 657847                     /var/cache/fontconfig/d52a8644073d54c13679302ca1180695-le64.cache-6
7f1ba4096000-7f1ba4097000 r--s 00000000 08:09 657846                     /var/cache/fontconfig/551ecf3b0e8b0bca0f25c0944f561853-le64.cache-6
7f1ba4097000-7f1ba409b000 r--s 00000000 08:09 656954                     /var/cache/fontconfig/d589a48862398ed80a3d6066f4f56f4c-le64.cache-6
7f1ba409b000-7f1ba409e000 r--s 00000000 08:09 657841                     /var/cache/fontconfig/75114ca45c98e8a441da0ff356701271-le64.cache-6
7f1ba409e000-7f1ba40a9000 r--s 00000000 08:09 657840                     /var/cache/fontconfig/83bf95040141907cd45bb53cf7c1c148-le64.cache-6
7f1ba40a9000-7f1ba40bb000 r--s 00000000 08:09 655814                     /var/cache/fontconfig/9b89f8e3dae116d678bbf48e5f21f69b-le64.cache-6
7f1ba40bb000-7f1ba4c99000 rw-p 00000000 00:00 0 
7f1ba4c99000-7f1ba4e71000 r--s 03d29000 08:09 2236768                    /home/ankurdengla/jdk1.8.0_102/jre/lib/rt.jar
7f1ba4e71000-7f1ba5ac2000 rw-p 00000000 00:00 0 
7f1ba5ac2000-7f1ba5ac3000 ---p 00000000 00:00 0 
7f1ba5ac3000-7f1ba5bc3000 rw-p 00000000 00:00 0 
7f1ba5bc3000-7f1ba5bc4000 ---p 00000000 00:00 0 
7f1ba5bc4000-7f1ba5cc4000 rw-p 00000000 00:00 0 
7f1ba5cc4000-7f1ba5cc5000 ---p 00000000 00:00 0 
7f1ba5cc5000-7f1ba5dc5000 rw-p 00000000 00:00 0 
7f1ba5dc5000-7f1ba5dc6000 ---p 00000000 00:00 0 
7f1ba5dc6000-7f1ba5ef0000 rw-p 00000000 00:00 0 
7f1ba5ef0000-7f1ba6158000 ---p 00000000 00:00 0 
7f1ba6158000-7f1ba6182000 rw-p 00000000 00:00 0 
7f1ba6182000-7f1ba63ea000 ---p 00000000 00:00 0 
7f1ba63ea000-7f1ba63ff000 rw-p 00000000 00:00 0 
7f1ba63ff000-7f1ba6533000 ---p 00000000 00:00 0 
7f1ba6533000-7f1ba655b000 rw-p 00000000 00:00 0 
7f1ba655b000-7f1ba68f4000 ---p 00000000 00:00 0 
7f1ba68f4000-7f1ba690e000 r-xp 00000000 08:09 2236805                    /home/ankurdengla/jdk1.8.0_102/jre/lib/amd64/libzip.so
7f1ba690e000-7f1ba6b0e000 ---p 0001a000 08:09 2236805                    /home/ankurdengla/jdk1.8.0_102/jre/lib/amd64/libzip.so
7f1ba6b0e000-7f1ba6b0f000 rw-p 0001a000 08:09 2236805                    /home/ankurdengla/jdk1.8.0_102/jre/lib/amd64/libzip.so
7f1ba6b0f000-7f1ba6b1a000 r-xp 00000000 08:09 398526                     /lib/x86_64-linux-gnu/libnss_files-2.23.so
7f1ba6b1a000-7f1ba6d19000 ---p 0000b000 08:09 398526                     /lib/x86_64-linux-gnu/libnss_files-2.23.so
7f1ba6d19000-7f1ba6d1a000 r--p 0000a000 08:09 398526                     /lib/x86_64-linux-gnu/libnss_files-2.23.so
7f1ba6d1a000-7f1ba6d1b000 rw-p 0000b000 08:09 398526                     /lib/x86_64-linux-gnu/libnss_files-2.23.so
7f1ba6d1b000-7f1ba6d21000 rw-p 00000000 00:00 0 
7f1ba6d21000-7f1ba6d2c000 r-xp 00000000 08:09 398500                     /lib/x86_64-linux-gnu/libnss_nis-2.23.so
7f1ba6d2c000-7f1ba6f2b000 ---p 0000b000 08:09 398500                     /lib/x86_64-linux-gnu/libnss_nis-2.23.so
7f1ba6f2b000-7f1ba6f2c000 r--p 0000a000 08:09 398500                     /lib/x86_64-linux-gnu/libnss_nis-2.23.so
7f1ba6f2c000-7f1ba6f2d000 rw-p 0000b000 08:09 398500                     /lib/x86_64-linux-gnu/libnss_nis-2.23.so
7f1ba6f2d000-7f1ba6f43000 r-xp 00000000 08:09 398502                     /lib/x86_64-linux-gnu/libnsl-2.23.so
7f1ba6f43000-7f1ba7142000 ---p 00016000 08:09 398502                     /lib/x86_64-linux-gnu/libnsl-2.23.so
7f1ba7142000-7f1ba7143000 r--p 00015000 08:09 398502                     /lib/x86_64-linux-gnu/libnsl-2.23.so
7f1ba7143000-7f1ba7144000 rw-p 00016000 08:09 398502                     /lib/x86_64-linux-gnu/libnsl-2.23.so
7f1ba7144000-7f1ba7146000 rw-p 00000000 00:00 0 
7f1ba7146000-7f1ba714e000 r-xp 00000000 08:09 398537                     /lib/x86_64-linux-gnu/libnss_compat-2.23.so
7f1ba714e000-7f1ba734d000 ---p 00008000 08:09 398537                     /lib/x86_64-linux-gnu/libnss_compat-2.23.so
7f1ba734d000-7f1ba734e000 r--p 00007000 08:09 398537                     /lib/x86_64-linux-gnu/libnss_compat-2.23.so
7f1ba734e000-7f1ba734f000 rw-p 00008000 08:09 398537                     /lib/x86_64-linux-gnu/libnss_compat-2.23.so
7f1ba734f000-7f1ba7379000 r-xp 00000000 08:09 2236834                    /home/ankurdengla/jdk1.8.0_102/jre/lib/amd64/libjava.so
7f1ba7379000-7f1ba7579000 ---p 0002a000 08:09 2236834                    /home/ankurdengla/jdk1.8.0_102/jre/lib/amd64/libjava.so
7f1ba7579000-7f1ba757b000 rw-p 0002a000 08:09 2236834                    /home/ankurdengla/jdk1.8.0_102/jre/lib/amd64/libjava.so
7f1ba757b000-7f1ba7588000 r-xp 00000000 08:09 2236778                    /home/ankurdengla/jdk1.8.0_102/jre/lib/amd64/libverify.so
7f1ba7588000-7f1ba7788000 ---p 0000d000 08:09 2236778                    /home/ankurdengla/jdk1.8.0_102/jre/lib/amd64/libverify.so
7f1ba7788000-7f1ba778a000 rw-p 0000d000 08:09 2236778                    /home/ankurdengla/jdk1.8.0_102/jre/lib/amd64/libverify.so
7f1ba778a000-7f1ba7791000 r-xp 00000000 08:09 398545                     /lib/x86_64-linux-gnu/librt-2.23.so
7f1ba7791000-7f1ba7990000 ---p 00007000 08:09 398545                     /lib/x86_64-linux-gnu/librt-2.23.so
7f1ba7990000-7f1ba7991000 r--p 00006000 08:09 398545                     /lib/x86_64-linux-gnu/librt-2.23.so
7f1ba7991000-7f1ba7992000 rw-p 00007000 08:09 398545                     /lib/x86_64-linux-gnu/librt-2.23.so
7f1ba7992000-7f1ba7a9a000 r-xp 00000000 08:09 398501                     /lib/x86_64-linux-gnu/libm-2.23.so
7f1ba7a9a000-7f1ba7c99000 ---p 00108000 08:09 398501                     /lib/x86_64-linux-gnu/libm-2.23.so
7f1ba7c99000-7f1ba7c9a000 r--p 00107000 08:09 398501                     /lib/x86_64-linux-gnu/libm-2.23.so
7f1ba7c9a000-7f1ba7c9b000 rw-p 00108000 08:09 398501                     /lib/x86_64-linux-gnu/libm-2.23.so
7f1ba7c9b000-7f1ba8967000 r-xp 00000000 08:09 2236838                    /home/ankurdengla/jdk1.8.0_102/jre/lib/amd64/server/libjvm.so
7f1ba8967000-7f1ba8b67000 ---p 00ccc000 08:09 2236838                    /home/ankurdengla/jdk1.8.0_102/jre/lib/amd64/server/libjvm.so
7f1ba8b67000-7f1ba8c40000 rw-p 00ccc000 08:09 2236838                    /home/ankurdengla/jdk1.8.0_102/jre/lib/amd64/server/libjvm.so
7f1ba8c40000-7f1ba8c8b000 rw-p 00000000 00:00 0 
7f1ba8c8b000-7f1ba8e4a000 r-xp 00000000 08:09 398503                     /lib/x86_64-linux-gnu/libc-2.23.so
7f1ba8e4a000-7f1ba904a000 ---p 001bf000 08:09 398503                     /lib/x86_64-linux-gnu/libc-2.23.so
7f1ba904a000-7f1ba904e000 r--p 001bf000 08:09 398503                     /lib/x86_64-linux-gnu/libc-2.23.so
7f1ba904e000-7f1ba9050000 rw-p 001c3000 08:09 398503                     /lib/x86_64-linux-gnu/libc-2.23.so
7f1ba9050000-7f1ba9054000 rw-p 00000000 00:00 0 
7f1ba9054000-7f1ba9057000 r-xp 00000000 08:09 398499                     /lib/x86_64-linux-gnu/libdl-2.23.so
7f1ba9057000-7f1ba9256000 ---p 00003000 08:09 398499                     /lib/x86_64-linux-gnu/libdl-2.23.so
7f1ba9256000-7f1ba9257000 r--p 00002000 08:09 398499                     /lib/x86_64-linux-gnu/libdl-2.23.so
7f1ba9257000-7f1ba9258000 rw-p 00003000 08:09 398499                     /lib/x86_64-linux-gnu/libdl-2.23.so
7f1ba9258000-7f1ba926d000 r-xp 00000000 08:09 2235686                    /home/ankurdengla/jdk1.8.0_102/lib/amd64/jli/libjli.so
7f1ba926d000-7f1ba946d000 ---p 00015000 08:09 2235686                    /home/ankurdengla/jdk1.8.0_102/lib/amd64/jli/libjli.so
7f1ba946d000-7f1ba946e000 rw-p 00015000 08:09 2235686                    /home/ankurdengla/jdk1.8.0_102/lib/amd64/jli/libjli.so
7f1ba946e000-7f1ba9486000 r-xp 00000000 08:09 398602                     /lib/x86_64-linux-gnu/libpthread-2.23.so
7f1ba9486000-7f1ba9685000 ---p 00018000 08:09 398602                     /lib/x86_64-linux-gnu/libpthread-2.23.so
7f1ba9685000-7f1ba9686000 r--p 00017000 08:09 398602                     /lib/x86_64-linux-gnu/libpthread-2.23.so
7f1ba9686000-7f1ba9687000 rw-p 00018000 08:09 398602                     /lib/x86_64-linux-gnu/libpthread-2.23.so
7f1ba9687000-7f1ba968b000 rw-p 00000000 00:00 0 
7f1ba968b000-7f1ba96b1000 r-xp 00000000 08:09 398508                     /lib/x86_64-linux-gnu/ld-2.23.so
7f1ba96b1000-7f1ba96b2000 r--s 00000000 08:09 657844                     /var/cache/fontconfig/30829fa25452a46451e813d634d7f916-le64.cache-6
7f1ba96b2000-7f1ba96bf000 r--s 00000000 08:09 665514                     /var/cache/fontconfig/e13b20fdb08344e0e664864cc2ede53d-le64.cache-6
7f1ba96bf000-7f1ba978a000 rw-p 00000000 00:00 0 
7f1ba978a000-7f1ba978d000 ---p 00000000 00:00 0 
7f1ba978d000-7f1ba988f000 rw-p 00000000 00:00 0 
7f1ba988f000-7f1ba9890000 r--s 00000000 08:09 657843                     /var/cache/fontconfig/0c9eb80ebd1c36541ebe2852d3bb0c49-le64.cache-6
7f1ba9890000-7f1ba9892000 r--s 00000000 08:09 667083                     /var/cache/fontconfig/62f91419b9ebdb6975e7e41ab6412357-le64.cache-6
7f1ba9892000-7f1ba9896000 r--s 00000000 08:09 660893                     /var/cache/fontconfig/7ef2298fde41cc6eeb7af42e48b7d293-le64.cache-6
7f1ba9896000-7f1ba989b000 r--s 002f9000 08:09 2236695                    /home/ankurdengla/jdk1.8.0_102/jre/lib/charsets.jar
7f1ba989b000-7f1ba98a3000 r--s 000c4000 08:09 2239289                    /home/ankurdengla/netbeans-8.1/ide/modules/ext/mysql-connector-java-5.1.23-bin.jar
7f1ba98a3000-7f1ba98a4000 r--s 00000000 08:09 2360784                    /home/ankurdengla/netbeans-8.1/java/modules/ext/AbsoluteLayout.jar
7f1ba98a4000-7f1ba98ac000 rw-s 00000000 08:09 393945                     /tmp/hsperfdata_ankurdengla/5887
7f1ba98ac000-7f1ba98ad000 rw-p 00000000 00:00 0 
7f1ba98ad000-7f1ba98ae000 r--p 00000000 00:00 0 
7f1ba98ae000-7f1ba98b0000 rw-p 00000000 00:00 0 
7f1ba98b0000-7f1ba98b1000 r--p 00025000 08:09 398508                     /lib/x86_64-linux-gnu/ld-2.23.so
7f1ba98b1000-7f1ba98b2000 rw-p 00026000 08:09 398508                     /lib/x86_64-linux-gnu/ld-2.23.so
7f1ba98b2000-7f1ba98b3000 rw-p 00000000 00:00 0 
7fff3d670000-7fff3d691000 rw-p 00000000 00:00 0                          [stack]
7fff3d7c6000-7fff3d7c8000 r--p 00000000 00:00 0                          [vvar]
7fff3d7c8000-7fff3d7ca000 r-xp 00000000 00:00 0                          [vdso]
ffffffffff600000-ffffffffff601000 r-xp 00000000 00:00 0                  [vsyscall]

VM Arguments:
jvm_args: -Dfile.encoding=UTF-8 
java_command: projectmanagementsystem.Startpage
java_class_path (initial): /home/ankurdengla/netbeans-8.1/java/modules/ext/AbsoluteLayout.jar:/home/ankurdengla/netbeans-8.1/ide/modules/ext/mysql-connector-java-5.1.23-bin.jar:/home/ankurdengla/Desktop/ProjectManagementSystem-master/build/classes
Launcher Type: SUN_STANDARD

Environment Variables:
JAVA_HOME=/usr/lib/jvm/java-8-oracle
PATH=/home/ankurdengla/bin:/home/ankurdengla/.local/bin:/usr/local/sbin:/usr/local/bin:/usr/sbin:/usr/bin:/sbin:/bin:/usr/games:/usr/local/games:/snap/bin:/usr/lib/jvm/java-8-oracle/bin:/usr/lib/jvm/java-8-oracle/db/bin:/usr/lib/jvm/java-8-oracle/jre/bin
USERNAME=ankurdengla
LD_LIBRARY_PATH=/home/ankurdengla/jdk1.8.0_102/jre/lib/amd64:/home/ankurdengla/jdk1.8.0_102/jre/lib/i386:
SHELL=/bin/bash
DISPLAY=:1

Signal Handlers:
SIGSEGV: [libjvm.so+0xac5b30], sa_mask[0]=11111111011111111101111111111110, sa_flags=SA_RESTART|SA_SIGINFO
SIGBUS: [libjvm.so+0xac5b30], sa_mask[0]=11111111011111111101111111111110, sa_flags=SA_RESTART|SA_SIGINFO
SIGFPE: [libjvm.so+0x91f470], sa_mask[0]=11111111011111111101111111111110, sa_flags=SA_RESTART|SA_SIGINFO
SIGPIPE: [libjvm.so+0x91f470], sa_mask[0]=11111111011111111101111111111110, sa_flags=SA_RESTART|SA_SIGINFO
SIGXFSZ: [libjvm.so+0x91f470], sa_mask[0]=11111111011111111101111111111110, sa_flags=SA_RESTART|SA_SIGINFO
SIGILL: [libjvm.so+0x91f470], sa_mask[0]=11111111011111111101111111111110, sa_flags=SA_RESTART|SA_SIGINFO
SIGUSR1: SIG_DFL, sa_mask[0]=00000000000000000000000000000000, sa_flags=none
SIGUSR2: [libjvm.so+0x920aa0], sa_mask[0]=00100000000000000000000000000000, sa_flags=SA_RESTART|SA_SIGINFO
SIGHUP: [libjvm.so+0x921ea0], sa_mask[0]=11111111011111111101111111111110, sa_flags=SA_RESTART|SA_SIGINFO
SIGINT: SIG_IGN, sa_mask[0]=00000000000000000000000000000000, sa_flags=none
SIGTERM: [libjvm.so+0x921ea0], sa_mask[0]=11111111011111111101111111111110, sa_flags=SA_RESTART|SA_SIGINFO
SIGQUIT: [libjvm.so+0x921ea0], sa_mask[0]=11111111011111111101111111111110, sa_flags=SA_RESTART|SA_SIGINFO


---------------  S Y S T E M  ---------------

OS:DISTRIB_ID=Ubuntu
DISTRIB_RELEASE=16.04
DISTRIB_CODENAME=xenial
DISTRIB_DESCRIPTION="Ubuntu 16.04.1 LTS"

uname:Linux 4.4.0-75-generic #96-Ubuntu SMP Thu Apr 20 09:56:33 UTC 2017 x86_64
libc:glibc 2.23 NPTL 2.23 
rlimit: STACK 8192k, CORE 0k, NPROC 30232, NOFILE 65536, AS infinity
load average:0.84 0.69 0.49

/proc/meminfo:
MemTotal:        8083640 kB
MemFree:         1510184 kB
MemAvailable:    2838584 kB
Buffers:           78912 kB
Cached:          2995764 kB
SwapCached:          144 kB
Active:          4285136 kB
Inactive:        2002540 kB
Active(anon):    3437692 kB
Inactive(anon):  1354144 kB
Active(file):     847444 kB
Inactive(file):   648396 kB
Unevictable:          32 kB
Mlocked:              32 kB
SwapTotal:       9756668 kB
SwapFree:        9756524 kB
Dirty:               280 kB
Writeback:             0 kB
AnonPages:       3167988 kB
Mapped:           701104 kB
Shmem:           1579224 kB
Slab:             161012 kB
SReclaimable:     105988 kB
SUnreclaim:        55024 kB
KernelStack:       13536 kB
PageTables:        41220 kB
NFS_Unstable:          0 kB
Bounce:                0 kB
WritebackTmp:          0 kB
CommitLimit:    13798488 kB
Committed_AS:    7392928 kB
VmallocTotal:   34359738367 kB
VmallocUsed:           0 kB
VmallocChunk:          0 kB
HardwareCorrupted:     0 kB
AnonHugePages:   2603008 kB
CmaTotal:              0 kB
CmaFree:               0 kB
HugePages_Total:       0
HugePages_Free:        0
HugePages_Rsvd:        0
HugePages_Surp:        0
Hugepagesize:       2048 kB
DirectMap4k:      240504 kB
DirectMap2M:     8056832 kB
DirectMap1G:           0 kB


CPU:total 4 (2 cores per cpu, 2 threads per core) family 6 model 61 stepping 4, cmov, cx8, fxsr, mmx, sse, sse2, sse3, ssse3, sse4.1, sse4.2, popcnt, avx, avx2, aes, clmul, erms, 3dnowpref, lzcnt, ht, tsc, tscinvbit, bmi1, bmi2, adx

/proc/cpuinfo:
processor	: 0
vendor_id	: GenuineIntel
cpu family	: 6
model		: 61
model name	: Intel(R) Core(TM) i5-5200U CPU @ 2.20GHz
stepping	: 4
microcode	: 0x19
cpu MHz		: 2499.921
cache size	: 3072 KB
physical id	: 0
siblings	: 4
core id		: 0
cpu cores	: 2
apicid		: 0
initial apicid	: 0
fpu		: yes
fpu_exception	: yes
cpuid level	: 20
wp		: yes
flags		: fpu vme de pse tsc msr pae mce cx8 apic sep mtrr pge mca cmov pat pse36 clflush dts acpi mmx fxsr sse sse2 ss ht tm pbe syscall nx pdpe1gb rdtscp lm constant_tsc arch_perfmon pebs bts rep_good nopl xtopology nonstop_tsc aperfmperf eagerfpu pni pclmulqdq dtes64 monitor ds_cpl vmx est tm2 ssse3 sdbg fma cx16 xtpr pdcm pcid sse4_1 sse4_2 x2apic movbe popcnt tsc_deadline_timer aes xsave avx f16c rdrand lahf_lm abm 3dnowprefetch epb intel_pt tpr_shadow vnmi flexpriority ept vpid fsgsbase tsc_adjust bmi1 avx2 smep bmi2 erms invpcid rdseed adx smap xsaveopt dtherm ida arat pln pts
bugs		:
bogomips	: 4389.94
clflush size	: 64
cache_alignment	: 64
address sizes	: 39 bits physical, 48 bits virtual
power management:

processor	: 1
vendor_id	: GenuineIntel
cpu family	: 6
model		: 61
model name	: Intel(R) Core(TM) i5-5200U CPU @ 2.20GHz
stepping	: 4
microcode	: 0x19
cpu MHz		: 2499.921
cache size	: 3072 KB
physical id	: 0
siblings	: 4
core id		: 1
cpu cores	: 2
apicid		: 2
initial apicid	: 2
fpu		: yes
fpu_exception	: yes
cpuid level	: 20
wp		: yes
flags		: fpu vme de pse tsc msr pae mce cx8 apic sep mtrr pge mca cmov pat pse36 clflush dts acpi mmx fxsr sse sse2 ss ht tm pbe syscall nx pdpe1gb rdtscp lm constant_tsc arch_perfmon pebs bts rep_good nopl xtopology nonstop_tsc aperfmperf eagerfpu pni pclmulqdq dtes64 monitor ds_cpl vmx est tm2 ssse3 sdbg fma cx16 xtpr pdcm pcid sse4_1 sse4_2 x2apic movbe popcnt tsc_deadline_timer aes xsave avx f16c rdrand lahf_lm abm 3dnowprefetch epb intel_pt tpr_shadow vnmi flexpriority ept vpid fsgsbase tsc_adjust bmi1 avx2 smep bmi2 erms invpcid rdseed adx smap xsaveopt dtherm ida arat pln pts
bugs		:
bogomips	: 4389.94
clflush size	: 64
cache_alignment	: 64
address sizes	: 39 bits physical, 48 bits virtual
power management:

processor	: 2
vendor_id	: GenuineIntel
cpu family	: 6
model		: 61
model name	: Intel(R) Core(TM) i5-5200U CPU @ 2.20GHz
stepping	: 4
microcode	: 0x19
cpu MHz		: 2499.921
cache size	: 3072 KB
physical id	: 0
siblings	: 4
core id		: 0
cpu cores	: 2
apicid		: 1
initial apicid	: 1
fpu		: yes
fpu_exception	: yes
cpuid level	: 20
wp		: yes
flags		: fpu vme de pse tsc msr pae mce cx8 apic sep mtrr pge mca cmov pat pse36 clflush dts acpi mmx fxsr sse sse2 ss ht tm pbe syscall nx pdpe1gb rdtscp lm constant_tsc arch_perfmon pebs bts rep_good nopl xtopology nonstop_tsc aperfmperf eagerfpu pni pclmulqdq dtes64 monitor ds_cpl vmx est tm2 ssse3 sdbg fma cx16 xtpr pdcm pcid sse4_1 sse4_2 x2apic movbe popcnt tsc_deadline_timer aes xsave avx f16c rdrand lahf_lm abm 3dnowprefetch epb intel_pt tpr_shadow vnmi flexpriority ept vpid fsgsbase tsc_adjust bmi1 avx2 smep bmi2 erms invpcid rdseed adx smap xsaveopt dtherm ida arat pln pts
bugs		:
bogomips	: 4389.94
clflush size	: 64
cache_alignment	: 64
address sizes	: 39 bits physical, 48 bits virtual
power management:

processor	: 3
vendor_id	: GenuineIntel
cpu family	: 6
model		: 61
model name	: Intel(R) Core(TM) i5-5200U CPU @ 2.20GHz
stepping	: 4
microcode	: 0x19
cpu MHz		: 2499.921
cache size	: 3072 KB
physical id	: 0
siblings	: 4
core id		: 1
cpu cores	: 2
apicid		: 3
initial apicid	: 3
fpu		: yes
fpu_exception	: yes
cpuid level	: 20
wp		: yes
flags		: fpu vme de pse tsc msr pae mce cx8 apic sep mtrr pge mca cmov pat pse36 clflush dts acpi mmx fxsr sse sse2 ss ht tm pbe syscall nx pdpe1gb rdtscp lm constant_tsc arch_perfmon pebs bts rep_good nopl xtopology nonstop_tsc aperfmperf eagerfpu pni pclmulqdq dtes64 monitor ds_cpl vmx est tm2 ssse3 sdbg fma cx16 xtpr pdcm pcid sse4_1 sse4_2 x2apic movbe popcnt tsc_deadline_timer aes xsave avx f16c rdrand lahf_lm abm 3dnowprefetch epb intel_pt tpr_shadow vnmi flexpriority ept vpid fsgsbase tsc_adjust bmi1 avx2 smep bmi2 erms invpcid rdseed adx smap xsaveopt dtherm ida arat pln pts
bugs		:
bogomips	: 4389.94
clflush size	: 64
cache_alignment	: 64
address sizes	: 39 bits physical, 48 bits virtual
power management:



Memory: 4k page, physical 8083640k(1621580k free), swap 9756668k(9756532k free)

vm_info: Java HotSpot(TM) 64-Bit Server VM (25.102-b14) for linux-amd64 JRE (1.8.0_102-b14), built on Jun 22 2016 18:43:17 by "java_re" with gcc 4.3.0 20080428 (Red Hat 4.3.0-8)

time: Fri Apr 28 07:01:31 2017
elapsed time: 3310 seconds (0d 0h 55m 10s)

