#
# A fatal error has been detected by the Java Runtime Environment:
#
#  SIGSEGV (0xb) at pc=0x00007f4de5069a7a, pid=5658, tid=0x00007f4dd08b0700
#
# JRE version: Java(TM) SE Runtime Environment (8.0_102-b14) (build 1.8.0_102-b14)
# Java VM: Java HotSpot(TM) 64-Bit Server VM (25.102-b14 mixed mode linux-amd64 compressed oops)
# Problematic frame:
# v  ~BufferBlob::jni_fast_GetLongField
#
# Failed to write core dump. Core dumps have been disabled. To enable core dumping, try "ulimit -c unlimited" before starting Java again
#
# If you would like to submit a bug report, please visit:
#   http://bugreport.java.com/bugreport/crash.jsp
# The crash happened outside the Java Virtual Machine in native code.
# See problematic frame for where to report the bug.
#

---------------  T H R E A D  ---------------

Current thread (0x00007f4df4266800):  JavaThread "AWT-XAWT" daemon [_thread_in_native, id=5679, stack(0x00007f4dd07b0000,0x00007f4dd08b1000)]

siginfo: si_signo: 11 (SIGSEGV), si_code: 1 (SEGV_MAPERR), si_addr: 0x0000000000000000

Registers:
RAX=0x00007f4dfb287f60, RBX=0x00007f4df42669f8, RCX=0x00007f4dfbcef2c0, RDX=0x0000000000000042
RSP=0x00007f4dd08af638, RBP=0x00007f4dd08af660, RSI=0x0000000000000000, RDI=0x00007f4df42669f8
R8 =0x00000000d931f1e0, R9 =0x0000000000000000, R10=0x00000000000000ba, R11=0x00007f4de547c158
R12=0x00007f4d90118ac0, R13=0x0000000000000000, R14=0x00007f4dd26417e0, R15=0x00007f4df4266800
RIP=0x00007f4de5069a7a, EFLAGS=0x0000000000010246, CSGSFS=0x0000000000000033, ERR=0x0000000000000004
  TRAPNO=0x000000000000000e

Top of Stack: (sp=0x00007f4dd08af638)
0x00007f4dd08af638:   00007f4dd241fef1 00007f4de0b343e0
0x00007f4dd08af648:   00007f4d90118ac0 00007f4dd08af710
0x00007f4dd08af658:   00007f4dd08af6e0 0000000000000000
0x00007f4dd08af668:   00007f4dd1f013c0 00007f4de0b343e0
0x00007f4dd08af678:   00007f4dd08af6a0 0000000000000000
0x00007f4dd08af688:   00007f4dd1ef8f93 00007f4dd08af710
0x00007f4dd08af698:   00007f4dd241912f 00007f4dd08af6f0
0x00007f4dd08af6a8:   00007f4de547c1f6 0000000000000000
0x00007f4dd08af6b8:   00007f4de534d2b6 00007f4dd08af710
0x00007f4dd08af6c8:   00007f4de51652ac 00000000d9498cf8
0x00007f4dd08af6d8:   00007f4de5457134 0000000084a01a20
0x00007f4dd08af6e8:   00000000d94edc58 00007f4dd08af770
0x00007f4dd08af6f8:   00007f4de5007a90 00007f4dd08af770
0x00007f4dd08af708:   00007f4de5007a90 0000000000000000
0x00007f4dd08af718:   00007f4de5007dd0 00007f4da4000e30
0x00007f4dd08af728:   00000000d9498cf8 00007f4dd08af730
0x00007f4dd08af738:   00007f4de0b13adc 00007f4dd08af7b8
0x00007f4dd08af748:   00007f4de0b1cab0 0000000000000000
0x00007f4dd08af758:   00007f4de0b13c18 00007f4dd08af710
0x00007f4dd08af768:   00007f4dd08af7b0 00007f4dd08af800
0x00007f4dd08af778:   00007f4de50082bd 0000000000000000
0x00007f4dd08af788:   00000000d71e51d8 00000000d71961e0
0x00007f4dd08af798:   0000000000000000 0000000000000000
0x00007f4dd08af7a8:   00000000d9498cf8 0000000000000000
0x00007f4dd08af7b8:   00000000d9252a08 00007f4dd08af7c0
0x00007f4dd08af7c8:   00007f4de0b1391d 00007f4dd08af810
0x00007f4dd08af7d8:   00007f4de0b1cab0 0000000000000000
0x00007f4dd08af7e8:   00007f4de0b13928 00007f4dd08af7b0
0x00007f4dd08af7f8:   00007f4dd08af810 00007f4dd08af858
0x00007f4dd08af808:   00007f4de5008302 00000000d9252a08
0x00007f4dd08af818:   00007f4dd08af818 00007f4de06a294b
0x00007f4dd08af828:   00007f4dd08af868 00007f4de0729fd0 

Instructions: (pc=0x00007f4de5069a7a)
0x00007f4de5069a5a:   00 00 00 00 00 00 44 8b 15 61 df 25 16 4c 8b ce
0x00007f4de5069a6a:   41 f6 c2 01 0f 85 2e 00 00 00 4d 33 ca 4d 33 ca
0x00007f4de5069a7a:   4d 8b 09 4c 8b da 49 c1 eb 02 4b 8b 04 19 49 bb
0x00007f4de5069a8a:   c8 79 2c fb 4d 7f 00 00 4c 33 d8 4c 33 d8 45 3b 

Register to memory mapping:

RAX=0x00007f4dfb287f60: <offset 0xf83f60> in /home/ankurdengla/jdk1.8.0_102/jre/lib/amd64/server/libjvm.so at 0x00007f4dfa304000
RBX=0x00007f4df42669f8 is an unknown value
RCX=0x00007f4dfbcef2c0: <offset 0x2182c0> in /lib/x86_64-linux-gnu/libpthread.so.0 at 0x00007f4dfbad7000
RDX=0x0000000000000042 is an unknown value
RSP=0x00007f4dd08af638 is pointing into the stack for thread: 0x00007f4df4266800
RBP=0x00007f4dd08af660 is pointing into the stack for thread: 0x00007f4df4266800
RSI=0x0000000000000000 is an unknown value
RDI=0x00007f4df42669f8 is an unknown value
R8 =0x00000000d931f1e0 is an oop
sun.util.logging.PlatformLogger$Level 
 - klass: 'sun/util/logging/PlatformLogger$Level'
R9 =0x0000000000000000 is an unknown value
R10=0x00000000000000ba is an unknown value
R11=0x00007f4de547c158 is at entry_point+24 in (nmethod*)0x00007f4de547bfd0
R12=0x00007f4d90118ac0 is an unknown value
R13=0x0000000000000000 is an unknown value
R14=0x00007f4dd26417e0: <offset 0x2587e0> in /home/ankurdengla/jdk1.8.0_102/jre/lib/amd64/libawt_xawt.so at 0x00007f4dd23e9000
R15=0x00007f4df4266800 is a thread


Stack: [0x00007f4dd07b0000,0x00007f4dd08b1000],  sp=0x00007f4dd08af638,  free space=1021k
Native frames: (J=compiled Java code, j=interpreted, Vv=VM code, C=native code)
v  ~BufferBlob::jni_fast_GetLongField
C  [libX11.so.6+0x643c0]  _XimServerDestroy+0x70

Java frames: (J=compiled Java code, j=interpreted, Vv=VM code)
J 1516  sun.awt.X11.XlibWrapper.XFilterEvent(JJ)Z (0 bytes) @ 0x00007f4de547c184 [0x00007f4de547c140+0x44]
j  sun.awt.X11.XToolkit.run(Z)V+300
j  sun.awt.X11.XToolkit.run()V+5
j  java.lang.Thread.run()V+11
v  ~StubRoutines::call_stub

---------------  P R O C E S S  ---------------

Java Threads: ( => current thread )
  0x00007f4d9015f000 JavaThread "Abandoned connection cleanup thread" daemon [_thread_blocked, id=5685, stack(0x00007f4d9f334000,0x00007f4d9f435000)]
  0x00007f4d90121000 JavaThread "TimerQueue" daemon [_thread_blocked, id=5684, stack(0x00007f4d9e45d000,0x00007f4d9e55e000)]
  0x00007f4df400a000 JavaThread "DestroyJavaVM" [_thread_blocked, id=5659, stack(0x00007f4dfbdf3000,0x00007f4dfbef4000)]
  0x00007f4df42ed800 JavaThread "AWT-EventQueue-0" [_thread_blocked, id=5681, stack(0x00007f4d9fdfe000,0x00007f4d9feff000)]
  0x00007f4df4298000 JavaThread "AWT-Shutdown" [_thread_blocked, id=5680, stack(0x00007f4d9feff000,0x00007f4da0000000)]
=>0x00007f4df4266800 JavaThread "AWT-XAWT" daemon [_thread_in_native, id=5679, stack(0x00007f4dd07b0000,0x00007f4dd08b1000)]
  0x00007f4df424e800 JavaThread "Java2D Disposer" daemon [_thread_blocked, id=5678, stack(0x00007f4dd0cc1000,0x00007f4dd0dc2000)]
  0x00007f4df40c8000 JavaThread "Service Thread" daemon [_thread_blocked, id=5676, stack(0x00007f4dd2a15000,0x00007f4dd2b16000)]
  0x00007f4df40bd000 JavaThread "C1 CompilerThread2" daemon [_thread_blocked, id=5675, stack(0x00007f4dd2b16000,0x00007f4dd2c17000)]
  0x00007f4df40bb000 JavaThread "C2 CompilerThread1" daemon [_thread_blocked, id=5674, stack(0x00007f4dd2c17000,0x00007f4dd2d18000)]
  0x00007f4df40b8000 JavaThread "C2 CompilerThread0" daemon [_thread_blocked, id=5673, stack(0x00007f4dd2d18000,0x00007f4dd2e19000)]
  0x00007f4df40b6800 JavaThread "Signal Dispatcher" daemon [_thread_in_native, id=5672, stack(0x00007f4dd2e19000,0x00007f4dd2f1a000)]
  0x00007f4df4084000 JavaThread "Finalizer" daemon [_thread_blocked, id=5670, stack(0x00007f4dd31f2000,0x00007f4dd32f3000)]
  0x00007f4df407f800 JavaThread "Reference Handler" daemon [_thread_blocked, id=5669, stack(0x00007f4dd32f3000,0x00007f4dd33f4000)]

Other Threads:
  0x00007f4df4077800 VMThread [stack: 0x00007f4dd33f4000,0x00007f4dd34f5000] [id=5668]
  0x00007f4df40ca800 WatcherThread [stack: 0x00007f4dd2914000,0x00007f4dd2a15000] [id=5677]

VM state:not at safepoint (normal execution)

VM Mutex/Monitor currently owned by a thread: None

Heap:
 PSYoungGen      total 36864K, used 9826K [0x00000000d6e00000, 0x00000000d9700000, 0x0000000100000000)
  eden space 31744K, 15% used [0x00000000d6e00000,0x00000000d72dfcd8,0x00000000d8d00000)
  from space 5120K, 94% used [0x00000000d9200000,0x00000000d96b8bb8,0x00000000d9700000)
  to   space 5120K, 0% used [0x00000000d8d00000,0x00000000d8d00000,0x00000000d9200000)
 ParOldGen       total 84992K, used 27228K [0x0000000084a00000, 0x0000000089d00000, 0x00000000d6e00000)
  object space 84992K, 32% used [0x0000000084a00000,0x00000000864973d0,0x0000000089d00000)
 Metaspace       used 20193K, capacity 20422K, committed 20608K, reserved 1067008K
  class space    used 2305K, capacity 2391K, committed 2432K, reserved 1048576K

Card table byte_map: [0x00007f4df87c1000,0x00007f4df8b9d000] byte_map_base: 0x00007f4df839c000

Marking Bits: (ParMarkBitMap*) 0x00007f4dfb2c6c60
 Begin Bits: [0x00007f4de1250000, 0x00007f4de3128000)
 End Bits:   [0x00007f4de3128000, 0x00007f4de5000000)

Polling page: 0x00007f4dfbf16000

CodeCache: size=245760Kb used=8452Kb max_used=8535Kb free=237307Kb
 bounds [0x00007f4de5000000, 0x00007f4de5860000, 0x00007f4df4000000]
 total_blobs=3354 nmethods=2684 adapters=582
 compilation: enabled

Compilation events (10 events):
Event: 2840.733 Thread 0x00007f4df40bd000 2791       3       sun.awt.X11.XMSelection$1::dispatchEvent (10 bytes)
Event: 2840.737 Thread 0x00007f4df40bd000 nmethod 2791 0x00007f4de52d5a10 code [0x00007f4de52d5bc0, 0x00007f4de52d6018]
Event: 2840.738 Thread 0x00007f4df40bd000 2792       3       sun.awt.X11.XMSelection::processRootEvent (32 bytes)
Event: 2840.738 Thread 0x00007f4df40bd000 nmethod 2792 0x00007f4de526c150 code [0x00007f4de526c300, 0x00007f4de526c6d8]
Event: 4028.104 Thread 0x00007f4df40bd000 2793       3       sun.awt.X11.XDnDDropTargetProtocol::getMessageType (59 bytes)
Event: 4028.105 Thread 0x00007f4df40bd000 nmethod 2793 0x00007f4de526f690 code [0x00007f4de526f880, 0x00007f4de52701a8]
Event: 4028.105 Thread 0x00007f4df40bd000 2794       3       sun.awt.X11.MotifDnDDropTargetProtocol::getMessageType (98 bytes)
Event: 4028.106 Thread 0x00007f4df40bd000 nmethod 2794 0x00007f4de51bb0d0 code [0x00007f4de51bb2c0, 0x00007f4de51bba98]
Event: 4053.522 Thread 0x00007f4df40bb000 2795   !   4       sun.awt.X11.XToolkit::windowToXWindow (27 bytes)
Event: 4053.529 Thread 0x00007f4df40bb000 nmethod 2795 0x00007f4de52b0cd0 code [0x00007f4de52b0e60, 0x00007f4de52b13e8]

GC Heap History (4 events):
Event: 6.602 GC heap before
{Heap before GC invocations=1 (full 0):
 PSYoungGen      total 36864K, used 31744K [0x00000000d6e00000, 0x00000000d9700000, 0x0000000100000000)
  eden space 31744K, 100% used [0x00000000d6e00000,0x00000000d8d00000,0x00000000d8d00000)
  from space 5120K, 0% used [0x00000000d9200000,0x00000000d9200000,0x00000000d9700000)
  to   space 5120K, 0% used [0x00000000d8d00000,0x00000000d8d00000,0x00000000d9200000)
 ParOldGen       total 84992K, used 0K [0x0000000084a00000, 0x0000000089d00000, 0x00000000d6e00000)
  object space 84992K, 0% used [0x0000000084a00000,0x0000000084a00000,0x0000000089d00000)
 Metaspace       used 17372K, capacity 17576K, committed 17792K, reserved 1064960K
  class space    used 2071K, capacity 2150K, committed 2176K, reserved 1048576K
Event: 6.610 GC heap after
Heap after GC invocations=1 (full 0):
 PSYoungGen      total 36864K, used 4396K [0x00000000d6e00000, 0x00000000d9700000, 0x0000000100000000)
  eden space 31744K, 0% used [0x00000000d6e00000,0x00000000d6e00000,0x00000000d8d00000)
  from space 5120K, 85% used [0x00000000d8d00000,0x00000000d914b168,0x00000000d9200000)
  to   space 5120K, 0% used [0x00000000d9200000,0x00000000d9200000,0x00000000d9700000)
 ParOldGen       total 84992K, used 6649K [0x0000000084a00000, 0x0000000089d00000, 0x00000000d6e00000)
  object space 84992K, 7% used [0x0000000084a00000,0x000000008507e410,0x0000000089d00000)
 Metaspace       used 17372K, capacity 17576K, committed 17792K, reserved 1064960K
  class space    used 2071K, capacity 2150K, committed 2176K, reserved 1048576K
}
Event: 109.562 GC heap before
{Heap before GC invocations=2 (full 0):
 PSYoungGen      total 36864K, used 36140K [0x00000000d6e00000, 0x00000000d9700000, 0x0000000100000000)
  eden space 31744K, 100% used [0x00000000d6e00000,0x00000000d8d00000,0x00000000d8d00000)
  from space 5120K, 85% used [0x00000000d8d00000,0x00000000d914b168,0x00000000d9200000)
  to   space 5120K, 0% used [0x00000000d9200000,0x00000000d9200000,0x00000000d9700000)
 ParOldGen       total 84992K, used 6649K [0x0000000084a00000, 0x0000000089d00000, 0x00000000d6e00000)
  object space 84992K, 7% used [0x0000000084a00000,0x000000008507e410,0x0000000089d00000)
 Metaspace       used 19245K, capacity 19400K, committed 19840K, reserved 1067008K
  class space    used 2232K, capacity 2310K, committed 2432K, reserved 1048576K
Event: 109.573 GC heap after
Heap after GC invocations=2 (full 0):
 PSYoungGen      total 36864K, used 4834K [0x00000000d6e00000, 0x00000000d9700000, 0x0000000100000000)
  eden space 31744K, 0% used [0x00000000d6e00000,0x00000000d6e00000,0x00000000d8d00000)
  from space 5120K, 94% used [0x00000000d9200000,0x00000000d96b8bb8,0x00000000d9700000)
  to   space 5120K, 0% used [0x00000000d8d00000,0x00000000d8d00000,0x00000000d9200000)
 ParOldGen       total 84992K, used 27228K [0x0000000084a00000, 0x0000000089d00000, 0x00000000d6e00000)
  object space 84992K, 32% used [0x0000000084a00000,0x00000000864973d0,0x0000000089d00000)
 Metaspace       used 19245K, capacity 19400K, committed 19840K, reserved 1067008K
  class space    used 2232K, capacity 2310K, committed 2432K, reserved 1048576K
}

Deoptimization events (10 events):
Event: 0.656 Thread 0x00007f4df42ed800 Uncommon trap: reason=class_check action=maybe_recompile pc=0x00007f4de51fd160 method=java.util.HashMap.putVal(ILjava/lang/Object;Ljava/lang/Object;ZZ)Ljava/lang/Object; @ 253
Event: 1.606 Thread 0x00007f4df42ed800 Uncommon trap: reason=class_check action=maybe_recompile pc=0x00007f4de5163ba4 method=java.lang.String.equals(Ljava/lang/Object;)Z @ 8
Event: 1.606 Thread 0x00007f4df42ed800 Uncommon trap: reason=class_check action=maybe_recompile pc=0x00007f4de5163ba4 method=java.lang.String.equals(Ljava/lang/Object;)Z @ 8
Event: 1.761 Thread 0x00007f4df42ed800 Uncommon trap: reason=class_check action=maybe_recompile pc=0x00007f4de5163ba4 method=java.lang.String.equals(Ljava/lang/Object;)Z @ 8
Event: 1.761 Thread 0x00007f4df42ed800 Uncommon trap: reason=class_check action=maybe_recompile pc=0x00007f4de5163ba4 method=java.lang.String.equals(Ljava/lang/Object;)Z @ 8
Event: 4.201 Thread 0x00007f4df42ed800 Uncommon trap: reason=unstable_if action=reinterpret pc=0x00007f4de529f10c method=java.util.HashMap.putVal(ILjava/lang/Object;Ljava/lang/Object;ZZ)Ljava/lang/Object; @ 109
Event: 6.488 Thread 0x00007f4df42ed800 Uncommon trap: reason=unstable_if action=reinterpret pc=0x00007f4de5253ed0 method=sun.nio.cs.UTF_8$Decoder.decode([BII[C)I @ 30
Event: 6.600 Thread 0x00007f4df42ed800 Uncommon trap: reason=unstable_if action=reinterpret pc=0x00007f4de524df58 method=java.lang.String.indexOf([CII[CIII)I @ 3
Event: 9.402 Thread 0x00007f4df42ed800 Uncommon trap: reason=unstable_if action=reinterpret pc=0x00007f4de5379abc method=javax.swing.plaf.nimbus.DerivedColor.equals(Ljava/lang/Object;)Z @ 45
Event: 9.402 Thread 0x00007f4df42ed800 Uncommon trap: reason=unstable_if action=reinterpret pc=0x00007f4de5376b40 method=javax.swing.plaf.nimbus.DerivedColor.equals(Ljava/lang/Object;)Z @ 45

Internal exceptions (10 events):
Event: 0.308 Thread 0x00007f4df400a000 Exception <a 'java/lang/ClassNotFoundException': javax/swing/JTreeCell> (0x00000000d72b5950) thrown at [/HUDSON3/workspace/8-2-build-linux-amd64/jdk8u102/7268/hotspot/src/share/vm/classfile/systemDictionary.cpp, line 210]
Event: 0.308 Thread 0x00007f4df400a000 Exception <a 'java/lang/ClassNotFoundException': TreeCell> (0x00000000d72b5dd8) thrown at [/HUDSON3/workspace/8-2-build-linux-amd64/jdk8u102/7268/hotspot/src/share/vm/classfile/systemDictionary.cpp, line 210]
Event: 0.309 Thread 0x00007f4df400a000 Exception <a 'java/lang/ClassNotFoundException': RootPane> (0x00000000d72b6838) thrown at [/HUDSON3/workspace/8-2-build-linux-amd64/jdk8u102/7268/hotspot/src/share/vm/classfile/systemDictionary.cpp, line 210]
Event: 0.832 Thread 0x00007f4df42ed800 Exception <a 'java/lang/UnsupportedOperationException': > (0x00000000d791f3e0) thrown at [/HUDSON3/workspace/8-2-build-linux-amd64/jdk8u102/7268/hotspot/src/share/vm/prims/jni.cpp, line 735]
Event: 6.900 Thread 0x00007f4df42ed800 Exception <a 'java/lang/UnsupportedOperationException': > (0x00000000d7dffe58) thrown at [/HUDSON3/workspace/8-2-build-linux-amd64/jdk8u102/7268/hotspot/src/share/vm/prims/jni.cpp, line 735]
Event: 9.223 Thread 0x00007f4df42ed800 Exception <a 'java/lang/UnsupportedOperationException': > (0x00000000d7e2a480) thrown at [/HUDSON3/workspace/8-2-build-linux-amd64/jdk8u102/7268/hotspot/src/share/vm/prims/jni.cpp, line 735]
Event: 9.580 Thread 0x00007f4df42ed800 Exception <a 'java/lang/UnsupportedOperationException': > (0x00000000d876e690) thrown at [/HUDSON3/workspace/8-2-build-linux-amd64/jdk8u102/7268/hotspot/src/share/vm/prims/jni.cpp, line 735]
Event: 109.725 Thread 0x00007f4df42ed800 Exception <a 'java/lang/UnsupportedOperationException': > (0x00000000d6fa44a8) thrown at [/HUDSON3/workspace/8-2-build-linux-amd64/jdk8u102/7268/hotspot/src/share/vm/prims/jni.cpp, line 735]
Event: 188.377 Thread 0x00007f4df42ed800 Exception <a 'java/lang/UnsupportedOperationException': > (0x00000000d718cb10) thrown at [/HUDSON3/workspace/8-2-build-linux-amd64/jdk8u102/7268/hotspot/src/share/vm/prims/jni.cpp, line 735]
Event: 188.588 Thread 0x00007f4df42ed800 Exception <a 'java/lang/UnsupportedOperationException': > (0x00000000d7221a10) thrown at [/HUDSON3/workspace/8-2-build-linux-amd64/jdk8u102/7268/hotspot/src/share/vm/prims/jni.cpp, line 735]

Events (10 events):
Event: 1511.332 Thread 0x00007f4df40bd000 flushing nmethod 0x00007f4de52d4b10
Event: 1511.332 Thread 0x00007f4df40bd000 flushing nmethod 0x00007f4de52d5750
Event: 1511.332 Thread 0x00007f4df40bd000 flushing nmethod 0x00007f4de52d8f50
Event: 1511.332 Thread 0x00007f4df40bd000 flushing nmethod 0x00007f4de52d9ed0
Event: 1511.332 Thread 0x00007f4df40bd000 flushing nmethod 0x00007f4de52db590
Event: 1927.925 Thread 0x00007f4df40b8000 flushing nmethod 0x00007f4de52edc50
Event: 2564.277 Thread 0x00007f4df40b8000 flushing nmethod 0x00007f4de53f5450
Event: 2564.277 Thread 0x00007f4df40b8000 flushing nmethod 0x00007f4de5401150
Event: 4125.686 loading class sun/awt/X11/XDestroyWindowEvent
Event: 4125.686 loading class sun/awt/X11/XDestroyWindowEvent done


Dynamic libraries:
00400000-00401000 r-xp 00000000 08:09 2236664                            /home/ankurdengla/jdk1.8.0_102/bin/java
00600000-00601000 rw-p 00000000 08:09 2236664                            /home/ankurdengla/jdk1.8.0_102/bin/java
0077b000-0079c000 rw-p 00000000 00:00 0                                  [heap]
84a00000-89d00000 rw-p 00000000 00:00 0 
89d00000-d6e00000 ---p 00000000 00:00 0 
d6e00000-d9700000 rw-p 00000000 00:00 0 
d9700000-100000000 ---p 00000000 00:00 0 
100000000-100260000 rw-p 00000000 00:00 0 
100260000-140000000 ---p 00000000 00:00 0 
7f4d88000000-7f4d8828d000 rw-p 00000000 00:00 0 
7f4d8828d000-7f4d8c000000 ---p 00000000 00:00 0 
7f4d8c000000-7f4d8c021000 rw-p 00000000 00:00 0 
7f4d8c021000-7f4d90000000 ---p 00000000 00:00 0 
7f4d90000000-7f4d9034e000 rw-p 00000000 00:00 0 
7f4d9034e000-7f4d94000000 ---p 00000000 00:00 0 
7f4d94000000-7f4d9402f000 rw-p 00000000 00:00 0 
7f4d9402f000-7f4d98000000 ---p 00000000 00:00 0 
7f4d98000000-7f4d98021000 rw-p 00000000 00:00 0 
7f4d98021000-7f4d9c000000 ---p 00000000 00:00 0 
7f4d9e25d000-7f4d9e45d000 rw-p 00000000 00:00 0 
7f4d9e45d000-7f4d9e460000 ---p 00000000 00:00 0 
7f4d9e460000-7f4d9e55e000 rw-p 00000000 00:00 0 
7f4d9e55e000-7f4d9e588000 r-xp 00000000 08:09 2236783                    /home/ankurdengla/jdk1.8.0_102/jre/lib/amd64/libdcpr.so
7f4d9e588000-7f4d9e788000 ---p 0002a000 08:09 2236783                    /home/ankurdengla/jdk1.8.0_102/jre/lib/amd64/libdcpr.so
7f4d9e788000-7f4d9e78b000 rw-p 0002a000 08:09 2236783                    /home/ankurdengla/jdk1.8.0_102/jre/lib/amd64/libdcpr.so
7f4d9e78b000-7f4d9ee04000 rw-s 00000000 00:05 82739217                   /SYSV00000000 (deleted)
7f4d9ee04000-7f4d9f004000 rw-p 00000000 00:00 0 
7f4d9f004000-7f4d9f00f000 r--s 00000000 08:09 657864                     /var/cache/fontconfig/945677eb7aeaf62f1d50efc3fb3ec7d8-le64.cache-6
7f4d9f00f000-7f4d9f015000 r--s 00000000 08:09 657862                     /var/cache/fontconfig/2cd17615ca594fa2959ae173292e504c-le64.cache-6
7f4d9f015000-7f4d9f016000 r--s 00000000 08:09 657861                     /var/cache/fontconfig/0d8c3b2ac0904cb8a57a757ad11a4a08-le64.cache-6
7f4d9f016000-7f4d9f01a000 r--s 00000000 08:09 658222                     /var/cache/fontconfig/de156ccd2eddbdc19d37a45b8b2aac9c-le64.cache-6
7f4d9f01a000-7f4d9f02f000 r--s 00000000 08:09 657860                     /var/cache/fontconfig/04aabc0a78ac019cf9454389977116d2-le64.cache-6
7f4d9f02f000-7f4d9f030000 r--s 00000000 08:09 657859                     /var/cache/fontconfig/1ac9eb803944fde146138c791f5cc56a-le64.cache-6
7f4d9f030000-7f4d9f034000 r--s 00000000 08:09 657858                     /var/cache/fontconfig/385c0604a188198f04d133e54aba7fe7-le64.cache-6
7f4d9f034000-7f4d9f037000 r--s 00000000 08:09 657856                     /var/cache/fontconfig/767a8244fc0220cfb567a839d0392e0b-le64.cache-6
7f4d9f037000-7f4d9f03c000 r--s 00000000 08:09 657854                     /var/cache/fontconfig/8801497958630a81b71ace7c5f9b32a8-le64.cache-6
7f4d9f03c000-7f4d9f077000 r--s 00000000 08:09 657853                     /var/cache/fontconfig/365b55f210c0a22e9a19e35191240f32-le64.cache-6
7f4d9f077000-7f4d9f08a000 r--s 00000000 08:09 657847                     /var/cache/fontconfig/d52a8644073d54c13679302ca1180695-le64.cache-6
7f4d9f0f5000-7f4d9f0f9000 r--s 00097000 08:09 2236694                    /home/ankurdengla/jdk1.8.0_102/jre/lib/jsse.jar
7f4d9f0f9000-7f4d9f134000 r-xp 00000000 08:09 2236772                    /home/ankurdengla/jdk1.8.0_102/jre/lib/amd64/libjpeg.so
7f4d9f134000-7f4d9f333000 ---p 0003b000 08:09 2236772                    /home/ankurdengla/jdk1.8.0_102/jre/lib/amd64/libjpeg.so
7f4d9f333000-7f4d9f334000 rw-p 0003a000 08:09 2236772                    /home/ankurdengla/jdk1.8.0_102/jre/lib/amd64/libjpeg.so
7f4d9f334000-7f4d9f337000 ---p 00000000 00:00 0 
7f4d9f337000-7f4d9f635000 rw-p 00000000 00:00 0 
7f4d9f635000-7f4d9f69e000 r-xp 00000000 08:09 2236841                    /home/ankurdengla/jdk1.8.0_102/jre/lib/amd64/libt2k.so
7f4d9f69e000-7f4d9f89e000 ---p 00069000 08:09 2236841                    /home/ankurdengla/jdk1.8.0_102/jre/lib/amd64/libt2k.so
7f4d9f89e000-7f4d9f8a5000 rw-p 00069000 08:09 2236841                    /home/ankurdengla/jdk1.8.0_102/jre/lib/amd64/libt2k.so
7f4d9f8a5000-7f4d9f8b5000 rw-p 00000000 00:00 0 
7f4d9f8de000-7f4d9fa9e000 rw-p 00000000 00:00 0 
7f4d9fa9e000-7f4d9fae1000 ---p 00000000 00:00 0 
7f4d9fae1000-7f4d9fbdf000 rw-p 00000000 00:00 0 
7f4d9fbdf000-7f4d9fbe6000 r--s 00000000 08:09 657851                     /var/cache/fontconfig/3047814df9a2f067bd2d96a2b9c36e5a-le64.cache-6
7f4d9fbe6000-7f4d9fbec000 r--s 00000000 08:09 657848                     /var/cache/fontconfig/b47c4e1ecd0709278f4910c18777a504-le64.cache-6
7f4d9fbec000-7f4d9fbfe000 r--s 00000000 08:09 655814                     /var/cache/fontconfig/9b89f8e3dae116d678bbf48e5f21f69b-le64.cache-6
7f4d9fbfe000-7f4d9fdfe000 rw-p 00000000 00:00 0 
7f4d9fdfe000-7f4d9fe01000 ---p 00000000 00:00 0 
7f4d9fe01000-7f4d9feff000 rw-p 00000000 00:00 0 
7f4d9feff000-7f4d9ff02000 ---p 00000000 00:00 0 
7f4d9ff02000-7f4da0000000 rw-p 00000000 00:00 0 
7f4da0000000-7f4da0021000 rw-p 00000000 00:00 0 
7f4da0021000-7f4da4000000 ---p 00000000 00:00 0 
7f4da4000000-7f4da4029000 rw-p 00000000 00:00 0 
7f4da4029000-7f4da8000000 ---p 00000000 00:00 0 
7f4da8000000-7f4da8021000 rw-p 00000000 00:00 0 
7f4da8021000-7f4dac000000 ---p 00000000 00:00 0 
7f4dac000000-7f4dac021000 rw-p 00000000 00:00 0 
7f4dac021000-7f4db0000000 ---p 00000000 00:00 0 
7f4db0000000-7f4db05a2000 rw-p 00000000 00:00 0 
7f4db05a2000-7f4db4000000 ---p 00000000 00:00 0 
7f4db4000000-7f4db4676000 rw-p 00000000 00:00 0 
7f4db4676000-7f4db8000000 ---p 00000000 00:00 0 
7f4db8000000-7f4db8021000 rw-p 00000000 00:00 0 
7f4db8021000-7f4dbc000000 ---p 00000000 00:00 0 
7f4dbc000000-7f4dbc709000 rw-p 00000000 00:00 0 
7f4dbc709000-7f4dc0000000 ---p 00000000 00:00 0 
7f4dc0000000-7f4dc0021000 rw-p 00000000 00:00 0 
7f4dc0021000-7f4dc4000000 ---p 00000000 00:00 0 
7f4dc4000000-7f4dc4021000 rw-p 00000000 00:00 0 
7f4dc4021000-7f4dc8000000 ---p 00000000 00:00 0 
7f4dc8000000-7f4dc8021000 rw-p 00000000 00:00 0 
7f4dc8021000-7f4dcc000000 ---p 00000000 00:00 0 
7f4dcc000000-7f4dcc021000 rw-p 00000000 00:00 0 
7f4dcc021000-7f4dd0000000 ---p 00000000 00:00 0 
7f4dd0000000-7f4dd0001000 r--s 00000000 08:09 657857                     /var/cache/fontconfig/dc05db6664285cc2f12bf69c139ae4c3-le64.cache-6
7f4dd0001000-7f4dd0002000 r--s 00000000 08:09 665010                     /var/cache/fontconfig/4794a0821666d79190d59a36cb4f44b5-le64.cache-6
7f4dd0002000-7f4dd0003000 r--s 00000000 08:09 657852                     /var/cache/fontconfig/bab58bb527bb656aaa9f116d68a48d89-le64.cache-6
7f4dd0003000-7f4dd0004000 r--s 00000000 08:09 657850                     /var/cache/fontconfig/56cf4f4769d0f4abc89a4895d7bd3ae1-le64.cache-6
7f4dd0004000-7f4dd0005000 r--s 00000000 08:09 657849                     /var/cache/fontconfig/b9d506c9ac06c20b433354fa67a72993-le64.cache-6
7f4dd0005000-7f4dd0006000 r--s 00000000 08:09 657846                     /var/cache/fontconfig/551ecf3b0e8b0bca0f25c0944f561853-le64.cache-6
7f4dd0006000-7f4dd000a000 r--s 00000000 08:09 656954                     /var/cache/fontconfig/d589a48862398ed80a3d6066f4f56f4c-le64.cache-6
7f4dd000a000-7f4dd000b000 r--s 00000000 08:09 657844                     /var/cache/fontconfig/30829fa25452a46451e813d634d7f916-le64.cache-6
7f4dd000b000-7f4dd000c000 r--s 00000000 08:09 657843                     /var/cache/fontconfig/0c9eb80ebd1c36541ebe2852d3bb0c49-le64.cache-6
7f4dd000c000-7f4dd000f000 r--s 00000000 08:09 657841                     /var/cache/fontconfig/75114ca45c98e8a441da0ff356701271-le64.cache-6
7f4dd000f000-7f4dd001a000 r--s 00000000 08:09 657864                     /var/cache/fontconfig/945677eb7aeaf62f1d50efc3fb3ec7d8-le64.cache-6
7f4dd001a000-7f4dd0055000 r--s 00000000 08:09 657853                     /var/cache/fontconfig/365b55f210c0a22e9a19e35191240f32-le64.cache-6
7f4dd0055000-7f4dd0060000 r--s 00000000 08:09 657840                     /var/cache/fontconfig/83bf95040141907cd45bb53cf7c1c148-le64.cache-6
7f4dd0060000-7f4dd0062000 r--s 00000000 08:09 667083                     /var/cache/fontconfig/62f91419b9ebdb6975e7e41ab6412357-le64.cache-6
7f4dd0062000-7f4dd006f000 r--s 00000000 08:09 665514                     /var/cache/fontconfig/e13b20fdb08344e0e664864cc2ede53d-le64.cache-6
7f4dd0087000-7f4dd0098000 r-xp 00000000 08:09 2236807                    /home/ankurdengla/jdk1.8.0_102/jre/lib/amd64/libnio.so
7f4dd0098000-7f4dd0297000 ---p 00011000 08:09 2236807                    /home/ankurdengla/jdk1.8.0_102/jre/lib/amd64/libnio.so
7f4dd0297000-7f4dd0298000 rw-p 00010000 08:09 2236807                    /home/ankurdengla/jdk1.8.0_102/jre/lib/amd64/libnio.so
7f4dd0298000-7f4dd0599000 rw-p 00000000 00:00 0 
7f4dd0599000-7f4dd05af000 r-xp 00000000 08:09 2236776                    /home/ankurdengla/jdk1.8.0_102/jre/lib/amd64/libnet.so
7f4dd05af000-7f4dd07af000 ---p 00016000 08:09 2236776                    /home/ankurdengla/jdk1.8.0_102/jre/lib/amd64/libnet.so
7f4dd07af000-7f4dd07b0000 rw-p 00016000 08:09 2236776                    /home/ankurdengla/jdk1.8.0_102/jre/lib/amd64/libnet.so
7f4dd07b0000-7f4dd07b3000 ---p 00000000 00:00 0 
7f4dd07b3000-7f4dd08b1000 rw-p 00000000 00:00 0 
7f4dd08b1000-7f4dd08b6000 r-xp 00000000 08:09 664425                     /usr/lib/x86_64-linux-gnu/libXfixes.so.3.1.0
7f4dd08b6000-7f4dd0ab5000 ---p 00005000 08:09 664425                     /usr/lib/x86_64-linux-gnu/libXfixes.so.3.1.0
7f4dd0ab5000-7f4dd0ab6000 r--p 00004000 08:09 664425                     /usr/lib/x86_64-linux-gnu/libXfixes.so.3.1.0
7f4dd0ab6000-7f4dd0ab7000 rw-p 00005000 08:09 664425                     /usr/lib/x86_64-linux-gnu/libXfixes.so.3.1.0
7f4dd0ab7000-7f4dd0ac0000 r-xp 00000000 08:09 664417                     /usr/lib/x86_64-linux-gnu/libXcursor.so.1.0.2
7f4dd0ac0000-7f4dd0cbf000 ---p 00009000 08:09 664417                     /usr/lib/x86_64-linux-gnu/libXcursor.so.1.0.2
7f4dd0cbf000-7f4dd0cc0000 r--p 00008000 08:09 664417                     /usr/lib/x86_64-linux-gnu/libXcursor.so.1.0.2
7f4dd0cc0000-7f4dd0cc1000 rw-p 00009000 08:09 664417                     /usr/lib/x86_64-linux-gnu/libXcursor.so.1.0.2
7f4dd0cc1000-7f4dd0cc4000 ---p 00000000 00:00 0 
7f4dd0cc4000-7f4dd0dc2000 rw-p 00000000 00:00 0 
7f4dd0dc2000-7f4dd0dd8000 r-xp 00000000 08:09 398519                     /lib/x86_64-linux-gnu/libgcc_s.so.1
7f4dd0dd8000-7f4dd0fd7000 ---p 00016000 08:09 398519                     /lib/x86_64-linux-gnu/libgcc_s.so.1
7f4dd0fd7000-7f4dd0fd8000 rw-p 00015000 08:09 398519                     /lib/x86_64-linux-gnu/libgcc_s.so.1
7f4dd0fd8000-7f4dd103d000 r-xp 00000000 08:09 2236801                    /home/ankurdengla/jdk1.8.0_102/jre/lib/amd64/libfontmanager.so
7f4dd103d000-7f4dd123c000 ---p 00065000 08:09 2236801                    /home/ankurdengla/jdk1.8.0_102/jre/lib/amd64/libfontmanager.so
7f4dd123c000-7f4dd1241000 rw-p 00064000 08:09 2236801                    /home/ankurdengla/jdk1.8.0_102/jre/lib/amd64/libfontmanager.so
7f4dd1241000-7f4dd1251000 rw-p 00000000 00:00 0 
7f4dd1251000-7f4dd1256000 r-xp 00000000 08:09 664421                     /usr/lib/x86_64-linux-gnu/libXdmcp.so.6.0.0
7f4dd1256000-7f4dd1455000 ---p 00005000 08:09 664421                     /usr/lib/x86_64-linux-gnu/libXdmcp.so.6.0.0
7f4dd1455000-7f4dd1456000 r--p 00004000 08:09 664421                     /usr/lib/x86_64-linux-gnu/libXdmcp.so.6.0.0
7f4dd1456000-7f4dd1457000 rw-p 00005000 08:09 664421                     /usr/lib/x86_64-linux-gnu/libXdmcp.so.6.0.0
7f4dd1457000-7f4dd1459000 r-xp 00000000 08:09 664410                     /usr/lib/x86_64-linux-gnu/libXau.so.6.0.0
7f4dd1459000-7f4dd1659000 ---p 00002000 08:09 664410                     /usr/lib/x86_64-linux-gnu/libXau.so.6.0.0
7f4dd1659000-7f4dd165a000 r--p 00002000 08:09 664410                     /usr/lib/x86_64-linux-gnu/libXau.so.6.0.0
7f4dd165a000-7f4dd165b000 rw-p 00003000 08:09 664410                     /usr/lib/x86_64-linux-gnu/libXau.so.6.0.0
7f4dd165b000-7f4dd167c000 r-xp 00000000 08:09 665788                     /usr/lib/x86_64-linux-gnu/libxcb.so.1.1.0
7f4dd167c000-7f4dd187b000 ---p 00021000 08:09 665788                     /usr/lib/x86_64-linux-gnu/libxcb.so.1.1.0
7f4dd187b000-7f4dd187c000 r--p 00020000 08:09 665788                     /usr/lib/x86_64-linux-gnu/libxcb.so.1.1.0
7f4dd187c000-7f4dd187d000 rw-p 00021000 08:09 665788                     /usr/lib/x86_64-linux-gnu/libxcb.so.1.1.0
7f4dd187d000-7f4dd188c000 r-xp 00000000 08:09 664431                     /usr/lib/x86_64-linux-gnu/libXi.so.6.1.0
7f4dd188c000-7f4dd1a8b000 ---p 0000f000 08:09 664431                     /usr/lib/x86_64-linux-gnu/libXi.so.6.1.0
7f4dd1a8b000-7f4dd1a8c000 r--p 0000e000 08:09 664431                     /usr/lib/x86_64-linux-gnu/libXi.so.6.1.0
7f4dd1a8c000-7f4dd1a8d000 rw-p 0000f000 08:09 664431                     /usr/lib/x86_64-linux-gnu/libXi.so.6.1.0
7f4dd1a8d000-7f4dd1a92000 r-xp 00000000 08:09 664449                     /usr/lib/x86_64-linux-gnu/libXtst.so.6.1.0
7f4dd1a92000-7f4dd1c91000 ---p 00005000 08:09 664449                     /usr/lib/x86_64-linux-gnu/libXtst.so.6.1.0
7f4dd1c91000-7f4dd1c92000 r--p 00004000 08:09 664449                     /usr/lib/x86_64-linux-gnu/libXtst.so.6.1.0
7f4dd1c92000-7f4dd1c93000 rw-p 00005000 08:09 664449                     /usr/lib/x86_64-linux-gnu/libXtst.so.6.1.0
7f4dd1c93000-7f4dd1c9c000 r-xp 00000000 08:09 664443                     /usr/lib/x86_64-linux-gnu/libXrender.so.1.3.0
7f4dd1c9c000-7f4dd1e9b000 ---p 00009000 08:09 664443                     /usr/lib/x86_64-linux-gnu/libXrender.so.1.3.0
7f4dd1e9b000-7f4dd1e9c000 r--p 00008000 08:09 664443                     /usr/lib/x86_64-linux-gnu/libXrender.so.1.3.0
7f4dd1e9c000-7f4dd1e9d000 rw-p 00009000 08:09 664443                     /usr/lib/x86_64-linux-gnu/libXrender.so.1.3.0
7f4dd1e9d000-7f4dd1fd2000 r-xp 00000000 08:09 664406                     /usr/lib/x86_64-linux-gnu/libX11.so.6.3.0
7f4dd1fd2000-7f4dd21d2000 ---p 00135000 08:09 664406                     /usr/lib/x86_64-linux-gnu/libX11.so.6.3.0
7f4dd21d2000-7f4dd21d3000 r--p 00135000 08:09 664406                     /usr/lib/x86_64-linux-gnu/libX11.so.6.3.0
7f4dd21d3000-7f4dd21d7000 rw-p 00136000 08:09 664406                     /usr/lib/x86_64-linux-gnu/libX11.so.6.3.0
7f4dd21d7000-7f4dd21e8000 r-xp 00000000 08:09 664423                     /usr/lib/x86_64-linux-gnu/libXext.so.6.4.0
7f4dd21e8000-7f4dd23e7000 ---p 00011000 08:09 664423                     /usr/lib/x86_64-linux-gnu/libXext.so.6.4.0
7f4dd23e7000-7f4dd23e8000 r--p 00010000 08:09 664423                     /usr/lib/x86_64-linux-gnu/libXext.so.6.4.0
7f4dd23e8000-7f4dd23e9000 rw-p 00011000 08:09 664423                     /usr/lib/x86_64-linux-gnu/libXext.so.6.4.0
7f4dd23e9000-7f4dd243d000 r-xp 00000000 08:09 2236809                    /home/ankurdengla/jdk1.8.0_102/jre/lib/amd64/libawt_xawt.so
7f4dd243d000-7f4dd263d000 ---p 00054000 08:09 2236809                    /home/ankurdengla/jdk1.8.0_102/jre/lib/amd64/libawt_xawt.so
7f4dd263d000-7f4dd2641000 rw-p 00054000 08:09 2236809                    /home/ankurdengla/jdk1.8.0_102/jre/lib/amd64/libawt_xawt.so
7f4dd2641000-7f4dd2642000 rw-p 00000000 00:00 0 
7f4dd2642000-7f4dd26e4000 r-xp 00000000 08:09 2236845                    /home/ankurdengla/jdk1.8.0_102/jre/lib/amd64/libawt.so
7f4dd26e4000-7f4dd28e4000 ---p 000a2000 08:09 2236845                    /home/ankurdengla/jdk1.8.0_102/jre/lib/amd64/libawt.so
7f4dd28e4000-7f4dd28f0000 rw-p 000a2000 08:09 2236845                    /home/ankurdengla/jdk1.8.0_102/jre/lib/amd64/libawt.so
7f4dd28f0000-7f4dd2914000 rw-p 00000000 00:00 0 
7f4dd2914000-7f4dd2915000 ---p 00000000 00:00 0 
7f4dd2915000-7f4dd2a15000 rw-p 00000000 00:00 0 
7f4dd2a15000-7f4dd2a18000 ---p 00000000 00:00 0 
7f4dd2a18000-7f4dd2b16000 rw-p 00000000 00:00 0 
7f4dd2b16000-7f4dd2b19000 ---p 00000000 00:00 0 
7f4dd2b19000-7f4dd2c17000 rw-p 00000000 00:00 0 
7f4dd2c17000-7f4dd2c1a000 ---p 00000000 00:00 0 
7f4dd2c1a000-7f4dd2d18000 rw-p 00000000 00:00 0 
7f4dd2d18000-7f4dd2d1b000 ---p 00000000 00:00 0 
7f4dd2d1b000-7f4dd2e19000 rw-p 00000000 00:00 0 
7f4dd2e19000-7f4dd2e1c000 ---p 00000000 00:00 0 
7f4dd2e1c000-7f4dd2f1a000 rw-p 00000000 00:00 0 
7f4dd2f1a000-7f4dd31f2000 r--p 00000000 08:09 655667                     /usr/lib/locale/locale-archive
7f4dd31f2000-7f4dd31f5000 ---p 00000000 00:00 0 
7f4dd31f5000-7f4dd32f3000 rw-p 00000000 00:00 0 
7f4dd32f3000-7f4dd32f6000 ---p 00000000 00:00 0 
7f4dd32f6000-7f4dd33f4000 rw-p 00000000 00:00 0 
7f4dd33f4000-7f4dd33f5000 ---p 00000000 00:00 0 
7f4dd33f5000-7f4dd4000000 rw-p 00000000 00:00 0 
7f4dd4000000-7f4dd4021000 rw-p 00000000 00:00 0 
7f4dd4021000-7f4dd8000000 ---p 00000000 00:00 0 
7f4dd8000000-7f4dd8021000 rw-p 00000000 00:00 0 
7f4dd8021000-7f4ddc000000 ---p 00000000 00:00 0 
7f4ddc000000-7f4ddc021000 rw-p 00000000 00:00 0 
7f4ddc021000-7f4de0000000 ---p 00000000 00:00 0 
7f4de0000000-7f4de0004000 r--s 00000000 08:09 660893                     /var/cache/fontconfig/7ef2298fde41cc6eeb7af42e48b7d293-le64.cache-6
7f4de0004000-7f4de000a000 r--s 00000000 08:09 657862                     /var/cache/fontconfig/2cd17615ca594fa2959ae173292e504c-le64.cache-6
7f4de000a000-7f4de000b000 r--s 00000000 08:09 657861                     /var/cache/fontconfig/0d8c3b2ac0904cb8a57a757ad11a4a08-le64.cache-6
7f4de000b000-7f4de000f000 r--s 00000000 08:09 658222                     /var/cache/fontconfig/de156ccd2eddbdc19d37a45b8b2aac9c-le64.cache-6
7f4de000f000-7f4de0024000 r--s 00000000 08:09 657860                     /var/cache/fontconfig/04aabc0a78ac019cf9454389977116d2-le64.cache-6
7f4de0024000-7f4de0025000 r--s 00000000 08:09 657859                     /var/cache/fontconfig/1ac9eb803944fde146138c791f5cc56a-le64.cache-6
7f4de0025000-7f4de0029000 r--s 00000000 08:09 657858                     /var/cache/fontconfig/385c0604a188198f04d133e54aba7fe7-le64.cache-6
7f4de0029000-7f4de002a000 r--s 00000000 08:09 657857                     /var/cache/fontconfig/dc05db6664285cc2f12bf69c139ae4c3-le64.cache-6
7f4de002a000-7f4de002d000 r--s 00000000 08:09 657856                     /var/cache/fontconfig/767a8244fc0220cfb567a839d0392e0b-le64.cache-6
7f4de002d000-7f4de002e000 r--s 00000000 08:09 665010                     /var/cache/fontconfig/4794a0821666d79190d59a36cb4f44b5-le64.cache-6
7f4de002e000-7f4de0033000 r--s 00000000 08:09 657854                     /var/cache/fontconfig/8801497958630a81b71ace7c5f9b32a8-le64.cache-6
7f4de0033000-7f4de0034000 r--s 00000000 08:09 657852                     /var/cache/fontconfig/bab58bb527bb656aaa9f116d68a48d89-le64.cache-6
7f4de0034000-7f4de003b000 r--s 00000000 08:09 657851                     /var/cache/fontconfig/3047814df9a2f067bd2d96a2b9c36e5a-le64.cache-6
7f4de003b000-7f4de003c000 r--s 00000000 08:09 657850                     /var/cache/fontconfig/56cf4f4769d0f4abc89a4895d7bd3ae1-le64.cache-6
7f4de003c000-7f4de003d000 r--s 00000000 08:09 657849                     /var/cache/fontconfig/b9d506c9ac06c20b433354fa67a72993-le64.cache-6
7f4de003d000-7f4de0043000 r--s 00000000 08:09 657848                     /var/cache/fontconfig/b47c4e1ecd0709278f4910c18777a504-le64.cache-6
7f4de0043000-7f4de0056000 r--s 00000000 08:09 657847                     /var/cache/fontconfig/d52a8644073d54c13679302ca1180695-le64.cache-6
7f4de0056000-7f4de0057000 r--s 00000000 08:09 657846                     /var/cache/fontconfig/551ecf3b0e8b0bca0f25c0944f561853-le64.cache-6
7f4de0057000-7f4de005b000 r--s 00000000 08:09 656954                     /var/cache/fontconfig/d589a48862398ed80a3d6066f4f56f4c-le64.cache-6
7f4de005b000-7f4de0066000 r--s 00000000 08:09 657840                     /var/cache/fontconfig/83bf95040141907cd45bb53cf7c1c148-le64.cache-6
7f4de0066000-7f4de0078000 r--s 00000000 08:09 655814                     /var/cache/fontconfig/9b89f8e3dae116d678bbf48e5f21f69b-le64.cache-6
7f4de0078000-7f4de049d000 rw-p 00000000 00:00 0 
7f4de049d000-7f4de0675000 r--s 03d29000 08:09 2236768                    /home/ankurdengla/jdk1.8.0_102/jre/lib/rt.jar
7f4de0675000-7f4de5000000 rw-p 00000000 00:00 0 
7f4de5000000-7f4de5860000 rwxp 00000000 00:00 0 
7f4de5860000-7f4df4000000 ---p 00000000 00:00 0 
7f4df4000000-7f4df42fa000 rw-p 00000000 00:00 0 
7f4df42fa000-7f4df8000000 ---p 00000000 00:00 0 
7f4df8000000-7f4df8003000 r--s 00000000 08:09 657841                     /var/cache/fontconfig/75114ca45c98e8a441da0ff356701271-le64.cache-6
7f4df8003000-7f4df812b000 rw-p 00000000 00:00 0 
7f4df812b000-7f4df812c000 ---p 00000000 00:00 0 
7f4df812c000-7f4df822c000 rw-p 00000000 00:00 0 
7f4df822c000-7f4df822d000 ---p 00000000 00:00 0 
7f4df822d000-7f4df832d000 rw-p 00000000 00:00 0 
7f4df832d000-7f4df832e000 ---p 00000000 00:00 0 
7f4df832e000-7f4df842e000 rw-p 00000000 00:00 0 
7f4df842e000-7f4df842f000 ---p 00000000 00:00 0 
7f4df842f000-7f4df8559000 rw-p 00000000 00:00 0 
7f4df8559000-7f4df87c1000 ---p 00000000 00:00 0 
7f4df87c1000-7f4df87eb000 rw-p 00000000 00:00 0 
7f4df87eb000-7f4df8a53000 ---p 00000000 00:00 0 
7f4df8a53000-7f4df8a68000 rw-p 00000000 00:00 0 
7f4df8a68000-7f4df8b9c000 ---p 00000000 00:00 0 
7f4df8b9c000-7f4df8bbf000 rw-p 00000000 00:00 0 
7f4df8bbf000-7f4df8f5d000 ---p 00000000 00:00 0 
7f4df8f5d000-7f4df8f77000 r-xp 00000000 08:09 2236805                    /home/ankurdengla/jdk1.8.0_102/jre/lib/amd64/libzip.so
7f4df8f77000-7f4df9177000 ---p 0001a000 08:09 2236805                    /home/ankurdengla/jdk1.8.0_102/jre/lib/amd64/libzip.so
7f4df9177000-7f4df9178000 rw-p 0001a000 08:09 2236805                    /home/ankurdengla/jdk1.8.0_102/jre/lib/amd64/libzip.so
7f4df9178000-7f4df9183000 r-xp 00000000 08:09 398526                     /lib/x86_64-linux-gnu/libnss_files-2.23.so
7f4df9183000-7f4df9382000 ---p 0000b000 08:09 398526                     /lib/x86_64-linux-gnu/libnss_files-2.23.so
7f4df9382000-7f4df9383000 r--p 0000a000 08:09 398526                     /lib/x86_64-linux-gnu/libnss_files-2.23.so
7f4df9383000-7f4df9384000 rw-p 0000b000 08:09 398526                     /lib/x86_64-linux-gnu/libnss_files-2.23.so
7f4df9384000-7f4df938a000 rw-p 00000000 00:00 0 
7f4df938a000-7f4df9395000 r-xp 00000000 08:09 398500                     /lib/x86_64-linux-gnu/libnss_nis-2.23.so
7f4df9395000-7f4df9594000 ---p 0000b000 08:09 398500                     /lib/x86_64-linux-gnu/libnss_nis-2.23.so
7f4df9594000-7f4df9595000 r--p 0000a000 08:09 398500                     /lib/x86_64-linux-gnu/libnss_nis-2.23.so
7f4df9595000-7f4df9596000 rw-p 0000b000 08:09 398500                     /lib/x86_64-linux-gnu/libnss_nis-2.23.so
7f4df9596000-7f4df95ac000 r-xp 00000000 08:09 398502                     /lib/x86_64-linux-gnu/libnsl-2.23.so
7f4df95ac000-7f4df97ab000 ---p 00016000 08:09 398502                     /lib/x86_64-linux-gnu/libnsl-2.23.so
7f4df97ab000-7f4df97ac000 r--p 00015000 08:09 398502                     /lib/x86_64-linux-gnu/libnsl-2.23.so
7f4df97ac000-7f4df97ad000 rw-p 00016000 08:09 398502                     /lib/x86_64-linux-gnu/libnsl-2.23.so
7f4df97ad000-7f4df97af000 rw-p 00000000 00:00 0 
7f4df97af000-7f4df97b7000 r-xp 00000000 08:09 398537                     /lib/x86_64-linux-gnu/libnss_compat-2.23.so
7f4df97b7000-7f4df99b6000 ---p 00008000 08:09 398537                     /lib/x86_64-linux-gnu/libnss_compat-2.23.so
7f4df99b6000-7f4df99b7000 r--p 00007000 08:09 398537                     /lib/x86_64-linux-gnu/libnss_compat-2.23.so
7f4df99b7000-7f4df99b8000 rw-p 00008000 08:09 398537                     /lib/x86_64-linux-gnu/libnss_compat-2.23.so
7f4df99b8000-7f4df99e2000 r-xp 00000000 08:09 2236834                    /home/ankurdengla/jdk1.8.0_102/jre/lib/amd64/libjava.so
7f4df99e2000-7f4df9be2000 ---p 0002a000 08:09 2236834                    /home/ankurdengla/jdk1.8.0_102/jre/lib/amd64/libjava.so
7f4df9be2000-7f4df9be4000 rw-p 0002a000 08:09 2236834                    /home/ankurdengla/jdk1.8.0_102/jre/lib/amd64/libjava.so
7f4df9be4000-7f4df9bf1000 r-xp 00000000 08:09 2236778                    /home/ankurdengla/jdk1.8.0_102/jre/lib/amd64/libverify.so
7f4df9bf1000-7f4df9df1000 ---p 0000d000 08:09 2236778                    /home/ankurdengla/jdk1.8.0_102/jre/lib/amd64/libverify.so
7f4df9df1000-7f4df9df3000 rw-p 0000d000 08:09 2236778                    /home/ankurdengla/jdk1.8.0_102/jre/lib/amd64/libverify.so
7f4df9df3000-7f4df9dfa000 r-xp 00000000 08:09 398545                     /lib/x86_64-linux-gnu/librt-2.23.so
7f4df9dfa000-7f4df9ff9000 ---p 00007000 08:09 398545                     /lib/x86_64-linux-gnu/librt-2.23.so
7f4df9ff9000-7f4df9ffa000 r--p 00006000 08:09 398545                     /lib/x86_64-linux-gnu/librt-2.23.so
7f4df9ffa000-7f4df9ffb000 rw-p 00007000 08:09 398545                     /lib/x86_64-linux-gnu/librt-2.23.so
7f4df9ffb000-7f4dfa103000 r-xp 00000000 08:09 398501                     /lib/x86_64-linux-gnu/libm-2.23.so
7f4dfa103000-7f4dfa302000 ---p 00108000 08:09 398501                     /lib/x86_64-linux-gnu/libm-2.23.so
7f4dfa302000-7f4dfa303000 r--p 00107000 08:09 398501                     /lib/x86_64-linux-gnu/libm-2.23.so
7f4dfa303000-7f4dfa304000 rw-p 00108000 08:09 398501                     /lib/x86_64-linux-gnu/libm-2.23.so
7f4dfa304000-7f4dfafd0000 r-xp 00000000 08:09 2236838                    /home/ankurdengla/jdk1.8.0_102/jre/lib/amd64/server/libjvm.so
7f4dfafd0000-7f4dfb1d0000 ---p 00ccc000 08:09 2236838                    /home/ankurdengla/jdk1.8.0_102/jre/lib/amd64/server/libjvm.so
7f4dfb1d0000-7f4dfb2a9000 rw-p 00ccc000 08:09 2236838                    /home/ankurdengla/jdk1.8.0_102/jre/lib/amd64/server/libjvm.so
7f4dfb2a9000-7f4dfb2f4000 rw-p 00000000 00:00 0 
7f4dfb2f4000-7f4dfb4b3000 r-xp 00000000 08:09 398503                     /lib/x86_64-linux-gnu/libc-2.23.so
7f4dfb4b3000-7f4dfb6b3000 ---p 001bf000 08:09 398503                     /lib/x86_64-linux-gnu/libc-2.23.so
7f4dfb6b3000-7f4dfb6b7000 r--p 001bf000 08:09 398503                     /lib/x86_64-linux-gnu/libc-2.23.so
7f4dfb6b7000-7f4dfb6b9000 rw-p 001c3000 08:09 398503                     /lib/x86_64-linux-gnu/libc-2.23.so
7f4dfb6b9000-7f4dfb6bd000 rw-p 00000000 00:00 0 
7f4dfb6bd000-7f4dfb6c0000 r-xp 00000000 08:09 398499                     /lib/x86_64-linux-gnu/libdl-2.23.so
7f4dfb6c0000-7f4dfb8bf000 ---p 00003000 08:09 398499                     /lib/x86_64-linux-gnu/libdl-2.23.so
7f4dfb8bf000-7f4dfb8c0000 r--p 00002000 08:09 398499                     /lib/x86_64-linux-gnu/libdl-2.23.so
7f4dfb8c0000-7f4dfb8c1000 rw-p 00003000 08:09 398499                     /lib/x86_64-linux-gnu/libdl-2.23.so
7f4dfb8c1000-7f4dfb8d6000 r-xp 00000000 08:09 2235686                    /home/ankurdengla/jdk1.8.0_102/lib/amd64/jli/libjli.so
7f4dfb8d6000-7f4dfbad6000 ---p 00015000 08:09 2235686                    /home/ankurdengla/jdk1.8.0_102/lib/amd64/jli/libjli.so
7f4dfbad6000-7f4dfbad7000 rw-p 00015000 08:09 2235686                    /home/ankurdengla/jdk1.8.0_102/lib/amd64/jli/libjli.so
7f4dfbad7000-7f4dfbaef000 r-xp 00000000 08:09 398602                     /lib/x86_64-linux-gnu/libpthread-2.23.so
7f4dfbaef000-7f4dfbcee000 ---p 00018000 08:09 398602                     /lib/x86_64-linux-gnu/libpthread-2.23.so
7f4dfbcee000-7f4dfbcef000 r--p 00017000 08:09 398602                     /lib/x86_64-linux-gnu/libpthread-2.23.so
7f4dfbcef000-7f4dfbcf0000 rw-p 00018000 08:09 398602                     /lib/x86_64-linux-gnu/libpthread-2.23.so
7f4dfbcf0000-7f4dfbcf4000 rw-p 00000000 00:00 0 
7f4dfbcf4000-7f4dfbd1a000 r-xp 00000000 08:09 398508                     /lib/x86_64-linux-gnu/ld-2.23.so
7f4dfbd1a000-7f4dfbd1b000 r--s 00000000 08:09 657844                     /var/cache/fontconfig/30829fa25452a46451e813d634d7f916-le64.cache-6
7f4dfbd1b000-7f4dfbd28000 r--s 00000000 08:09 665514                     /var/cache/fontconfig/e13b20fdb08344e0e664864cc2ede53d-le64.cache-6
7f4dfbd28000-7f4dfbdf3000 rw-p 00000000 00:00 0 
7f4dfbdf3000-7f4dfbdf6000 ---p 00000000 00:00 0 
7f4dfbdf6000-7f4dfbef8000 rw-p 00000000 00:00 0 
7f4dfbef8000-7f4dfbef9000 r--s 00000000 08:09 657843                     /var/cache/fontconfig/0c9eb80ebd1c36541ebe2852d3bb0c49-le64.cache-6
7f4dfbef9000-7f4dfbefb000 r--s 00000000 08:09 667083                     /var/cache/fontconfig/62f91419b9ebdb6975e7e41ab6412357-le64.cache-6
7f4dfbefb000-7f4dfbeff000 r--s 00000000 08:09 660893                     /var/cache/fontconfig/7ef2298fde41cc6eeb7af42e48b7d293-le64.cache-6
7f4dfbeff000-7f4dfbf04000 r--s 002f9000 08:09 2236695                    /home/ankurdengla/jdk1.8.0_102/jre/lib/charsets.jar
7f4dfbf04000-7f4dfbf0c000 r--s 000c4000 08:09 2239289                    /home/ankurdengla/netbeans-8.1/ide/modules/ext/mysql-connector-java-5.1.23-bin.jar
7f4dfbf0c000-7f4dfbf0d000 r--s 00000000 08:09 2360784                    /home/ankurdengla/netbeans-8.1/java/modules/ext/AbsoluteLayout.jar
7f4dfbf0d000-7f4dfbf15000 rw-s 00000000 08:09 393943                     /tmp/hsperfdata_ankurdengla/5658
7f4dfbf15000-7f4dfbf16000 rw-p 00000000 00:00 0 
7f4dfbf16000-7f4dfbf17000 r--p 00000000 00:00 0 
7f4dfbf17000-7f4dfbf19000 rw-p 00000000 00:00 0 
7f4dfbf19000-7f4dfbf1a000 r--p 00025000 08:09 398508                     /lib/x86_64-linux-gnu/ld-2.23.so
7f4dfbf1a000-7f4dfbf1b000 rw-p 00026000 08:09 398508                     /lib/x86_64-linux-gnu/ld-2.23.so
7f4dfbf1b000-7f4dfbf1c000 rw-p 00000000 00:00 0 
7ffce2684000-7ffce26a5000 rw-p 00000000 00:00 0                          [stack]
7ffce2773000-7ffce2775000 r--p 00000000 00:00 0                          [vvar]
7ffce2775000-7ffce2777000 r-xp 00000000 00:00 0                          [vdso]
ffffffffff600000-ffffffffff601000 r-xp 00000000 00:00 0                  [vsyscall]

VM Arguments:
jvm_args: -Dfile.encoding=UTF-8 
java_command: projectmanagementsystem.LoginPage
java_class_path (initial): /home/ankurdengla/netbeans-8.1/java/modules/ext/AbsoluteLayout.jar:/home/ankurdengla/netbeans-8.1/ide/modules/ext/mysql-connector-java-5.1.23-bin.jar:/home/ankurdengla/Desktop/ProjectManagementSystem-master/build/classes
Launcher Type: SUN_STANDARD

Environment Variables:
JAVA_HOME=/usr/lib/jvm/java-8-oracle
PATH=/home/ankurdengla/bin:/home/ankurdengla/.local/bin:/usr/local/sbin:/usr/local/bin:/usr/sbin:/usr/bin:/sbin:/bin:/usr/games:/usr/local/games:/snap/bin:/usr/lib/jvm/java-8-oracle/bin:/usr/lib/jvm/java-8-oracle/db/bin:/usr/lib/jvm/java-8-oracle/jre/bin
USERNAME=ankurdengla
LD_LIBRARY_PATH=/home/ankurdengla/jdk1.8.0_102/jre/lib/amd64:/home/ankurdengla/jdk1.8.0_102/jre/lib/i386:
SHELL=/bin/bash
DISPLAY=:1

Signal Handlers:
SIGSEGV: [libjvm.so+0xac5b30], sa_mask[0]=11111111011111111101111111111110, sa_flags=SA_RESTART|SA_SIGINFO
SIGBUS: [libjvm.so+0xac5b30], sa_mask[0]=11111111011111111101111111111110, sa_flags=SA_RESTART|SA_SIGINFO
SIGFPE: [libjvm.so+0x91f470], sa_mask[0]=11111111011111111101111111111110, sa_flags=SA_RESTART|SA_SIGINFO
SIGPIPE: [libjvm.so+0x91f470], sa_mask[0]=11111111011111111101111111111110, sa_flags=SA_RESTART|SA_SIGINFO
SIGXFSZ: [libjvm.so+0x91f470], sa_mask[0]=11111111011111111101111111111110, sa_flags=SA_RESTART|SA_SIGINFO
SIGILL: [libjvm.so+0x91f470], sa_mask[0]=11111111011111111101111111111110, sa_flags=SA_RESTART|SA_SIGINFO
SIGUSR1: SIG_DFL, sa_mask[0]=00000000000000000000000000000000, sa_flags=none
SIGUSR2: [libjvm.so+0x920aa0], sa_mask[0]=00100000000000000000000000000000, sa_flags=SA_RESTART|SA_SIGINFO
SIGHUP: [libjvm.so+0x921ea0], sa_mask[0]=11111111011111111101111111111110, sa_flags=SA_RESTART|SA_SIGINFO
SIGINT: SIG_IGN, sa_mask[0]=00000000000000000000000000000000, sa_flags=none
SIGTERM: [libjvm.so+0x921ea0], sa_mask[0]=11111111011111111101111111111110, sa_flags=SA_RESTART|SA_SIGINFO
SIGQUIT: [libjvm.so+0x921ea0], sa_mask[0]=11111111011111111101111111111110, sa_flags=SA_RESTART|SA_SIGINFO


---------------  S Y S T E M  ---------------

OS:DISTRIB_ID=Ubuntu
DISTRIB_RELEASE=16.04
DISTRIB_CODENAME=xenial
DISTRIB_DESCRIPTION="Ubuntu 16.04.1 LTS"

uname:Linux 4.4.0-75-generic #96-Ubuntu SMP Thu Apr 20 09:56:33 UTC 2017 x86_64
libc:glibc 2.23 NPTL 2.23 
rlimit: STACK 8192k, CORE 0k, NPROC 30232, NOFILE 65536, AS infinity
load average:0.84 0.69 0.49

/proc/meminfo:
MemTotal:        8083640 kB
MemFree:         2590404 kB
MemAvailable:    3919044 kB
Buffers:           78912 kB
Cached:          2982376 kB
SwapCached:          128 kB
Active:          3237164 kB
Inactive:        1985528 kB
Active(anon):    2386276 kB
Inactive(anon):  1340256 kB
Active(file):     850888 kB
Inactive(file):   645272 kB
Unevictable:          32 kB
Mlocked:              32 kB
SwapTotal:       9756668 kB
SwapFree:        9756540 kB
Dirty:               536 kB
Writeback:             0 kB
AnonPages:       2160364 kB
Mapped:           639412 kB
Shmem:           1565124 kB
Slab:             158408 kB
SReclaimable:     105828 kB
SUnreclaim:        52580 kB
KernelStack:        9696 kB
PageTables:        33568 kB
NFS_Unstable:          0 kB
Bounce:                0 kB
WritebackTmp:          0 kB
CommitLimit:    13798488 kB
Committed_AS:    6160204 kB
VmallocTotal:   34359738367 kB
VmallocUsed:           0 kB
VmallocChunk:          0 kB
HardwareCorrupted:     0 kB
AnonHugePages:   1609728 kB
CmaTotal:              0 kB
CmaFree:               0 kB
HugePages_Total:       0
HugePages_Free:        0
HugePages_Rsvd:        0
HugePages_Surp:        0
Hugepagesize:       2048 kB
DirectMap4k:      240504 kB
DirectMap2M:     8056832 kB
DirectMap1G:           0 kB


CPU:total 4 (2 cores per cpu, 2 threads per core) family 6 model 61 stepping 4, cmov, cx8, fxsr, mmx, sse, sse2, sse3, ssse3, sse4.1, sse4.2, popcnt, avx, avx2, aes, clmul, erms, 3dnowpref, lzcnt, ht, tsc, tscinvbit, bmi1, bmi2, adx

/proc/cpuinfo:
processor	: 0
vendor_id	: GenuineIntel
cpu family	: 6
model		: 61
model name	: Intel(R) Core(TM) i5-5200U CPU @ 2.20GHz
stepping	: 4
microcode	: 0x19
cpu MHz		: 2499.921
cache size	: 3072 KB
physical id	: 0
siblings	: 4
core id		: 0
cpu cores	: 2
apicid		: 0
initial apicid	: 0
fpu		: yes
fpu_exception	: yes
cpuid level	: 20
wp		: yes
flags		: fpu vme de pse tsc msr pae mce cx8 apic sep mtrr pge mca cmov pat pse36 clflush dts acpi mmx fxsr sse sse2 ss ht tm pbe syscall nx pdpe1gb rdtscp lm constant_tsc arch_perfmon pebs bts rep_good nopl xtopology nonstop_tsc aperfmperf eagerfpu pni pclmulqdq dtes64 monitor ds_cpl vmx est tm2 ssse3 sdbg fma cx16 xtpr pdcm pcid sse4_1 sse4_2 x2apic movbe popcnt tsc_deadline_timer aes xsave avx f16c rdrand lahf_lm abm 3dnowprefetch epb intel_pt tpr_shadow vnmi flexpriority ept vpid fsgsbase tsc_adjust bmi1 avx2 smep bmi2 erms invpcid rdseed adx smap xsaveopt dtherm ida arat pln pts
bugs		:
bogomips	: 4389.94
clflush size	: 64
cache_alignment	: 64
address sizes	: 39 bits physical, 48 bits virtual
power management:

processor	: 1
vendor_id	: GenuineIntel
cpu family	: 6
model		: 61
model name	: Intel(R) Core(TM) i5-5200U CPU @ 2.20GHz
stepping	: 4
microcode	: 0x19
cpu MHz		: 2499.921
cache size	: 3072 KB
physical id	: 0
siblings	: 4
core id		: 1
cpu cores	: 2
apicid		: 2
initial apicid	: 2
fpu		: yes
fpu_exception	: yes
cpuid level	: 20
wp		: yes
flags		: fpu vme de pse tsc msr pae mce cx8 apic sep mtrr pge mca cmov pat pse36 clflush dts acpi mmx fxsr sse sse2 ss ht tm pbe syscall nx pdpe1gb rdtscp lm constant_tsc arch_perfmon pebs bts rep_good nopl xtopology nonstop_tsc aperfmperf eagerfpu pni pclmulqdq dtes64 monitor ds_cpl vmx est tm2 ssse3 sdbg fma cx16 xtpr pdcm pcid sse4_1 sse4_2 x2apic movbe popcnt tsc_deadline_timer aes xsave avx f16c rdrand lahf_lm abm 3dnowprefetch epb intel_pt tpr_shadow vnmi flexpriority ept vpid fsgsbase tsc_adjust bmi1 avx2 smep bmi2 erms invpcid rdseed adx smap xsaveopt dtherm ida arat pln pts
bugs		:
bogomips	: 4389.94
clflush size	: 64
cache_alignment	: 64
address sizes	: 39 bits physical, 48 bits virtual
power management:

processor	: 2
vendor_id	: GenuineIntel
cpu family	: 6
model		: 61
model name	: Intel(R) Core(TM) i5-5200U CPU @ 2.20GHz
stepping	: 4
microcode	: 0x19
cpu MHz		: 2499.921
cache size	: 3072 KB
physical id	: 0
siblings	: 4
core id		: 0
cpu cores	: 2
apicid		: 1
initial apicid	: 1
fpu		: yes
fpu_exception	: yes
cpuid level	: 20
wp		: yes
flags		: fpu vme de pse tsc msr pae mce cx8 apic sep mtrr pge mca cmov pat pse36 clflush dts acpi mmx fxsr sse sse2 ss ht tm pbe syscall nx pdpe1gb rdtscp lm constant_tsc arch_perfmon pebs bts rep_good nopl xtopology nonstop_tsc aperfmperf eagerfpu pni pclmulqdq dtes64 monitor ds_cpl vmx est tm2 ssse3 sdbg fma cx16 xtpr pdcm pcid sse4_1 sse4_2 x2apic movbe popcnt tsc_deadline_timer aes xsave avx f16c rdrand lahf_lm abm 3dnowprefetch epb intel_pt tpr_shadow vnmi flexpriority ept vpid fsgsbase tsc_adjust bmi1 avx2 smep bmi2 erms invpcid rdseed adx smap xsaveopt dtherm ida arat pln pts
bugs		:
bogomips	: 4389.94
clflush size	: 64
cache_alignment	: 64
address sizes	: 39 bits physical, 48 bits virtual
power management:

processor	: 3
vendor_id	: GenuineIntel
cpu family	: 6
model		: 61
model name	: Intel(R) Core(TM) i5-5200U CPU @ 2.20GHz
stepping	: 4
microcode	: 0x19
cpu MHz		: 2500.007
cache size	: 3072 KB
physical id	: 0
siblings	: 4
core id		: 1
cpu cores	: 2
apicid		: 3
initial apicid	: 3
fpu		: yes
fpu_exception	: yes
cpuid level	: 20
wp		: yes
flags		: fpu vme de pse tsc msr pae mce cx8 apic sep mtrr pge mca cmov pat pse36 clflush dts acpi mmx fxsr sse sse2 ss ht tm pbe syscall nx pdpe1gb rdtscp lm constant_tsc arch_perfmon pebs bts rep_good nopl xtopology nonstop_tsc aperfmperf eagerfpu pni pclmulqdq dtes64 monitor ds_cpl vmx est tm2 ssse3 sdbg fma cx16 xtpr pdcm pcid sse4_1 sse4_2 x2apic movbe popcnt tsc_deadline_timer aes xsave avx f16c rdrand lahf_lm abm 3dnowprefetch epb intel_pt tpr_shadow vnmi flexpriority ept vpid fsgsbase tsc_adjust bmi1 avx2 smep bmi2 erms invpcid rdseed adx smap xsaveopt dtherm ida arat pln pts
bugs		:
bogomips	: 4389.94
clflush size	: 64
cache_alignment	: 64
address sizes	: 39 bits physical, 48 bits virtual
power management:



Memory: 4k page, physical 8083640k(2590404k free), swap 9756668k(9756540k free)

vm_info: Java HotSpot(TM) 64-Bit Server VM (25.102-b14) for linux-amd64 JRE (1.8.0_102-b14), built on Jun 22 2016 18:43:17 by "java_re" with gcc 4.3.0 20080428 (Red Hat 4.3.0-8)

time: Fri Apr 28 07:01:31 2017
elapsed time: 4125 seconds (0d 1h 8m 45s)

