#
# A fatal error has been detected by the Java Runtime Environment:
#
#  SIGSEGV (0xb) at pc=0x00007fef91069a7a, pid=6383, tid=0x00007fef823b8700
#
# JRE version: Java(TM) SE Runtime Environment (8.0_102-b14) (build 1.8.0_102-b14)
# Java VM: Java HotSpot(TM) 64-Bit Server VM (25.102-b14 mixed mode linux-amd64 compressed oops)
# Problematic frame:
# v  ~BufferBlob::jni_fast_GetLongField
#
# Failed to write core dump. Core dumps have been disabled. To enable core dumping, try "ulimit -c unlimited" before starting Java again
#
# If you would like to submit a bug report, please visit:
#   http://bugreport.java.com/bugreport/crash.jsp
# The crash happened outside the Java Virtual Machine in native code.
# See problematic frame for where to report the bug.
#

---------------  T H R E A D  ---------------

Current thread (0x00007fefa0238800):  JavaThread "AWT-XAWT" daemon [_thread_in_native, id=6404, stack(0x00007fef822b8000,0x00007fef823b9000)]

siginfo: si_signo: 11 (SIGSEGV), si_code: 1 (SEGV_MAPERR), si_addr: 0x0000000000000000

Registers:
RAX=0x00007fefa8df5f60, RBX=0x00007fefa02389f8, RCX=0x00007fefa985d2c0, RDX=0x0000000000000042
RSP=0x00007fef823b77b8, RBP=0x00007fef823b77e0, RSI=0x0000000000000000, RDI=0x00007fefa02389f8
R8 =0x00000000d9209608, R9 =0x0000000000000000, R10=0x0000000000000076, R11=0x00007fef91498e18
R12=0x00007fef4806b660, R13=0x0000000000000000, R14=0x00007fef83d2d7e0, R15=0x00007fefa0238800
RIP=0x00007fef91069a7a, EFLAGS=0x0000000000010246, CSGSFS=0x0000000000000033, ERR=0x0000000000000004
  TRAPNO=0x000000000000000e

Top of Stack: (sp=0x00007fef823b77b8)
0x00007fef823b77b8:   00007fef83b0bef1 00007fefa5550fe0
0x00007fef823b77c8:   00007fef4806b660 00007fef823b7890
0x00007fef823b77d8:   00007fef823b7860 0000000000000000
0x00007fef823b77e8:   00007fef837ff3c0 00007fefa5550fe0
0x00007fef823b77f8:   00007fef823b7820 0000000000000000
0x00007fef823b7808:   00007fef837f6f93 00007fef823b7890
0x00007fef823b7818:   00007fef83b0512f 00007fef823b7870
0x00007fef823b7828:   00007fef91498eb6 0000000000000000
0x00007fef823b7838:   00007fef912e0636 00007fef823b7890
0x00007fef823b7848:   00007fef91165b2c 0000000085977110
0x00007fef823b7858:   00007fef914077b4 00000000859af3c0
0x00007fef823b7868:   0000000085a9ecc8 00007fef823b78f0
0x00007fef823b7878:   00007fef91007a90 00007fef823b78f0
0x00007fef823b7888:   00007fef91007a90 0000000000000000
0x00007fef823b7898:   00007fef91007dd0 00007fef50000e30
0x00007fef823b78a8:   0000000085977110 00007fef823b78b0
0x00007fef823b78b8:   00007fefa5530d7c 00007fef823b7938
0x00007fef823b78c8:   00007fefa5539d18 0000000000000000
0x00007fef823b78d8:   00007fefa5530eb8 00007fef823b7890
0x00007fef823b78e8:   00007fef823b7930 00007fef823b7980
0x00007fef823b78f8:   00007fef910082bd 0000000000000000
0x00007fef823b7908:   00000000d702aee8 0000000000000000
0x00007fef823b7918:   0000000000000000 0000000000000000
0x00007fef823b7928:   0000000085977110 0000000000000000
0x00007fef823b7938:   000000008596da60 00007fef823b7940
0x00007fef823b7948:   00007fefa5530bbd 00007fef823b7990
0x00007fef823b7958:   00007fefa5539d18 0000000000000000
0x00007fef823b7968:   00007fefa5530bc8 00007fef823b7930
0x00007fef823b7978:   00007fef823b7990 00007fef823b79d8
0x00007fef823b7988:   00007fef91008302 000000008596da60
0x00007fef823b7998:   00007fef823b7998 00007fefa50eb94b
0x00007fef823b79a8:   00007fef823b79e8 00007fefa5172fd0 

Instructions: (pc=0x00007fef91069a7a)
0x00007fef91069a5a:   00 00 00 00 00 00 44 8b 15 61 bf dc 17 4c 8b ce
0x00007fef91069a6a:   41 f6 c2 01 0f 85 2e 00 00 00 4d 33 ca 4d 33 ca
0x00007fef91069a7a:   4d 8b 09 4c 8b da 49 c1 eb 02 4b 8b 04 19 49 bb
0x00007fef91069a8a:   c8 59 e3 a8 ef 7f 00 00 4c 33 d8 4c 33 d8 45 3b 

Register to memory mapping:

RAX=0x00007fefa8df5f60: <offset 0xf83f60> in /home/ankurdengla/jdk1.8.0_102/jre/lib/amd64/server/libjvm.so at 0x00007fefa7e72000
RBX=0x00007fefa02389f8 is an unknown value
RCX=0x00007fefa985d2c0: <offset 0x2182c0> in /lib/x86_64-linux-gnu/libpthread.so.0 at 0x00007fefa9645000
RDX=0x0000000000000042 is an unknown value
RSP=0x00007fef823b77b8 is pointing into the stack for thread: 0x00007fefa0238800
RBP=0x00007fef823b77e0 is pointing into the stack for thread: 0x00007fefa0238800
RSI=0x0000000000000000 is an unknown value
RDI=0x00007fefa02389f8 is an unknown value
R8 =0x00000000d9209608 is an oop
sun.util.logging.PlatformLogger$Level 
 - klass: 'sun/util/logging/PlatformLogger$Level'
R9 =0x0000000000000000 is an unknown value
R10=0x0000000000000076 is an unknown value
R11=0x00007fef91498e18 is at entry_point+24 in (nmethod*)0x00007fef91498c90
R12=0x00007fef4806b660 is an unknown value
R13=0x0000000000000000 is an unknown value
R14=0x00007fef83d2d7e0: <offset 0x2587e0> in /home/ankurdengla/jdk1.8.0_102/jre/lib/amd64/libawt_xawt.so at 0x00007fef83ad5000
R15=0x00007fefa0238800 is a thread


Stack: [0x00007fef822b8000,0x00007fef823b9000],  sp=0x00007fef823b77b8,  free space=1021k
Native frames: (J=compiled Java code, j=interpreted, Vv=VM code, C=native code)
v  ~BufferBlob::jni_fast_GetLongField
C  [libX11.so.6+0x643c0]  _XimServerDestroy+0x70

Java frames: (J=compiled Java code, j=interpreted, Vv=VM code)
J 1530  sun.awt.X11.XlibWrapper.XFilterEvent(JJ)Z (0 bytes) @ 0x00007fef91498e44 [0x00007fef91498e00+0x44]
j  sun.awt.X11.XToolkit.run(Z)V+300
j  sun.awt.X11.XToolkit.run()V+5
j  java.lang.Thread.run()V+11
v  ~StubRoutines::call_stub

---------------  P R O C E S S  ---------------

Java Threads: ( => current thread )
  0x00007fef480f1000 JavaThread "Abandoned connection cleanup thread" daemon [_thread_blocked, id=6410, stack(0x00007fef80dcf000,0x00007fef80ed0000)]
  0x00007fef48183800 JavaThread "TimerQueue" daemon [_thread_blocked, id=6409, stack(0x00007fef80ed0000,0x00007fef80fd1000)]
  0x00007fefa000a000 JavaThread "DestroyJavaVM" [_thread_blocked, id=6385, stack(0x00007fefa9961000,0x00007fefa9a62000)]
  0x00007fefa0269800 JavaThread "AWT-EventQueue-0" [_thread_blocked, id=6406, stack(0x00007fef8198d000,0x00007fef81a8e000)]
  0x00007fefa026f800 JavaThread "AWT-Shutdown" [_thread_blocked, id=6405, stack(0x00007fef81a8e000,0x00007fef81b8f000)]
=>0x00007fefa0238800 JavaThread "AWT-XAWT" daemon [_thread_in_native, id=6404, stack(0x00007fef822b8000,0x00007fef823b9000)]
  0x00007fefa0220800 JavaThread "Java2D Disposer" daemon [_thread_blocked, id=6403, stack(0x00007fef827c9000,0x00007fef828ca000)]
  0x00007fefa00d2000 JavaThread "Service Thread" daemon [_thread_blocked, id=6401, stack(0x00007fef9031e000,0x00007fef9041f000)]
  0x00007fefa00bd000 JavaThread "C1 CompilerThread2" daemon [_thread_blocked, id=6400, stack(0x00007fef9041f000,0x00007fef90520000)]
  0x00007fefa00bb000 JavaThread "C2 CompilerThread1" daemon [_thread_blocked, id=6399, stack(0x00007fef90520000,0x00007fef90621000)]
  0x00007fefa00b8000 JavaThread "C2 CompilerThread0" daemon [_thread_blocked, id=6398, stack(0x00007fef90621000,0x00007fef90722000)]
  0x00007fefa00b6800 JavaThread "Signal Dispatcher" daemon [_thread_blocked, id=6397, stack(0x00007fef90722000,0x00007fef90823000)]
  0x00007fefa0084000 JavaThread "Finalizer" daemon [_thread_blocked, id=6395, stack(0x00007fef90afb000,0x00007fef90bfc000)]
  0x00007fefa007f800 JavaThread "Reference Handler" daemon [_thread_blocked, id=6394, stack(0x00007fef90bfc000,0x00007fef90cfd000)]

Other Threads:
  0x00007fefa0077800 VMThread [stack: 0x00007fef90cfd000,0x00007fef90dfe000] [id=6393]
  0x00007fefa00d5000 WatcherThread [stack: 0x00007fef9021d000,0x00007fef9031e000] [id=6402]

VM state:not at safepoint (normal execution)

VM Mutex/Monitor currently owned by a thread: None

Heap:
 PSYoungGen      total 36864K, used 8902K [0x00000000d6e00000, 0x00000000d9700000, 0x0000000100000000)
  eden space 31744K, 11% used [0x00000000d6e00000,0x00000000d71b1fb8,0x00000000d8d00000)
  from space 5120K, 99% used [0x00000000d9200000,0x00000000d96ff970,0x00000000d9700000)
  to   space 5120K, 0% used [0x00000000d8d00000,0x00000000d8d00000,0x00000000d9200000)
 ParOldGen       total 84992K, used 18311K [0x0000000084a00000, 0x0000000089d00000, 0x00000000d6e00000)
  object space 84992K, 21% used [0x0000000084a00000,0x0000000085be1e20,0x0000000089d00000)
 Metaspace       used 19292K, capacity 19468K, committed 19712K, reserved 1067008K
  class space    used 2211K, capacity 2280K, committed 2304K, reserved 1048576K

Card table byte_map: [0x00007fefa632f000,0x00007fefa670b000] byte_map_base: 0x00007fefa5f0a000

Marking Bits: (ParMarkBitMap*) 0x00007fefa8e34c60
 Begin Bits: [0x00007fef88250000, 0x00007fef8a128000)
 End Bits:   [0x00007fef8a128000, 0x00007fef8c000000)

Polling page: 0x00007fefa9a84000

CodeCache: size=245760Kb used=8501Kb max_used=8506Kb free=237258Kb
 bounds [0x00007fef91000000, 0x00007fef91860000, 0x00007fefa0000000]
 total_blobs=3293 nmethods=2643 adapters=561
 compilation: enabled

Compilation events (10 events):
Event: 1090.806 Thread 0x00007fefa00bd000 2648       3       java.util.Vector$Itr::checkForComodification (23 bytes)
Event: 1090.807 Thread 0x00007fefa00bd000 nmethod 2648 0x00007fef9184f350 code [0x00007fef9184f4c0, 0x00007fef9184f6e8]
Event: 1140.268 Thread 0x00007fefa00b8000 2649       4       sun.awt.X11.XEvent::get_xany (22 bytes)
Event: 1140.279 Thread 0x00007fefa00b8000 nmethod 2649 0x00007fef91853fd0 code [0x00007fef91854160, 0x00007fef91854498]
Event: 1146.412 Thread 0x00007fefa00bb000 2650   !   4       sun.awt.X11.XToolkit::getNextTaskTime (55 bytes)
Event: 1146.417 Thread 0x00007fefa00bb000 nmethod 2650 0x00007fef91854950 code [0x00007fef91854ae0, 0x00007fef91854e08]
Event: 1146.805 Thread 0x00007fefa00bd000 2651       3       sun.awt.X11.XDnDDropTargetProtocol::getMessageType (59 bytes)
Event: 1146.806 Thread 0x00007fefa00bd000 nmethod 2651 0x00007fef91853050 code [0x00007fef91853240, 0x00007fef91853b68]
Event: 1146.806 Thread 0x00007fefa00bd000 2652       3       sun.awt.X11.MotifDnDDropTargetProtocol::getMessageType (98 bytes)
Event: 1146.808 Thread 0x00007fefa00bd000 nmethod 2652 0x00007fef91852250 code [0x00007fef91852440, 0x00007fef91852c18]

GC Heap History (4 events):
Event: 1.782 GC heap before
{Heap before GC invocations=1 (full 0):
 PSYoungGen      total 36864K, used 31744K [0x00000000d6e00000, 0x00000000d9700000, 0x0000000100000000)
  eden space 31744K, 100% used [0x00000000d6e00000,0x00000000d8d00000,0x00000000d8d00000)
  from space 5120K, 0% used [0x00000000d9200000,0x00000000d9200000,0x00000000d9700000)
  to   space 5120K, 0% used [0x00000000d8d00000,0x00000000d8d00000,0x00000000d9200000)
 ParOldGen       total 84992K, used 0K [0x0000000084a00000, 0x0000000089d00000, 0x00000000d6e00000)
  object space 84992K, 0% used [0x0000000084a00000,0x0000000084a00000,0x0000000089d00000)
 Metaspace       used 14600K, capacity 14780K, committed 14976K, reserved 1062912K
  class space    used 1827K, capacity 1894K, committed 1920K, reserved 1048576K
Event: 1.792 GC heap after
Heap after GC invocations=1 (full 0):
 PSYoungGen      total 36864K, used 5116K [0x00000000d6e00000, 0x00000000d9700000, 0x0000000100000000)
  eden space 31744K, 0% used [0x00000000d6e00000,0x00000000d6e00000,0x00000000d8d00000)
  from space 5120K, 99% used [0x00000000d8d00000,0x00000000d91ff050,0x00000000d9200000)
  to   space 5120K, 0% used [0x00000000d9200000,0x00000000d9200000,0x00000000d9700000)
 ParOldGen       total 84992K, used 7851K [0x0000000084a00000, 0x0000000089d00000, 0x00000000d6e00000)
  object space 84992K, 9% used [0x0000000084a00000,0x00000000851aac50,0x0000000089d00000)
 Metaspace       used 14600K, capacity 14780K, committed 14976K, reserved 1062912K
  class space    used 1827K, capacity 1894K, committed 1920K, reserved 1048576K
}
Event: 24.777 GC heap before
{Heap before GC invocations=2 (full 0):
 PSYoungGen      total 36864K, used 36860K [0x00000000d6e00000, 0x00000000d9700000, 0x0000000100000000)
  eden space 31744K, 100% used [0x00000000d6e00000,0x00000000d8d00000,0x00000000d8d00000)
  from space 5120K, 99% used [0x00000000d8d00000,0x00000000d91ff050,0x00000000d9200000)
  to   space 5120K, 0% used [0x00000000d9200000,0x00000000d9200000,0x00000000d9700000)
 ParOldGen       total 84992K, used 7851K [0x0000000084a00000, 0x0000000089d00000, 0x00000000d6e00000)
  object space 84992K, 9% used [0x0000000084a00000,0x00000000851aac50,0x0000000089d00000)
 Metaspace       used 19206K, capacity 19404K, committed 19712K, reserved 1067008K
  class space    used 2210K, capacity 2280K, committed 2304K, reserved 1048576K
Event: 24.787 GC heap after
Heap after GC invocations=2 (full 0):
 PSYoungGen      total 36864K, used 5118K [0x00000000d6e00000, 0x00000000d9700000, 0x0000000100000000)
  eden space 31744K, 0% used [0x00000000d6e00000,0x00000000d6e00000,0x00000000d8d00000)
  from space 5120K, 99% used [0x00000000d9200000,0x00000000d96ff970,0x00000000d9700000)
  to   space 5120K, 0% used [0x00000000d8d00000,0x00000000d8d00000,0x00000000d9200000)
 ParOldGen       total 84992K, used 18311K [0x0000000084a00000, 0x0000000089d00000, 0x00000000d6e00000)
  object space 84992K, 21% used [0x0000000084a00000,0x0000000085be1e20,0x0000000089d00000)
 Metaspace       used 19206K, capacity 19404K, committed 19712K, reserved 1067008K
  class space    used 2210K, capacity 2280K, committed 2304K, reserved 1048576K
}

Deoptimization events (10 events):
Event: 1.526 Thread 0x00007fefa0269800 Uncommon trap: reason=class_check action=maybe_recompile pc=0x00007fef9124a5b4 method=javax.swing.plaf.nimbus.DerivedColor$UIResource.equals(Ljava/lang/Object;)Z @ 1
Event: 1.710 Thread 0x00007fefa0269800 Uncommon trap: reason=unstable_if action=reinterpret pc=0x00007fef9122fe30 method=java.util.HashMap.putVal(ILjava/lang/Object;Ljava/lang/Object;ZZ)Ljava/lang/Object; @ 109
Event: 2.813 Thread 0x00007fefa0269800 Uncommon trap: reason=class_check action=maybe_recompile pc=0x00007fef911602a4 method=java.lang.String.equals(Ljava/lang/Object;)Z @ 8
Event: 2.813 Thread 0x00007fefa0269800 Uncommon trap: reason=class_check action=maybe_recompile pc=0x00007fef911602a4 method=java.lang.String.equals(Ljava/lang/Object;)Z @ 8
Event: 3.009 Thread 0x00007fefa0269800 Uncommon trap: reason=class_check action=maybe_recompile pc=0x00007fef911602a4 method=java.lang.String.equals(Ljava/lang/Object;)Z @ 8
Event: 3.009 Thread 0x00007fefa0269800 Uncommon trap: reason=class_check action=maybe_recompile pc=0x00007fef911602a4 method=java.lang.String.equals(Ljava/lang/Object;)Z @ 8
Event: 6.512 Thread 0x00007fefa0269800 Uncommon trap: reason=unstable_if action=reinterpret pc=0x00007fef912b5d10 method=sun.nio.cs.UTF_8$Decoder.decode([BII[C)I @ 30
Event: 6.619 Thread 0x00007fefa0269800 Uncommon trap: reason=unstable_if action=reinterpret pc=0x00007fef912a09d4 method=java.lang.String.indexOf([CII[CIII)I @ 3
Event: 6.996 Thread 0x00007fefa0269800 Uncommon trap: reason=unstable_if action=reinterpret pc=0x00007fef913f2f30 method=java.lang.StrictMath.floorOrCeil(DDDD)D @ 14
Event: 27.580 Thread 0x00007fefa0269800 Uncommon trap: reason=unstable_if action=reinterpret pc=0x00007fef917f09b4 method=javax.swing.text.Utilities.getTabbedTextWidth(Ljavax/swing/text/View;Ljavax/swing/text/Segment;Ljava/awt/FontMetrics;ILjavax/swing/text/TabExpander;I[I)I @ 289

Internal exceptions (10 events):
Event: 0.313 Thread 0x00007fefa000a000 Exception <a 'java/lang/ClassNotFoundException': Tree> (0x00000000d72b0fe8) thrown at [/HUDSON3/workspace/8-2-build-linux-amd64/jdk8u102/7268/hotspot/src/share/vm/classfile/systemDictionary.cpp, line 210]
Event: 0.313 Thread 0x00007fefa000a000 Exception <a 'java/lang/ClassNotFoundException': Tree> (0x00000000d72b1728) thrown at [/HUDSON3/workspace/8-2-build-linux-amd64/jdk8u102/7268/hotspot/src/share/vm/classfile/systemDictionary.cpp, line 210]
Event: 0.313 Thread 0x00007fefa000a000 Exception <a 'java/lang/ClassNotFoundException': javax/swing/JTreeCell> (0x00000000d72b1aa8) thrown at [/HUDSON3/workspace/8-2-build-linux-amd64/jdk8u102/7268/hotspot/src/share/vm/classfile/systemDictionary.cpp, line 210]
Event: 0.313 Thread 0x00007fefa000a000 Exception <a 'java/lang/ClassNotFoundException': TreeCell> (0x00000000d72b1f30) thrown at [/HUDSON3/workspace/8-2-build-linux-amd64/jdk8u102/7268/hotspot/src/share/vm/classfile/systemDictionary.cpp, line 210]
Event: 0.313 Thread 0x00007fefa000a000 Exception <a 'java/lang/ClassNotFoundException': RootPane> (0x00000000d72b2990) thrown at [/HUDSON3/workspace/8-2-build-linux-amd64/jdk8u102/7268/hotspot/src/share/vm/classfile/systemDictionary.cpp, line 210]
Event: 0.529 Thread 0x00007fefa0269800 Exception <a 'java/lang/UnsupportedOperationException': > (0x00000000d7bed1a8) thrown at [/HUDSON3/workspace/8-2-build-linux-amd64/jdk8u102/7268/hotspot/src/share/vm/prims/jni.cpp, line 735]
Event: 1.828 Thread 0x00007fefa0269800 Exception <a 'java/lang/UnsupportedOperationException': > (0x00000000d6ebd478) thrown at [/HUDSON3/workspace/8-2-build-linux-amd64/jdk8u102/7268/hotspot/src/share/vm/prims/jni.cpp, line 735]
Event: 7.025 Thread 0x00007fefa0269800 Exception <a 'java/lang/UnsupportedOperationException': > (0x00000000d868f1d8) thrown at [/HUDSON3/workspace/8-2-build-linux-amd64/jdk8u102/7268/hotspot/src/share/vm/prims/jni.cpp, line 735]
Event: 9.180 Thread 0x00007fefa0269800 Exception <a 'java/lang/UnsupportedOperationException': > (0x00000000d86b1560) thrown at [/HUDSON3/workspace/8-2-build-linux-amd64/jdk8u102/7268/hotspot/src/share/vm/prims/jni.cpp, line 735]
Event: 27.642 Thread 0x00007fefa0269800 Exception <a 'java/lang/UnsupportedOperationException': > (0x00000000d7105d60) thrown at [/HUDSON3/workspace/8-2-build-linux-amd64/jdk8u102/7268/hotspot/src/share/vm/prims/jni.cpp, line 735]

Events (10 events):
Event: 27.573 Executing VM operation: BulkRevokeBias done
Event: 27.580 Thread 0x00007fefa0269800 Uncommon trap: trap_request=0xffffff65 fr.pc=0x00007fef917f09b4
Event: 27.580 Thread 0x00007fefa0269800 DEOPT PACKING pc=0x00007fef917f09b4 sp=0x00007fef81a87f90
Event: 27.580 Thread 0x00007fefa0269800 DEOPT UNPACKING pc=0x00007fef91005229 sp=0x00007fef81a87ee0 mode 2
Event: 27.581 loading class java/util/ArrayList$1
Event: 27.581 loading class java/util/ArrayList$1 done
Event: 27.597 Executing VM operation: RevokeBias
Event: 27.598 Executing VM operation: RevokeBias done
Event: 1248.081 loading class sun/awt/X11/XDestroyWindowEvent
Event: 1248.081 loading class sun/awt/X11/XDestroyWindowEvent done


Dynamic libraries:
00400000-00401000 r-xp 00000000 08:09 2236664                            /home/ankurdengla/jdk1.8.0_102/bin/java
00600000-00601000 rw-p 00000000 08:09 2236664                            /home/ankurdengla/jdk1.8.0_102/bin/java
02438000-02459000 rw-p 00000000 00:00 0                                  [heap]
84a00000-89d00000 rw-p 00000000 00:00 0 
89d00000-d6e00000 ---p 00000000 00:00 0 
d6e00000-d9700000 rw-p 00000000 00:00 0 
d9700000-100000000 ---p 00000000 00:00 0 
100000000-100240000 rw-p 00000000 00:00 0 
100240000-140000000 ---p 00000000 00:00 0 
7fef30000000-7fef30021000 rw-p 00000000 00:00 0 
7fef30021000-7fef34000000 ---p 00000000 00:00 0 
7fef38000000-7fef38021000 rw-p 00000000 00:00 0 
7fef38021000-7fef3c000000 ---p 00000000 00:00 0 
7fef3c000000-7fef3c4d5000 rw-p 00000000 00:00 0 
7fef3c4d5000-7fef40000000 ---p 00000000 00:00 0 
7fef43233000-7fef43987000 rw-s 00000000 00:05 188874768                  /SYSV00000000 (deleted)
7fef43e00000-7fef43f00000 rw-p 00000000 00:00 0 
7fef43f00000-7fef44000000 ---p 00000000 00:00 0 
7fef44000000-7fef44021000 rw-p 00000000 00:00 0 
7fef44021000-7fef48000000 ---p 00000000 00:00 0 
7fef48000000-7fef483ce000 rw-p 00000000 00:00 0 
7fef483ce000-7fef4c000000 ---p 00000000 00:00 0 
7fef4c000000-7fef4c021000 rw-p 00000000 00:00 0 
7fef4c021000-7fef50000000 ---p 00000000 00:00 0 
7fef50000000-7fef5002b000 rw-p 00000000 00:00 0 
7fef5002b000-7fef54000000 ---p 00000000 00:00 0 
7fef54000000-7fef54021000 rw-p 00000000 00:00 0 
7fef54021000-7fef58000000 ---p 00000000 00:00 0 
7fef58000000-7fef58021000 rw-p 00000000 00:00 0 
7fef58021000-7fef5c000000 ---p 00000000 00:00 0 
7fef5c000000-7fef5d044000 rw-p 00000000 00:00 0 
7fef5d044000-7fef60000000 ---p 00000000 00:00 0 
7fef60000000-7fef6067f000 rw-p 00000000 00:00 0 
7fef6067f000-7fef64000000 ---p 00000000 00:00 0 
7fef64000000-7fef64021000 rw-p 00000000 00:00 0 
7fef64021000-7fef68000000 ---p 00000000 00:00 0 
7fef68000000-7fef683f1000 rw-p 00000000 00:00 0 
7fef683f1000-7fef6c000000 ---p 00000000 00:00 0 
7fef6c000000-7fef6c021000 rw-p 00000000 00:00 0 
7fef6c021000-7fef70000000 ---p 00000000 00:00 0 
7fef70000000-7fef70021000 rw-p 00000000 00:00 0 
7fef70021000-7fef74000000 ---p 00000000 00:00 0 
7fef74000000-7fef74021000 rw-p 00000000 00:00 0 
7fef74021000-7fef78000000 ---p 00000000 00:00 0 
7fef78000000-7fef78021000 rw-p 00000000 00:00 0 
7fef78021000-7fef7c000000 ---p 00000000 00:00 0 
7fef7c000000-7fef7c021000 rw-p 00000000 00:00 0 
7fef7c021000-7fef80000000 ---p 00000000 00:00 0 
7fef800b0000-7fef800bb000 r--s 00000000 08:09 657864                     /var/cache/fontconfig/945677eb7aeaf62f1d50efc3fb3ec7d8-le64.cache-6
7fef800bb000-7fef800c1000 r--s 00000000 08:09 657862                     /var/cache/fontconfig/2cd17615ca594fa2959ae173292e504c-le64.cache-6
7fef800c1000-7fef800c2000 r--s 00000000 08:09 657861                     /var/cache/fontconfig/0d8c3b2ac0904cb8a57a757ad11a4a08-le64.cache-6
7fef800c2000-7fef800c6000 r--s 00000000 08:09 658222                     /var/cache/fontconfig/de156ccd2eddbdc19d37a45b8b2aac9c-le64.cache-6
7fef800c6000-7fef800db000 r--s 00000000 08:09 657860                     /var/cache/fontconfig/04aabc0a78ac019cf9454389977116d2-le64.cache-6
7fef800db000-7fef800dc000 r--s 00000000 08:09 657859                     /var/cache/fontconfig/1ac9eb803944fde146138c791f5cc56a-le64.cache-6
7fef800dc000-7fef800e0000 r--s 00000000 08:09 657858                     /var/cache/fontconfig/385c0604a188198f04d133e54aba7fe7-le64.cache-6
7fef800e0000-7fef800e1000 r--s 00000000 08:09 657857                     /var/cache/fontconfig/dc05db6664285cc2f12bf69c139ae4c3-le64.cache-6
7fef800e1000-7fef800e4000 r--s 00000000 08:09 657856                     /var/cache/fontconfig/767a8244fc0220cfb567a839d0392e0b-le64.cache-6
7fef800e4000-7fef800e5000 r--s 00000000 08:09 665010                     /var/cache/fontconfig/4794a0821666d79190d59a36cb4f44b5-le64.cache-6
7fef800e5000-7fef800ea000 r--s 00000000 08:09 657854                     /var/cache/fontconfig/8801497958630a81b71ace7c5f9b32a8-le64.cache-6
7fef800ea000-7fef80125000 r--s 00000000 08:09 657853                     /var/cache/fontconfig/365b55f210c0a22e9a19e35191240f32-le64.cache-6
7fef80125000-7fef80126000 r--s 00000000 08:09 657852                     /var/cache/fontconfig/bab58bb527bb656aaa9f116d68a48d89-le64.cache-6
7fef80126000-7fef8012d000 r--s 00000000 08:09 657851                     /var/cache/fontconfig/3047814df9a2f067bd2d96a2b9c36e5a-le64.cache-6
7fef8012d000-7fef8012e000 r--s 00000000 08:09 657850                     /var/cache/fontconfig/56cf4f4769d0f4abc89a4895d7bd3ae1-le64.cache-6
7fef8012e000-7fef8012f000 r--s 00000000 08:09 657849                     /var/cache/fontconfig/b9d506c9ac06c20b433354fa67a72993-le64.cache-6
7fef8012f000-7fef80135000 r--s 00000000 08:09 657848                     /var/cache/fontconfig/b47c4e1ecd0709278f4910c18777a504-le64.cache-6
7fef80135000-7fef80148000 r--s 00000000 08:09 657847                     /var/cache/fontconfig/d52a8644073d54c13679302ca1180695-le64.cache-6
7fef80148000-7fef8014c000 r--s 00000000 08:09 656954                     /var/cache/fontconfig/d589a48862398ed80a3d6066f4f56f4c-le64.cache-6
7fef8014c000-7fef80157000 r--s 00000000 08:09 657840                     /var/cache/fontconfig/83bf95040141907cd45bb53cf7c1c148-le64.cache-6
7fef80343000-7fef80543000 rw-p 00000000 00:00 0 
7fef80543000-7fef80554000 r--s 00000000 08:09 1445542                    /usr/share/fonts/type1/gsfonts/a010035l.pfb
7fef80554000-7fef80567000 r--s 00000000 08:09 1445548                    /usr/share/fonts/type1/gsfonts/b018015l.pfb
7fef8057f000-7fef80590000 r--s 00000000 08:09 1445578                    /usr/share/fonts/type1/gsfonts/n019023l.pfb
7fef80590000-7fef805a2000 r--s 00000000 08:09 1445575                    /usr/share/fonts/type1/gsfonts/n019004l.pfb
7fef805a2000-7fef805bd000 r--s 00000000 08:09 1445626                    /usr/share/fonts/type1/gsfonts/p052023l.pfb
7fef805bd000-7fef805d6000 r--s 00000000 08:09 1445599                    /usr/share/fonts/type1/gsfonts/n021004l.pfb
7fef805d6000-7fef805df000 r--s 00000000 08:09 1445632                    /usr/share/fonts/type1/gsfonts/s050000l.pfb
7fef805df000-7fef805ef000 r--s 00000000 08:09 1445536                    /usr/share/fonts/type1/gsfonts/a010015l.pfb
7fef805ef000-7fef805f9000 r--s 00000000 08:09 1444819                    /usr/share/fonts/X11/Type1/c0583bt_.pfb
7fef805f9000-7fef80603000 r--s 00000000 08:09 1444815                    /usr/share/fonts/X11/Type1/c0419bt_.pfb
7fef80603000-7fef80615000 r--s 00000000 08:09 1445554                    /usr/share/fonts/type1/gsfonts/b018035l.pfb
7fef80615000-7fef8061e000 r--s 00000000 08:09 1444827                    /usr/share/fonts/X11/Type1/c0648bt_.pfb
7fef8061e000-7fef80639000 r--s 00000000 08:09 1445623                    /usr/share/fonts/type1/gsfonts/p052004l.pfb
7fef80654000-7fef80666000 r--s 00000000 08:09 1445587                    /usr/share/fonts/type1/gsfonts/n019044l.pfb
7fef80666000-7fef8066f000 r--s 00000000 08:09 1444829                    /usr/share/fonts/X11/Type1/c0649bt_.pfb
7fef8066f000-7fef8067b000 r--s 00000000 08:09 1445569                    /usr/share/fonts/type1/gsfonts/d050000l.pfb
7fef8067b000-7fef80691000 r--s 00000000 08:09 1445614                    /usr/share/fonts/type1/gsfonts/n022023l.pfb
7fef80691000-7fef806ac000 r--s 00000000 08:09 1445620                    /usr/share/fonts/type1/gsfonts/p052003l.pfb
7fef806ac000-7fef806c0000 r--s 00000000 08:09 1445572                    /usr/share/fonts/type1/gsfonts/n019003l.pfb
7fef806c0000-7fef806d8000 r--s 00000000 08:09 1445566                    /usr/share/fonts/type1/gsfonts/c059036l.pfb
7fef806d8000-7fef806ea000 r--s 00000000 08:09 1445584                    /usr/share/fonts/type1/gsfonts/n019043l.pfb
7fef806ea000-7fef806f3000 r--s 00000000 08:09 1444823                    /usr/share/fonts/X11/Type1/c0632bt_.pfb
7fef806f3000-7fef8070a000 r--s 00000000 08:09 1445602                    /usr/share/fonts/type1/gsfonts/n021023l.pfb
7fef8070a000-7fef80713000 r--s 00000000 08:09 1444825                    /usr/share/fonts/X11/Type1/c0633bt_.pfb
7fef80713000-7fef8072f000 r--s 00000000 08:09 1445629                    /usr/share/fonts/type1/gsfonts/p052024l.pfb
7fef8072f000-7fef8073f000 r--s 00000000 08:09 1445533                    /usr/share/fonts/type1/gsfonts/a010013l.pfb
7fef8073f000-7fef80754000 r--s 00000000 08:09 1445551                    /usr/share/fonts/type1/gsfonts/b018032l.pfb
7fef80754000-7fef8076e000 r--s 00000000 08:09 1445557                    /usr/share/fonts/type1/gsfonts/c059013l.pfb
7fef8076e000-7fef80778000 r--s 00000000 08:09 1444821                    /usr/share/fonts/X11/Type1/c0611bt_.pfb
7fef80778000-7fef8078f000 r--s 00000000 08:09 1445635                    /usr/share/fonts/type1/gsfonts/z003034l.pfb
7fef8078f000-7fef80799000 r--s 00000000 08:09 1444817                    /usr/share/fonts/X11/Type1/c0582bt_.pfb
7fef80799000-7fef807af000 r--s 00000000 08:09 1445605                    /usr/share/fonts/type1/gsfonts/n021024l.pfb
7fef807af000-7fef807bf000 r--s 00000000 08:09 1445539                    /usr/share/fonts/type1/gsfonts/a010033l.pfb
7fef807bf000-7fef807d8000 r--s 00000000 08:09 1445596                    /usr/share/fonts/type1/gsfonts/n021003l.pfb
7fef807d8000-7fef807f1000 r--s 00000000 08:09 1445545                    /usr/share/fonts/type1/gsfonts/b018012l.pfb
7fef807f1000-7fef80809000 r--s 00000000 08:09 1445563                    /usr/share/fonts/type1/gsfonts/c059033l.pfb
7fef80809000-7fef80822000 r--s 00000000 08:09 1445611                    /usr/share/fonts/type1/gsfonts/n022004l.pfb
7fef80822000-7fef80833000 r--s 00000000 08:09 1445590                    /usr/share/fonts/type1/gsfonts/n019063l.pfb
7fef80833000-7fef80844000 r--s 00000000 08:09 1445581                    /usr/share/fonts/type1/gsfonts/n019024l.pfb
7fef80844000-7fef80857000 r--s 00000000 08:09 1445593                    /usr/share/fonts/type1/gsfonts/n019064l.pfb
7fef80857000-7fef8086d000 r--s 00000000 08:09 1445617                    /usr/share/fonts/type1/gsfonts/n022024l.pfb
7fef8086d000-7fef8087f000 r--s 00000000 08:09 655814                     /var/cache/fontconfig/9b89f8e3dae116d678bbf48e5f21f69b-le64.cache-6
7fef8087f000-7fef8088c000 r--s 00000000 08:09 665514                     /var/cache/fontconfig/e13b20fdb08344e0e664864cc2ede53d-le64.cache-6
7fef8088c000-7fef80a8c000 rw-p 00000000 00:00 0 
7fef80a8c000-7fef80ab6000 r-xp 00000000 08:09 2236783                    /home/ankurdengla/jdk1.8.0_102/jre/lib/amd64/libdcpr.so
7fef80ab6000-7fef80cb6000 ---p 0002a000 08:09 2236783                    /home/ankurdengla/jdk1.8.0_102/jre/lib/amd64/libdcpr.so
7fef80cb6000-7fef80cb9000 rw-p 0002a000 08:09 2236783                    /home/ankurdengla/jdk1.8.0_102/jre/lib/amd64/libdcpr.so
7fef80dcb000-7fef80dcf000 r--s 00097000 08:09 2236694                    /home/ankurdengla/jdk1.8.0_102/jre/lib/jsse.jar
7fef80dcf000-7fef80dd2000 ---p 00000000 00:00 0 
7fef80dd2000-7fef80ed0000 rw-p 00000000 00:00 0 
7fef80ed0000-7fef80ed3000 ---p 00000000 00:00 0 
7fef80ed3000-7fef80fd1000 rw-p 00000000 00:00 0 
7fef80fd1000-7fef8103a000 r-xp 00000000 08:09 2236841                    /home/ankurdengla/jdk1.8.0_102/jre/lib/amd64/libt2k.so
7fef8103a000-7fef8123a000 ---p 00069000 08:09 2236841                    /home/ankurdengla/jdk1.8.0_102/jre/lib/amd64/libt2k.so
7fef8123a000-7fef81241000 rw-p 00069000 08:09 2236841                    /home/ankurdengla/jdk1.8.0_102/jre/lib/amd64/libt2k.so
7fef81241000-7fef81451000 rw-p 00000000 00:00 0 
7fef81451000-7fef8148c000 r-xp 00000000 08:09 2236772                    /home/ankurdengla/jdk1.8.0_102/jre/lib/amd64/libjpeg.so
7fef8148c000-7fef8168b000 ---p 0003b000 08:09 2236772                    /home/ankurdengla/jdk1.8.0_102/jre/lib/amd64/libjpeg.so
7fef8168b000-7fef8168c000 rw-p 0003a000 08:09 2236772                    /home/ankurdengla/jdk1.8.0_102/jre/lib/amd64/libjpeg.so
7fef8168c000-7fef8168f000 ---p 00000000 00:00 0 
7fef8168f000-7fef8198d000 rw-p 00000000 00:00 0 
7fef8198d000-7fef81990000 ---p 00000000 00:00 0 
7fef81990000-7fef81a8e000 rw-p 00000000 00:00 0 
7fef81a8e000-7fef81a91000 ---p 00000000 00:00 0 
7fef81a91000-7fef81b8f000 rw-p 00000000 00:00 0 
7fef81b8f000-7fef81ba0000 r-xp 00000000 08:09 2236807                    /home/ankurdengla/jdk1.8.0_102/jre/lib/amd64/libnio.so
7fef81ba0000-7fef81d9f000 ---p 00011000 08:09 2236807                    /home/ankurdengla/jdk1.8.0_102/jre/lib/amd64/libnio.so
7fef81d9f000-7fef81da0000 rw-p 00010000 08:09 2236807                    /home/ankurdengla/jdk1.8.0_102/jre/lib/amd64/libnio.so
7fef81da0000-7fef820a1000 rw-p 00000000 00:00 0 
7fef820a1000-7fef820b7000 r-xp 00000000 08:09 2236776                    /home/ankurdengla/jdk1.8.0_102/jre/lib/amd64/libnet.so
7fef820b7000-7fef822b7000 ---p 00016000 08:09 2236776                    /home/ankurdengla/jdk1.8.0_102/jre/lib/amd64/libnet.so
7fef822b7000-7fef822b8000 rw-p 00016000 08:09 2236776                    /home/ankurdengla/jdk1.8.0_102/jre/lib/amd64/libnet.so
7fef822b8000-7fef822bb000 ---p 00000000 00:00 0 
7fef822bb000-7fef823b9000 rw-p 00000000 00:00 0 
7fef823b9000-7fef823be000 r-xp 00000000 08:09 664425                     /usr/lib/x86_64-linux-gnu/libXfixes.so.3.1.0
7fef823be000-7fef825bd000 ---p 00005000 08:09 664425                     /usr/lib/x86_64-linux-gnu/libXfixes.so.3.1.0
7fef825bd000-7fef825be000 r--p 00004000 08:09 664425                     /usr/lib/x86_64-linux-gnu/libXfixes.so.3.1.0
7fef825be000-7fef825bf000 rw-p 00005000 08:09 664425                     /usr/lib/x86_64-linux-gnu/libXfixes.so.3.1.0
7fef825bf000-7fef825c8000 r-xp 00000000 08:09 664417                     /usr/lib/x86_64-linux-gnu/libXcursor.so.1.0.2
7fef825c8000-7fef827c7000 ---p 00009000 08:09 664417                     /usr/lib/x86_64-linux-gnu/libXcursor.so.1.0.2
7fef827c7000-7fef827c8000 r--p 00008000 08:09 664417                     /usr/lib/x86_64-linux-gnu/libXcursor.so.1.0.2
7fef827c8000-7fef827c9000 rw-p 00009000 08:09 664417                     /usr/lib/x86_64-linux-gnu/libXcursor.so.1.0.2
7fef827c9000-7fef827cc000 ---p 00000000 00:00 0 
7fef827cc000-7fef828ca000 rw-p 00000000 00:00 0 
7fef828ca000-7fef828e0000 r-xp 00000000 08:09 398519                     /lib/x86_64-linux-gnu/libgcc_s.so.1
7fef828e0000-7fef82adf000 ---p 00016000 08:09 398519                     /lib/x86_64-linux-gnu/libgcc_s.so.1
7fef82adf000-7fef82ae0000 rw-p 00015000 08:09 398519                     /lib/x86_64-linux-gnu/libgcc_s.so.1
7fef82ae0000-7fef82b45000 r-xp 00000000 08:09 2236801                    /home/ankurdengla/jdk1.8.0_102/jre/lib/amd64/libfontmanager.so
7fef82b45000-7fef82d44000 ---p 00065000 08:09 2236801                    /home/ankurdengla/jdk1.8.0_102/jre/lib/amd64/libfontmanager.so
7fef82d44000-7fef82d49000 rw-p 00064000 08:09 2236801                    /home/ankurdengla/jdk1.8.0_102/jre/lib/amd64/libfontmanager.so
7fef82d49000-7fef82d59000 rw-p 00000000 00:00 0 
7fef82d59000-7fef82d5e000 r-xp 00000000 08:09 664421                     /usr/lib/x86_64-linux-gnu/libXdmcp.so.6.0.0
7fef82d5e000-7fef82f5d000 ---p 00005000 08:09 664421                     /usr/lib/x86_64-linux-gnu/libXdmcp.so.6.0.0
7fef82f5d000-7fef82f5e000 r--p 00004000 08:09 664421                     /usr/lib/x86_64-linux-gnu/libXdmcp.so.6.0.0
7fef82f5e000-7fef82f5f000 rw-p 00005000 08:09 664421                     /usr/lib/x86_64-linux-gnu/libXdmcp.so.6.0.0
7fef82f5f000-7fef82f61000 r-xp 00000000 08:09 664410                     /usr/lib/x86_64-linux-gnu/libXau.so.6.0.0
7fef82f61000-7fef83161000 ---p 00002000 08:09 664410                     /usr/lib/x86_64-linux-gnu/libXau.so.6.0.0
7fef83161000-7fef83162000 r--p 00002000 08:09 664410                     /usr/lib/x86_64-linux-gnu/libXau.so.6.0.0
7fef83162000-7fef83163000 rw-p 00003000 08:09 664410                     /usr/lib/x86_64-linux-gnu/libXau.so.6.0.0
7fef83163000-7fef83184000 r-xp 00000000 08:09 665788                     /usr/lib/x86_64-linux-gnu/libxcb.so.1.1.0
7fef83184000-7fef83383000 ---p 00021000 08:09 665788                     /usr/lib/x86_64-linux-gnu/libxcb.so.1.1.0
7fef83383000-7fef83384000 r--p 00020000 08:09 665788                     /usr/lib/x86_64-linux-gnu/libxcb.so.1.1.0
7fef83384000-7fef83385000 rw-p 00021000 08:09 665788                     /usr/lib/x86_64-linux-gnu/libxcb.so.1.1.0
7fef83385000-7fef83394000 r-xp 00000000 08:09 664431                     /usr/lib/x86_64-linux-gnu/libXi.so.6.1.0
7fef83394000-7fef83593000 ---p 0000f000 08:09 664431                     /usr/lib/x86_64-linux-gnu/libXi.so.6.1.0
7fef83593000-7fef83594000 r--p 0000e000 08:09 664431                     /usr/lib/x86_64-linux-gnu/libXi.so.6.1.0
7fef83594000-7fef83595000 rw-p 0000f000 08:09 664431                     /usr/lib/x86_64-linux-gnu/libXi.so.6.1.0
7fef83595000-7fef8359a000 r-xp 00000000 08:09 664449                     /usr/lib/x86_64-linux-gnu/libXtst.so.6.1.0
7fef8359a000-7fef83799000 ---p 00005000 08:09 664449                     /usr/lib/x86_64-linux-gnu/libXtst.so.6.1.0
7fef83799000-7fef8379a000 r--p 00004000 08:09 664449                     /usr/lib/x86_64-linux-gnu/libXtst.so.6.1.0
7fef8379a000-7fef8379b000 rw-p 00005000 08:09 664449                     /usr/lib/x86_64-linux-gnu/libXtst.so.6.1.0
7fef8379b000-7fef838d0000 r-xp 00000000 08:09 664406                     /usr/lib/x86_64-linux-gnu/libX11.so.6.3.0
7fef838d0000-7fef83ad0000 ---p 00135000 08:09 664406                     /usr/lib/x86_64-linux-gnu/libX11.so.6.3.0
7fef83ad0000-7fef83ad1000 r--p 00135000 08:09 664406                     /usr/lib/x86_64-linux-gnu/libX11.so.6.3.0
7fef83ad1000-7fef83ad5000 rw-p 00136000 08:09 664406                     /usr/lib/x86_64-linux-gnu/libX11.so.6.3.0
7fef83ad5000-7fef83b29000 r-xp 00000000 08:09 2236809                    /home/ankurdengla/jdk1.8.0_102/jre/lib/amd64/libawt_xawt.so
7fef83b29000-7fef83d29000 ---p 00054000 08:09 2236809                    /home/ankurdengla/jdk1.8.0_102/jre/lib/amd64/libawt_xawt.so
7fef83d29000-7fef83d2d000 rw-p 00054000 08:09 2236809                    /home/ankurdengla/jdk1.8.0_102/jre/lib/amd64/libawt_xawt.so
7fef83d2d000-7fef83d2e000 rw-p 00000000 00:00 0 
7fef83d2e000-7fef83dd0000 r-xp 00000000 08:09 2236845                    /home/ankurdengla/jdk1.8.0_102/jre/lib/amd64/libawt.so
7fef83dd0000-7fef83fd0000 ---p 000a2000 08:09 2236845                    /home/ankurdengla/jdk1.8.0_102/jre/lib/amd64/libawt.so
7fef83fd0000-7fef83fdc000 rw-p 000a2000 08:09 2236845                    /home/ankurdengla/jdk1.8.0_102/jre/lib/amd64/libawt.so
7fef83fdc000-7fef84000000 rw-p 00000000 00:00 0 
7fef84000000-7fef84021000 rw-p 00000000 00:00 0 
7fef84021000-7fef88000000 ---p 00000000 00:00 0 
7fef88000000-7fef88001000 r--s 00000000 08:09 657846                     /var/cache/fontconfig/551ecf3b0e8b0bca0f25c0944f561853-le64.cache-6
7fef88001000-7fef88004000 r--s 00000000 08:09 657841                     /var/cache/fontconfig/75114ca45c98e8a441da0ff356701271-le64.cache-6
7fef88004000-7fef88008000 r--s 00000000 08:09 660893                     /var/cache/fontconfig/7ef2298fde41cc6eeb7af42e48b7d293-le64.cache-6
7fef88008000-7fef88020000 r--s 00000000 08:09 1445608                    /usr/share/fonts/type1/gsfonts/n022003l.pfb
7fef88020000-7fef8802b000 r--s 00000000 08:09 657864                     /var/cache/fontconfig/945677eb7aeaf62f1d50efc3fb3ec7d8-le64.cache-6
7fef8802b000-7fef88031000 r--s 00000000 08:09 657862                     /var/cache/fontconfig/2cd17615ca594fa2959ae173292e504c-le64.cache-6
7fef88031000-7fef88046000 r--s 00000000 08:09 657860                     /var/cache/fontconfig/04aabc0a78ac019cf9454389977116d2-le64.cache-6
7fef88046000-7fef8804f000 r-xp 00000000 08:09 664443                     /usr/lib/x86_64-linux-gnu/libXrender.so.1.3.0
7fef8804f000-7fef8824e000 ---p 00009000 08:09 664443                     /usr/lib/x86_64-linux-gnu/libXrender.so.1.3.0
7fef8824e000-7fef8824f000 r--p 00008000 08:09 664443                     /usr/lib/x86_64-linux-gnu/libXrender.so.1.3.0
7fef8824f000-7fef88250000 rw-p 00009000 08:09 664443                     /usr/lib/x86_64-linux-gnu/libXrender.so.1.3.0
7fef88250000-7fef8c000000 rw-p 00000000 00:00 0 
7fef8c000000-7fef8c021000 rw-p 00000000 00:00 0 
7fef8c021000-7fef90000000 ---p 00000000 00:00 0 
7fef90000000-7fef90001000 r--s 00000000 08:09 657844                     /var/cache/fontconfig/30829fa25452a46451e813d634d7f916-le64.cache-6
7fef90001000-7fef90003000 r--s 00000000 08:09 667083                     /var/cache/fontconfig/62f91419b9ebdb6975e7e41ab6412357-le64.cache-6
7fef90003000-7fef90007000 r--s 00000000 08:09 658222                     /var/cache/fontconfig/de156ccd2eddbdc19d37a45b8b2aac9c-le64.cache-6
7fef90007000-7fef9000b000 r--s 00000000 08:09 657858                     /var/cache/fontconfig/385c0604a188198f04d133e54aba7fe7-le64.cache-6
7fef9000b000-7fef9001c000 r-xp 00000000 08:09 664423                     /usr/lib/x86_64-linux-gnu/libXext.so.6.4.0
7fef9001c000-7fef9021b000 ---p 00011000 08:09 664423                     /usr/lib/x86_64-linux-gnu/libXext.so.6.4.0
7fef9021b000-7fef9021c000 r--p 00010000 08:09 664423                     /usr/lib/x86_64-linux-gnu/libXext.so.6.4.0
7fef9021c000-7fef9021d000 rw-p 00011000 08:09 664423                     /usr/lib/x86_64-linux-gnu/libXext.so.6.4.0
7fef9021d000-7fef9021e000 ---p 00000000 00:00 0 
7fef9021e000-7fef9031e000 rw-p 00000000 00:00 0 
7fef9031e000-7fef90321000 ---p 00000000 00:00 0 
7fef90321000-7fef9041f000 rw-p 00000000 00:00 0 
7fef9041f000-7fef90422000 ---p 00000000 00:00 0 
7fef90422000-7fef90520000 rw-p 00000000 00:00 0 
7fef90520000-7fef90523000 ---p 00000000 00:00 0 
7fef90523000-7fef90621000 rw-p 00000000 00:00 0 
7fef90621000-7fef90624000 ---p 00000000 00:00 0 
7fef90624000-7fef90722000 rw-p 00000000 00:00 0 
7fef90722000-7fef90725000 ---p 00000000 00:00 0 
7fef90725000-7fef90823000 rw-p 00000000 00:00 0 
7fef90823000-7fef90afb000 r--p 00000000 08:09 655667                     /usr/lib/locale/locale-archive
7fef90afb000-7fef90afe000 ---p 00000000 00:00 0 
7fef90afe000-7fef90bfc000 rw-p 00000000 00:00 0 
7fef90bfc000-7fef90bff000 ---p 00000000 00:00 0 
7fef90bff000-7fef90cfd000 rw-p 00000000 00:00 0 
7fef90cfd000-7fef90cfe000 ---p 00000000 00:00 0 
7fef90cfe000-7fef91000000 rw-p 00000000 00:00 0 
7fef91000000-7fef91860000 rwxp 00000000 00:00 0 
7fef91860000-7fefa0000000 ---p 00000000 00:00 0 
7fefa0000000-7fefa0545000 rw-p 00000000 00:00 0 
7fefa0545000-7fefa4000000 ---p 00000000 00:00 0 
7fefa4000000-7fefa4001000 r--s 00000000 08:09 657843                     /var/cache/fontconfig/0c9eb80ebd1c36541ebe2852d3bb0c49-le64.cache-6
7fefa4001000-7fefa4002000 r--s 00000000 08:09 657861                     /var/cache/fontconfig/0d8c3b2ac0904cb8a57a757ad11a4a08-le64.cache-6
7fefa4002000-7fefa4003000 r--s 00000000 08:09 657859                     /var/cache/fontconfig/1ac9eb803944fde146138c791f5cc56a-le64.cache-6
7fefa4003000-7fefa4004000 r--s 00000000 08:09 657857                     /var/cache/fontconfig/dc05db6664285cc2f12bf69c139ae4c3-le64.cache-6
7fefa4004000-7fefa4007000 r--s 00000000 08:09 657856                     /var/cache/fontconfig/767a8244fc0220cfb567a839d0392e0b-le64.cache-6
7fefa4007000-7fefa4008000 r--s 00000000 08:09 665010                     /var/cache/fontconfig/4794a0821666d79190d59a36cb4f44b5-le64.cache-6
7fefa4008000-7fefa400d000 r--s 00000000 08:09 657854                     /var/cache/fontconfig/8801497958630a81b71ace7c5f9b32a8-le64.cache-6
7fefa400d000-7fefa4048000 r--s 00000000 08:09 657853                     /var/cache/fontconfig/365b55f210c0a22e9a19e35191240f32-le64.cache-6
7fefa4048000-7fefa4049000 r--s 00000000 08:09 657852                     /var/cache/fontconfig/bab58bb527bb656aaa9f116d68a48d89-le64.cache-6
7fefa4049000-7fefa4050000 r--s 00000000 08:09 657851                     /var/cache/fontconfig/3047814df9a2f067bd2d96a2b9c36e5a-le64.cache-6
7fefa4050000-7fefa4051000 r--s 00000000 08:09 657850                     /var/cache/fontconfig/56cf4f4769d0f4abc89a4895d7bd3ae1-le64.cache-6
7fefa4051000-7fefa4052000 r--s 00000000 08:09 657849                     /var/cache/fontconfig/b9d506c9ac06c20b433354fa67a72993-le64.cache-6
7fefa4052000-7fefa4058000 r--s 00000000 08:09 657848                     /var/cache/fontconfig/b47c4e1ecd0709278f4910c18777a504-le64.cache-6
7fefa4058000-7fefa406b000 r--s 00000000 08:09 657847                     /var/cache/fontconfig/d52a8644073d54c13679302ca1180695-le64.cache-6
7fefa406b000-7fefa406c000 r--s 00000000 08:09 657846                     /var/cache/fontconfig/551ecf3b0e8b0bca0f25c0944f561853-le64.cache-6
7fefa406c000-7fefa4070000 r--s 00000000 08:09 656954                     /var/cache/fontconfig/d589a48862398ed80a3d6066f4f56f4c-le64.cache-6
7fefa4070000-7fefa4073000 r--s 00000000 08:09 657841                     /var/cache/fontconfig/75114ca45c98e8a441da0ff356701271-le64.cache-6
7fefa4073000-7fefa407e000 r--s 00000000 08:09 657840                     /var/cache/fontconfig/83bf95040141907cd45bb53cf7c1c148-le64.cache-6
7fefa407e000-7fefa4090000 r--s 00000000 08:09 655814                     /var/cache/fontconfig/9b89f8e3dae116d678bbf48e5f21f69b-le64.cache-6
7fefa4090000-7fefa4e70000 rw-p 00000000 00:00 0 
7fefa4e70000-7fefa5048000 r--s 03d29000 08:09 2236768                    /home/ankurdengla/jdk1.8.0_102/jre/lib/rt.jar
7fefa5048000-7fefa5c99000 rw-p 00000000 00:00 0 
7fefa5c99000-7fefa5c9a000 ---p 00000000 00:00 0 
7fefa5c9a000-7fefa5d9a000 rw-p 00000000 00:00 0 
7fefa5d9a000-7fefa5d9b000 ---p 00000000 00:00 0 
7fefa5d9b000-7fefa5e9b000 rw-p 00000000 00:00 0 
7fefa5e9b000-7fefa5e9c000 ---p 00000000 00:00 0 
7fefa5e9c000-7fefa5f9c000 rw-p 00000000 00:00 0 
7fefa5f9c000-7fefa5f9d000 ---p 00000000 00:00 0 
7fefa5f9d000-7fefa60c7000 rw-p 00000000 00:00 0 
7fefa60c7000-7fefa632f000 ---p 00000000 00:00 0 
7fefa632f000-7fefa6359000 rw-p 00000000 00:00 0 
7fefa6359000-7fefa65c1000 ---p 00000000 00:00 0 
7fefa65c1000-7fefa65d6000 rw-p 00000000 00:00 0 
7fefa65d6000-7fefa670a000 ---p 00000000 00:00 0 
7fefa670a000-7fefa672d000 rw-p 00000000 00:00 0 
7fefa672d000-7fefa6acb000 ---p 00000000 00:00 0 
7fefa6acb000-7fefa6ae5000 r-xp 00000000 08:09 2236805                    /home/ankurdengla/jdk1.8.0_102/jre/lib/amd64/libzip.so
7fefa6ae5000-7fefa6ce5000 ---p 0001a000 08:09 2236805                    /home/ankurdengla/jdk1.8.0_102/jre/lib/amd64/libzip.so
7fefa6ce5000-7fefa6ce6000 rw-p 0001a000 08:09 2236805                    /home/ankurdengla/jdk1.8.0_102/jre/lib/amd64/libzip.so
7fefa6ce6000-7fefa6cf1000 r-xp 00000000 08:09 398526                     /lib/x86_64-linux-gnu/libnss_files-2.23.so
7fefa6cf1000-7fefa6ef0000 ---p 0000b000 08:09 398526                     /lib/x86_64-linux-gnu/libnss_files-2.23.so
7fefa6ef0000-7fefa6ef1000 r--p 0000a000 08:09 398526                     /lib/x86_64-linux-gnu/libnss_files-2.23.so
7fefa6ef1000-7fefa6ef2000 rw-p 0000b000 08:09 398526                     /lib/x86_64-linux-gnu/libnss_files-2.23.so
7fefa6ef2000-7fefa6ef8000 rw-p 00000000 00:00 0 
7fefa6ef8000-7fefa6f03000 r-xp 00000000 08:09 398500                     /lib/x86_64-linux-gnu/libnss_nis-2.23.so
7fefa6f03000-7fefa7102000 ---p 0000b000 08:09 398500                     /lib/x86_64-linux-gnu/libnss_nis-2.23.so
7fefa7102000-7fefa7103000 r--p 0000a000 08:09 398500                     /lib/x86_64-linux-gnu/libnss_nis-2.23.so
7fefa7103000-7fefa7104000 rw-p 0000b000 08:09 398500                     /lib/x86_64-linux-gnu/libnss_nis-2.23.so
7fefa7104000-7fefa711a000 r-xp 00000000 08:09 398502                     /lib/x86_64-linux-gnu/libnsl-2.23.so
7fefa711a000-7fefa7319000 ---p 00016000 08:09 398502                     /lib/x86_64-linux-gnu/libnsl-2.23.so
7fefa7319000-7fefa731a000 r--p 00015000 08:09 398502                     /lib/x86_64-linux-gnu/libnsl-2.23.so
7fefa731a000-7fefa731b000 rw-p 00016000 08:09 398502                     /lib/x86_64-linux-gnu/libnsl-2.23.so
7fefa731b000-7fefa731d000 rw-p 00000000 00:00 0 
7fefa731d000-7fefa7325000 r-xp 00000000 08:09 398537                     /lib/x86_64-linux-gnu/libnss_compat-2.23.so
7fefa7325000-7fefa7524000 ---p 00008000 08:09 398537                     /lib/x86_64-linux-gnu/libnss_compat-2.23.so
7fefa7524000-7fefa7525000 r--p 00007000 08:09 398537                     /lib/x86_64-linux-gnu/libnss_compat-2.23.so
7fefa7525000-7fefa7526000 rw-p 00008000 08:09 398537                     /lib/x86_64-linux-gnu/libnss_compat-2.23.so
7fefa7526000-7fefa7550000 r-xp 00000000 08:09 2236834                    /home/ankurdengla/jdk1.8.0_102/jre/lib/amd64/libjava.so
7fefa7550000-7fefa7750000 ---p 0002a000 08:09 2236834                    /home/ankurdengla/jdk1.8.0_102/jre/lib/amd64/libjava.so
7fefa7750000-7fefa7752000 rw-p 0002a000 08:09 2236834                    /home/ankurdengla/jdk1.8.0_102/jre/lib/amd64/libjava.so
7fefa7752000-7fefa775f000 r-xp 00000000 08:09 2236778                    /home/ankurdengla/jdk1.8.0_102/jre/lib/amd64/libverify.so
7fefa775f000-7fefa795f000 ---p 0000d000 08:09 2236778                    /home/ankurdengla/jdk1.8.0_102/jre/lib/amd64/libverify.so
7fefa795f000-7fefa7961000 rw-p 0000d000 08:09 2236778                    /home/ankurdengla/jdk1.8.0_102/jre/lib/amd64/libverify.so
7fefa7961000-7fefa7968000 r-xp 00000000 08:09 398545                     /lib/x86_64-linux-gnu/librt-2.23.so
7fefa7968000-7fefa7b67000 ---p 00007000 08:09 398545                     /lib/x86_64-linux-gnu/librt-2.23.so
7fefa7b67000-7fefa7b68000 r--p 00006000 08:09 398545                     /lib/x86_64-linux-gnu/librt-2.23.so
7fefa7b68000-7fefa7b69000 rw-p 00007000 08:09 398545                     /lib/x86_64-linux-gnu/librt-2.23.so
7fefa7b69000-7fefa7c71000 r-xp 00000000 08:09 398501                     /lib/x86_64-linux-gnu/libm-2.23.so
7fefa7c71000-7fefa7e70000 ---p 00108000 08:09 398501                     /lib/x86_64-linux-gnu/libm-2.23.so
7fefa7e70000-7fefa7e71000 r--p 00107000 08:09 398501                     /lib/x86_64-linux-gnu/libm-2.23.so
7fefa7e71000-7fefa7e72000 rw-p 00108000 08:09 398501                     /lib/x86_64-linux-gnu/libm-2.23.so
7fefa7e72000-7fefa8b3e000 r-xp 00000000 08:09 2236838                    /home/ankurdengla/jdk1.8.0_102/jre/lib/amd64/server/libjvm.so
7fefa8b3e000-7fefa8d3e000 ---p 00ccc000 08:09 2236838                    /home/ankurdengla/jdk1.8.0_102/jre/lib/amd64/server/libjvm.so
7fefa8d3e000-7fefa8e17000 rw-p 00ccc000 08:09 2236838                    /home/ankurdengla/jdk1.8.0_102/jre/lib/amd64/server/libjvm.so
7fefa8e17000-7fefa8e62000 rw-p 00000000 00:00 0 
7fefa8e62000-7fefa9021000 r-xp 00000000 08:09 398503                     /lib/x86_64-linux-gnu/libc-2.23.so
7fefa9021000-7fefa9221000 ---p 001bf000 08:09 398503                     /lib/x86_64-linux-gnu/libc-2.23.so
7fefa9221000-7fefa9225000 r--p 001bf000 08:09 398503                     /lib/x86_64-linux-gnu/libc-2.23.so
7fefa9225000-7fefa9227000 rw-p 001c3000 08:09 398503                     /lib/x86_64-linux-gnu/libc-2.23.so
7fefa9227000-7fefa922b000 rw-p 00000000 00:00 0 
7fefa922b000-7fefa922e000 r-xp 00000000 08:09 398499                     /lib/x86_64-linux-gnu/libdl-2.23.so
7fefa922e000-7fefa942d000 ---p 00003000 08:09 398499                     /lib/x86_64-linux-gnu/libdl-2.23.so
7fefa942d000-7fefa942e000 r--p 00002000 08:09 398499                     /lib/x86_64-linux-gnu/libdl-2.23.so
7fefa942e000-7fefa942f000 rw-p 00003000 08:09 398499                     /lib/x86_64-linux-gnu/libdl-2.23.so
7fefa942f000-7fefa9444000 r-xp 00000000 08:09 2235686                    /home/ankurdengla/jdk1.8.0_102/lib/amd64/jli/libjli.so
7fefa9444000-7fefa9644000 ---p 00015000 08:09 2235686                    /home/ankurdengla/jdk1.8.0_102/lib/amd64/jli/libjli.so
7fefa9644000-7fefa9645000 rw-p 00015000 08:09 2235686                    /home/ankurdengla/jdk1.8.0_102/lib/amd64/jli/libjli.so
7fefa9645000-7fefa965d000 r-xp 00000000 08:09 398602                     /lib/x86_64-linux-gnu/libpthread-2.23.so
7fefa965d000-7fefa985c000 ---p 00018000 08:09 398602                     /lib/x86_64-linux-gnu/libpthread-2.23.so
7fefa985c000-7fefa985d000 r--p 00017000 08:09 398602                     /lib/x86_64-linux-gnu/libpthread-2.23.so
7fefa985d000-7fefa985e000 rw-p 00018000 08:09 398602                     /lib/x86_64-linux-gnu/libpthread-2.23.so
7fefa985e000-7fefa9862000 rw-p 00000000 00:00 0 
7fefa9862000-7fefa9888000 r-xp 00000000 08:09 398508                     /lib/x86_64-linux-gnu/ld-2.23.so
7fefa9888000-7fefa9889000 r--s 00000000 08:09 657844                     /var/cache/fontconfig/30829fa25452a46451e813d634d7f916-le64.cache-6
7fefa9889000-7fefa9896000 r--s 00000000 08:09 665514                     /var/cache/fontconfig/e13b20fdb08344e0e664864cc2ede53d-le64.cache-6
7fefa9896000-7fefa9961000 rw-p 00000000 00:00 0 
7fefa9961000-7fefa9964000 ---p 00000000 00:00 0 
7fefa9964000-7fefa9a66000 rw-p 00000000 00:00 0 
7fefa9a66000-7fefa9a67000 r--s 00000000 08:09 657843                     /var/cache/fontconfig/0c9eb80ebd1c36541ebe2852d3bb0c49-le64.cache-6
7fefa9a67000-7fefa9a69000 r--s 00000000 08:09 667083                     /var/cache/fontconfig/62f91419b9ebdb6975e7e41ab6412357-le64.cache-6
7fefa9a69000-7fefa9a6d000 r--s 00000000 08:09 660893                     /var/cache/fontconfig/7ef2298fde41cc6eeb7af42e48b7d293-le64.cache-6
7fefa9a6d000-7fefa9a72000 r--s 002f9000 08:09 2236695                    /home/ankurdengla/jdk1.8.0_102/jre/lib/charsets.jar
7fefa9a72000-7fefa9a7a000 r--s 000c4000 08:09 2239289                    /home/ankurdengla/netbeans-8.1/ide/modules/ext/mysql-connector-java-5.1.23-bin.jar
7fefa9a7a000-7fefa9a7b000 r--s 00000000 08:09 2360784                    /home/ankurdengla/netbeans-8.1/java/modules/ext/AbsoluteLayout.jar
7fefa9a7b000-7fefa9a83000 rw-s 00000000 08:09 393949                     /tmp/hsperfdata_ankurdengla/6383
7fefa9a83000-7fefa9a84000 rw-p 00000000 00:00 0 
7fefa9a84000-7fefa9a85000 r--p 00000000 00:00 0 
7fefa9a85000-7fefa9a87000 rw-p 00000000 00:00 0 
7fefa9a87000-7fefa9a88000 r--p 00025000 08:09 398508                     /lib/x86_64-linux-gnu/ld-2.23.so
7fefa9a88000-7fefa9a89000 rw-p 00026000 08:09 398508                     /lib/x86_64-linux-gnu/ld-2.23.so
7fefa9a89000-7fefa9a8a000 rw-p 00000000 00:00 0 
7fffc173d000-7fffc175e000 rw-p 00000000 00:00 0                          [stack]
7fffc177f000-7fffc1781000 r--p 00000000 00:00 0                          [vvar]
7fffc1781000-7fffc1783000 r-xp 00000000 00:00 0                          [vdso]
ffffffffff600000-ffffffffff601000 r-xp 00000000 00:00 0                  [vsyscall]

VM Arguments:
jvm_args: -Dfile.encoding=UTF-8 
java_command: projectmanagementsystem.Startpage
java_class_path (initial): /home/ankurdengla/netbeans-8.1/java/modules/ext/AbsoluteLayout.jar:/home/ankurdengla/netbeans-8.1/ide/modules/ext/mysql-connector-java-5.1.23-bin.jar:/home/ankurdengla/Desktop/ProjectManagementSystem-master/build/classes
Launcher Type: SUN_STANDARD

Environment Variables:
JAVA_HOME=/usr/lib/jvm/java-8-oracle
PATH=/home/ankurdengla/bin:/home/ankurdengla/.local/bin:/usr/local/sbin:/usr/local/bin:/usr/sbin:/usr/bin:/sbin:/bin:/usr/games:/usr/local/games:/snap/bin:/usr/lib/jvm/java-8-oracle/bin:/usr/lib/jvm/java-8-oracle/db/bin:/usr/lib/jvm/java-8-oracle/jre/bin
USERNAME=ankurdengla
LD_LIBRARY_PATH=/home/ankurdengla/jdk1.8.0_102/jre/lib/amd64:/home/ankurdengla/jdk1.8.0_102/jre/lib/i386:
SHELL=/bin/bash
DISPLAY=:1

Signal Handlers:
SIGSEGV: [libjvm.so+0xac5b30], sa_mask[0]=11111111011111111101111111111110, sa_flags=SA_RESTART|SA_SIGINFO
SIGBUS: [libjvm.so+0xac5b30], sa_mask[0]=11111111011111111101111111111110, sa_flags=SA_RESTART|SA_SIGINFO
SIGFPE: [libjvm.so+0x91f470], sa_mask[0]=11111111011111111101111111111110, sa_flags=SA_RESTART|SA_SIGINFO
SIGPIPE: [libjvm.so+0x91f470], sa_mask[0]=11111111011111111101111111111110, sa_flags=SA_RESTART|SA_SIGINFO
SIGXFSZ: [libjvm.so+0x91f470], sa_mask[0]=11111111011111111101111111111110, sa_flags=SA_RESTART|SA_SIGINFO
SIGILL: [libjvm.so+0x91f470], sa_mask[0]=11111111011111111101111111111110, sa_flags=SA_RESTART|SA_SIGINFO
SIGUSR1: SIG_DFL, sa_mask[0]=00000000000000000000000000000000, sa_flags=none
SIGUSR2: [libjvm.so+0x920aa0], sa_mask[0]=00100000000000000000000000000000, sa_flags=SA_RESTART|SA_SIGINFO
SIGHUP: [libjvm.so+0x921ea0], sa_mask[0]=11111111011111111101111111111110, sa_flags=SA_RESTART|SA_SIGINFO
SIGINT: SIG_IGN, sa_mask[0]=00000000000000000000000000000000, sa_flags=none
SIGTERM: [libjvm.so+0x921ea0], sa_mask[0]=11111111011111111101111111111110, sa_flags=SA_RESTART|SA_SIGINFO
SIGQUIT: [libjvm.so+0x921ea0], sa_mask[0]=11111111011111111101111111111110, sa_flags=SA_RESTART|SA_SIGINFO


---------------  S Y S T E M  ---------------

OS:DISTRIB_ID=Ubuntu
DISTRIB_RELEASE=16.04
DISTRIB_CODENAME=xenial
DISTRIB_DESCRIPTION="Ubuntu 16.04.1 LTS"

uname:Linux 4.4.0-75-generic #96-Ubuntu SMP Thu Apr 20 09:56:33 UTC 2017 x86_64
libc:glibc 2.23 NPTL 2.23 
rlimit: STACK 8192k, CORE 0k, NPROC 30232, NOFILE 65536, AS infinity
load average:0.84 0.69 0.49

/proc/meminfo:
MemTotal:        8083640 kB
MemFree:         2644208 kB
MemAvailable:    3972848 kB
Buffers:           78912 kB
Cached:          2982156 kB
SwapCached:          128 kB
Active:          3183960 kB
Inactive:        1985528 kB
Active(anon):    2333072 kB
Inactive(anon):  1340256 kB
Active(file):     850888 kB
Inactive(file):   645272 kB
Unevictable:          32 kB
Mlocked:              32 kB
SwapTotal:       9756668 kB
SwapFree:        9756540 kB
Dirty:               536 kB
Writeback:             0 kB
AnonPages:       2106520 kB
Mapped:           639448 kB
Shmem:           1565124 kB
Slab:             158408 kB
SReclaimable:     105828 kB
SUnreclaim:        52580 kB
KernelStack:        9696 kB
PageTables:        33568 kB
NFS_Unstable:          0 kB
Bounce:                0 kB
WritebackTmp:          0 kB
CommitLimit:    13798488 kB
Committed_AS:    6160204 kB
VmallocTotal:   34359738367 kB
VmallocUsed:           0 kB
VmallocChunk:          0 kB
HardwareCorrupted:     0 kB
AnonHugePages:   1609728 kB
CmaTotal:              0 kB
CmaFree:               0 kB
HugePages_Total:       0
HugePages_Free:        0
HugePages_Rsvd:        0
HugePages_Surp:        0
Hugepagesize:       2048 kB
DirectMap4k:      240504 kB
DirectMap2M:     8056832 kB
DirectMap1G:           0 kB


CPU:total 4 (2 cores per cpu, 2 threads per core) family 6 model 61 stepping 4, cmov, cx8, fxsr, mmx, sse, sse2, sse3, ssse3, sse4.1, sse4.2, popcnt, avx, avx2, aes, clmul, erms, 3dnowpref, lzcnt, ht, tsc, tscinvbit, bmi1, bmi2, adx

/proc/cpuinfo:
processor	: 0
vendor_id	: GenuineIntel
cpu family	: 6
model		: 61
model name	: Intel(R) Core(TM) i5-5200U CPU @ 2.20GHz
stepping	: 4
microcode	: 0x19
cpu MHz		: 2499.921
cache size	: 3072 KB
physical id	: 0
siblings	: 4
core id		: 0
cpu cores	: 2
apicid		: 0
initial apicid	: 0
fpu		: yes
fpu_exception	: yes
cpuid level	: 20
wp		: yes
flags		: fpu vme de pse tsc msr pae mce cx8 apic sep mtrr pge mca cmov pat pse36 clflush dts acpi mmx fxsr sse sse2 ss ht tm pbe syscall nx pdpe1gb rdtscp lm constant_tsc arch_perfmon pebs bts rep_good nopl xtopology nonstop_tsc aperfmperf eagerfpu pni pclmulqdq dtes64 monitor ds_cpl vmx est tm2 ssse3 sdbg fma cx16 xtpr pdcm pcid sse4_1 sse4_2 x2apic movbe popcnt tsc_deadline_timer aes xsave avx f16c rdrand lahf_lm abm 3dnowprefetch epb intel_pt tpr_shadow vnmi flexpriority ept vpid fsgsbase tsc_adjust bmi1 avx2 smep bmi2 erms invpcid rdseed adx smap xsaveopt dtherm ida arat pln pts
bugs		:
bogomips	: 4389.94
clflush size	: 64
cache_alignment	: 64
address sizes	: 39 bits physical, 48 bits virtual
power management:

processor	: 1
vendor_id	: GenuineIntel
cpu family	: 6
model		: 61
model name	: Intel(R) Core(TM) i5-5200U CPU @ 2.20GHz
stepping	: 4
microcode	: 0x19
cpu MHz		: 2499.921
cache size	: 3072 KB
physical id	: 0
siblings	: 4
core id		: 1
cpu cores	: 2
apicid		: 2
initial apicid	: 2
fpu		: yes
fpu_exception	: yes
cpuid level	: 20
wp		: yes
flags		: fpu vme de pse tsc msr pae mce cx8 apic sep mtrr pge mca cmov pat pse36 clflush dts acpi mmx fxsr sse sse2 ss ht tm pbe syscall nx pdpe1gb rdtscp lm constant_tsc arch_perfmon pebs bts rep_good nopl xtopology nonstop_tsc aperfmperf eagerfpu pni pclmulqdq dtes64 monitor ds_cpl vmx est tm2 ssse3 sdbg fma cx16 xtpr pdcm pcid sse4_1 sse4_2 x2apic movbe popcnt tsc_deadline_timer aes xsave avx f16c rdrand lahf_lm abm 3dnowprefetch epb intel_pt tpr_shadow vnmi flexpriority ept vpid fsgsbase tsc_adjust bmi1 avx2 smep bmi2 erms invpcid rdseed adx smap xsaveopt dtherm ida arat pln pts
bugs		:
bogomips	: 4389.94
clflush size	: 64
cache_alignment	: 64
address sizes	: 39 bits physical, 48 bits virtual
power management:

processor	: 2
vendor_id	: GenuineIntel
cpu family	: 6
model		: 61
model name	: Intel(R) Core(TM) i5-5200U CPU @ 2.20GHz
stepping	: 4
microcode	: 0x19
cpu MHz		: 2499.921
cache size	: 3072 KB
physical id	: 0
siblings	: 4
core id		: 0
cpu cores	: 2
apicid		: 1
initial apicid	: 1
fpu		: yes
fpu_exception	: yes
cpuid level	: 20
wp		: yes
flags		: fpu vme de pse tsc msr pae mce cx8 apic sep mtrr pge mca cmov pat pse36 clflush dts acpi mmx fxsr sse sse2 ss ht tm pbe syscall nx pdpe1gb rdtscp lm constant_tsc arch_perfmon pebs bts rep_good nopl xtopology nonstop_tsc aperfmperf eagerfpu pni pclmulqdq dtes64 monitor ds_cpl vmx est tm2 ssse3 sdbg fma cx16 xtpr pdcm pcid sse4_1 sse4_2 x2apic movbe popcnt tsc_deadline_timer aes xsave avx f16c rdrand lahf_lm abm 3dnowprefetch epb intel_pt tpr_shadow vnmi flexpriority ept vpid fsgsbase tsc_adjust bmi1 avx2 smep bmi2 erms invpcid rdseed adx smap xsaveopt dtherm ida arat pln pts
bugs		:
bogomips	: 4389.94
clflush size	: 64
cache_alignment	: 64
address sizes	: 39 bits physical, 48 bits virtual
power management:

processor	: 3
vendor_id	: GenuineIntel
cpu family	: 6
model		: 61
model name	: Intel(R) Core(TM) i5-5200U CPU @ 2.20GHz
stepping	: 4
microcode	: 0x19
cpu MHz		: 2500.007
cache size	: 3072 KB
physical id	: 0
siblings	: 4
core id		: 1
cpu cores	: 2
apicid		: 3
initial apicid	: 3
fpu		: yes
fpu_exception	: yes
cpuid level	: 20
wp		: yes
flags		: fpu vme de pse tsc msr pae mce cx8 apic sep mtrr pge mca cmov pat pse36 clflush dts acpi mmx fxsr sse sse2 ss ht tm pbe syscall nx pdpe1gb rdtscp lm constant_tsc arch_perfmon pebs bts rep_good nopl xtopology nonstop_tsc aperfmperf eagerfpu pni pclmulqdq dtes64 monitor ds_cpl vmx est tm2 ssse3 sdbg fma cx16 xtpr pdcm pcid sse4_1 sse4_2 x2apic movbe popcnt tsc_deadline_timer aes xsave avx f16c rdrand lahf_lm abm 3dnowprefetch epb intel_pt tpr_shadow vnmi flexpriority ept vpid fsgsbase tsc_adjust bmi1 avx2 smep bmi2 erms invpcid rdseed adx smap xsaveopt dtherm ida arat pln pts
bugs		:
bogomips	: 4389.94
clflush size	: 64
cache_alignment	: 64
address sizes	: 39 bits physical, 48 bits virtual
power management:



Memory: 4k page, physical 8083640k(2644208k free), swap 9756668k(9756540k free)

vm_info: Java HotSpot(TM) 64-Bit Server VM (25.102-b14) for linux-amd64 JRE (1.8.0_102-b14), built on Jun 22 2016 18:43:17 by "java_re" with gcc 4.3.0 20080428 (Red Hat 4.3.0-8)

time: Fri Apr 28 07:01:31 2017
elapsed time: 1248 seconds (0d 0h 20m 48s)

